{"/Users/maxisoft/Sites/instantcms-mcp/src/index.ts": {"path":"/Users/maxisoft/Sites/instantcms-mcp/src/index.ts","statementMap":{"0":{"start":{"line":3,"column":0},"end":{"line":3,"column":81}},"1":{"start":{"line":4,"column":0},"end":{"line":4,"column":43}},"2":{"start":{"line":6,"column":15},"end":{"line":6,"column":29}},"3":{"start":{"line":7,"column":18},"end":{"line":7,"column":44}},"4":{"start":{"line":9,"column":0},"end":{"line":14,"column":3}},"5":{"start":{"line":12,"column":2},"end":{"line":12,"column":63}},"6":{"start":{"line":13,"column":2},"end":{"line":13,"column":18}}},"fnMap":{"0":{"name":"(anonymous_0)","decl":{"start":{"line":9,"column":31},"end":{"line":9,"column":34}},"loc":{"start":{"line":9,"column":36},"end":{"line":11,"column":1}}},"1":{"name":"(anonymous_1)","decl":{"start":{"line":11,"column":9},"end":{"line":11,"column":10}},"loc":{"start":{"line":11,"column":17},"end":{"line":14,"column":1}}}},"branchMap":{},"s":{"0":0,"1":0,"2":0,"3":0,"4":0,"5":0,"6":0},"f":{"0":0,"1":0},"b":{}}
,"/Users/maxisoft/Sites/instantcms-mcp/src/server.ts": {"path":"/Users/maxisoft/Sites/instantcms-mcp/src/server.ts","statementMap":{"0":{"start":{"line":26,"column":0},"end":{"line":26,"column":16}},"1":{"start":{"line":1,"column":0},"end":{"line":1,"column":68}},"2":{"start":{"line":2,"column":0},"end":{"line":2,"column":24}},"3":{"start":{"line":4,"column":0},"end":{"line":4,"column":79}},"4":{"start":{"line":5,"column":0},"end":{"line":5,"column":null}},"5":{"start":{"line":13,"column":0},"end":{"line":13,"column":75}},"6":{"start":{"line":14,"column":0},"end":{"line":14,"column":96}},"7":{"start":{"line":15,"column":0},"end":{"line":15,"column":109}},"8":{"start":{"line":16,"column":0},"end":{"line":16,"column":125}},"9":{"start":{"line":17,"column":0},"end":{"line":17,"column":155}},"10":{"start":{"line":18,"column":0},"end":{"line":18,"column":132}},"11":{"start":{"line":19,"column":0},"end":{"line":19,"column":88}},"12":{"start":{"line":20,"column":0},"end":{"line":20,"column":88}},"13":{"start":{"line":22,"column":0},"end":{"line":22,"column":56}},"14":{"start":{"line":23,"column":0},"end":{"line":23,"column":50}},"15":{"start":{"line":24,"column":0},"end":{"line":24,"column":71}},"16":{"start":{"line":28,"column":17},"end":{"line":32,"column":4}},"17":{"start":{"line":39,"column":2},"end":{"line":56,"column":4}},"18":{"start":{"line":48,"column":21},"end":{"line":48,"column":50}},"19":{"start":{"line":49,"column":6},"end":{"line":54,"column":8}},"20":{"start":{"line":59,"column":2},"end":{"line":83,"column":4}},"21":{"start":{"line":75,"column":21},"end":{"line":75,"column":79}},"22":{"start":{"line":76,"column":6},"end":{"line":81,"column":8}},"23":{"start":{"line":86,"column":2},"end":{"line":104,"column":4}},"24":{"start":{"line":96,"column":21},"end":{"line":96,"column":46}},"25":{"start":{"line":97,"column":6},"end":{"line":102,"column":8}},"26":{"start":{"line":107,"column":2},"end":{"line":122,"column":4}},"27":{"start":{"line":114,"column":21},"end":{"line":114,"column":46}},"28":{"start":{"line":115,"column":6},"end":{"line":120,"column":8}},"29":{"start":{"line":125,"column":2},"end":{"line":140,"column":4}},"30":{"start":{"line":132,"column":21},"end":{"line":132,"column":39}},"31":{"start":{"line":133,"column":6},"end":{"line":138,"column":8}},"32":{"start":{"line":143,"column":2},"end":{"line":159,"column":4}},"33":{"start":{"line":151,"column":21},"end":{"line":151,"column":52}},"34":{"start":{"line":152,"column":6},"end":{"line":157,"column":8}},"35":{"start":{"line":162,"column":2},"end":{"line":175,"column":4}},"36":{"start":{"line":167,"column":21},"end":{"line":167,"column":37}},"37":{"start":{"line":168,"column":6},"end":{"line":173,"column":8}},"38":{"start":{"line":178,"column":2},"end":{"line":194,"column":4}},"39":{"start":{"line":186,"column":21},"end":{"line":186,"column":41}},"40":{"start":{"line":187,"column":6},"end":{"line":192,"column":8}},"41":{"start":{"line":197,"column":2},"end":{"line":213,"column":4}},"42":{"start":{"line":205,"column":21},"end":{"line":205,"column":46}},"43":{"start":{"line":206,"column":6},"end":{"line":211,"column":8}},"44":{"start":{"line":216,"column":2},"end":{"line":232,"column":4}},"45":{"start":{"line":224,"column":21},"end":{"line":224,"column":41}},"46":{"start":{"line":225,"column":6},"end":{"line":230,"column":8}},"47":{"start":{"line":235,"column":2},"end":{"line":252,"column":4}},"48":{"start":{"line":244,"column":21},"end":{"line":244,"column":43}},"49":{"start":{"line":245,"column":6},"end":{"line":250,"column":8}},"50":{"start":{"line":255,"column":2},"end":{"line":282,"column":4}},"51":{"start":{"line":260,"column":6},"end":{"line":280,"column":8}},"52":{"start":{"line":285,"column":2},"end":{"line":375,"column":4}},"53":{"start":{"line":348,"column":6},"end":{"line":365,"column":7}},"54":{"start":{"line":350,"column":18},"end":{"line":350,"column":39}},"55":{"start":{"line":351,"column":8},"end":{"line":351,"column":73}},"56":{"start":{"line":352,"column":13},"end":{"line":365,"column":7}},"57":{"start":{"line":353,"column":8},"end":{"line":353,"column":57}},"58":{"start":{"line":356,"column":8},"end":{"line":364,"column":10}},"59":{"start":{"line":367,"column":21},"end":{"line":367,"column":94}},"60":{"start":{"line":368,"column":6},"end":{"line":373,"column":8}},"61":{"start":{"line":378,"column":2},"end":{"line":390,"column":4}},"62":{"start":{"line":383,"column":6},"end":{"line":388,"column":8}},"63":{"start":{"line":393,"column":2},"end":{"line":408,"column":4}},"64":{"start":{"line":400,"column":21},"end":{"line":400,"column":51}},"65":{"start":{"line":401,"column":6},"end":{"line":406,"column":8}},"66":{"start":{"line":411,"column":2},"end":{"line":426,"column":4}},"67":{"start":{"line":418,"column":21},"end":{"line":418,"column":46}},"68":{"start":{"line":419,"column":6},"end":{"line":424,"column":8}},"69":{"start":{"line":429,"column":2},"end":{"line":442,"column":4}},"70":{"start":{"line":434,"column":21},"end":{"line":434,"column":39}},"71":{"start":{"line":435,"column":6},"end":{"line":440,"column":8}},"72":{"start":{"line":445,"column":2},"end":{"line":458,"column":4}},"73":{"start":{"line":450,"column":21},"end":{"line":450,"column":41}},"74":{"start":{"line":451,"column":6},"end":{"line":456,"column":8}},"75":{"start":{"line":461,"column":2},"end":{"line":477,"column":4}},"76":{"start":{"line":469,"column":21},"end":{"line":469,"column":50}},"77":{"start":{"line":470,"column":6},"end":{"line":475,"column":8}},"78":{"start":{"line":480,"column":2},"end":{"line":495,"column":4}},"79":{"start":{"line":487,"column":21},"end":{"line":487,"column":44}},"80":{"start":{"line":488,"column":6},"end":{"line":493,"column":8}},"81":{"start":{"line":498,"column":2},"end":{"line":514,"column":4}},"82":{"start":{"line":506,"column":21},"end":{"line":506,"column":57}},"83":{"start":{"line":507,"column":6},"end":{"line":512,"column":8}},"84":{"start":{"line":517,"column":2},"end":{"line":530,"column":4}},"85":{"start":{"line":522,"column":21},"end":{"line":522,"column":39}},"86":{"start":{"line":523,"column":6},"end":{"line":528,"column":8}},"87":{"start":{"line":540,"column":2},"end":{"line":555,"column":4}},"88":{"start":{"line":547,"column":21},"end":{"line":547,"column":49}},"89":{"start":{"line":548,"column":6},"end":{"line":553,"column":8}},"90":{"start":{"line":558,"column":2},"end":{"line":571,"column":4}},"91":{"start":{"line":563,"column":21},"end":{"line":563,"column":44}},"92":{"start":{"line":564,"column":6},"end":{"line":569,"column":8}},"93":{"start":{"line":574,"column":2},"end":{"line":589,"column":4}},"94":{"start":{"line":581,"column":21},"end":{"line":581,"column":57}},"95":{"start":{"line":582,"column":6},"end":{"line":587,"column":8}},"96":{"start":{"line":592,"column":2},"end":{"line":605,"column":4}},"97":{"start":{"line":597,"column":21},"end":{"line":597,"column":49}},"98":{"start":{"line":598,"column":6},"end":{"line":603,"column":8}},"99":{"start":{"line":608,"column":2},"end":{"line":623,"column":4}},"100":{"start":{"line":615,"column":21},"end":{"line":615,"column":53}},"101":{"start":{"line":616,"column":6},"end":{"line":621,"column":8}},"102":{"start":{"line":626,"column":2},"end":{"line":646,"column":4}},"103":{"start":{"line":638,"column":21},"end":{"line":638,"column":123}},"104":{"start":{"line":639,"column":6},"end":{"line":644,"column":8}},"105":{"start":{"line":653,"column":2},"end":{"line":668,"column":4}},"106":{"start":{"line":660,"column":21},"end":{"line":660,"column":44}},"107":{"start":{"line":661,"column":6},"end":{"line":666,"column":8}},"108":{"start":{"line":671,"column":2},"end":{"line":686,"column":4}},"109":{"start":{"line":678,"column":21},"end":{"line":678,"column":40}},"110":{"start":{"line":679,"column":6},"end":{"line":684,"column":8}},"111":{"start":{"line":689,"column":2},"end":{"line":704,"column":4}},"112":{"start":{"line":696,"column":21},"end":{"line":696,"column":42}},"113":{"start":{"line":697,"column":6},"end":{"line":702,"column":8}},"114":{"start":{"line":707,"column":2},"end":{"line":722,"column":4}},"115":{"start":{"line":714,"column":21},"end":{"line":714,"column":39}},"116":{"start":{"line":715,"column":6},"end":{"line":720,"column":8}},"117":{"start":{"line":725,"column":2},"end":{"line":738,"column":4}},"118":{"start":{"line":730,"column":21},"end":{"line":730,"column":33}},"119":{"start":{"line":731,"column":6},"end":{"line":736,"column":8}},"120":{"start":{"line":741,"column":2},"end":{"line":756,"column":4}},"121":{"start":{"line":748,"column":21},"end":{"line":748,"column":39}},"122":{"start":{"line":749,"column":6},"end":{"line":754,"column":8}},"123":{"start":{"line":759,"column":2},"end":{"line":774,"column":4}},"124":{"start":{"line":766,"column":21},"end":{"line":766,"column":43}},"125":{"start":{"line":767,"column":6},"end":{"line":772,"column":8}},"126":{"start":{"line":777,"column":2},"end":{"line":799,"column":4}},"127":{"start":{"line":791,"column":21},"end":{"line":791,"column":52}},"128":{"start":{"line":792,"column":6},"end":{"line":797,"column":8}},"129":{"start":{"line":802,"column":2},"end":{"line":817,"column":4}},"130":{"start":{"line":809,"column":21},"end":{"line":809,"column":57}},"131":{"start":{"line":810,"column":6},"end":{"line":815,"column":8}},"132":{"start":{"line":820,"column":2},"end":{"line":835,"column":4}},"133":{"start":{"line":827,"column":21},"end":{"line":827,"column":52}},"134":{"start":{"line":828,"column":6},"end":{"line":833,"column":8}},"135":{"start":{"line":838,"column":2},"end":{"line":853,"column":4}},"136":{"start":{"line":845,"column":21},"end":{"line":845,"column":48}},"137":{"start":{"line":846,"column":6},"end":{"line":851,"column":8}},"138":{"start":{"line":859,"column":2},"end":{"line":870,"column":4}},"139":{"start":{"line":863,"column":17},"end":{"line":869,"column":6}},"140":{"start":{"line":872,"column":2},"end":{"line":883,"column":4}},"141":{"start":{"line":876,"column":17},"end":{"line":882,"column":6}},"142":{"start":{"line":885,"column":2},"end":{"line":896,"column":4}},"143":{"start":{"line":889,"column":17},"end":{"line":895,"column":6}},"144":{"start":{"line":898,"column":2},"end":{"line":962,"column":4}},"145":{"start":{"line":902,"column":17},"end":{"line":961,"column":6}},"146":{"start":{"line":964,"column":2},"end":{"line":964,"column":16}}},"fnMap":{"0":{"name":"createServer","decl":{"start":{"line":26,"column":16},"end":{"line":26,"column":28}},"loc":{"start":{"line":26,"column":28},"end":{"line":965,"column":1}}},"1":{"name":"(anonymous_1)","decl":{"start":{"line":47,"column":4},"end":{"line":47,"column":9}},"loc":{"start":{"line":47,"column":29},"end":{"line":55,"column":5}}},"2":{"name":"(anonymous_2)","decl":{"start":{"line":74,"column":4},"end":{"line":74,"column":9}},"loc":{"start":{"line":74,"column":19},"end":{"line":82,"column":5}}},"3":{"name":"(anonymous_3)","decl":{"start":{"line":95,"column":4},"end":{"line":95,"column":9}},"loc":{"start":{"line":95,"column":33},"end":{"line":103,"column":5}}},"4":{"name":"(anonymous_4)","decl":{"start":{"line":113,"column":4},"end":{"line":113,"column":9}},"loc":{"start":{"line":113,"column":28},"end":{"line":121,"column":5}}},"5":{"name":"(anonymous_5)","decl":{"start":{"line":131,"column":4},"end":{"line":131,"column":9}},"loc":{"start":{"line":131,"column":24},"end":{"line":139,"column":5}}},"6":{"name":"(anonymous_6)","decl":{"start":{"line":150,"column":4},"end":{"line":150,"column":9}},"loc":{"start":{"line":150,"column":33},"end":{"line":158,"column":5}}},"7":{"name":"(anonymous_7)","decl":{"start":{"line":166,"column":4},"end":{"line":166,"column":9}},"loc":{"start":{"line":166,"column":15},"end":{"line":174,"column":5}}},"8":{"name":"(anonymous_8)","decl":{"start":{"line":185,"column":4},"end":{"line":185,"column":9}},"loc":{"start":{"line":185,"column":24},"end":{"line":193,"column":5}}},"9":{"name":"(anonymous_9)","decl":{"start":{"line":204,"column":4},"end":{"line":204,"column":9}},"loc":{"start":{"line":204,"column":29},"end":{"line":212,"column":5}}},"10":{"name":"(anonymous_10)","decl":{"start":{"line":223,"column":4},"end":{"line":223,"column":9}},"loc":{"start":{"line":223,"column":23},"end":{"line":231,"column":5}}},"11":{"name":"(anonymous_11)","decl":{"start":{"line":243,"column":4},"end":{"line":243,"column":9}},"loc":{"start":{"line":243,"column":19},"end":{"line":251,"column":5}}},"12":{"name":"(anonymous_12)","decl":{"start":{"line":259,"column":4},"end":{"line":259,"column":9}},"loc":{"start":{"line":259,"column":15},"end":{"line":281,"column":5}}},"13":{"name":"(anonymous_13)","decl":{"start":{"line":345,"column":4},"end":{"line":345,"column":9}},"loc":{"start":{"line":345,"column":41},"end":{"line":374,"column":5}}},"14":{"name":"(anonymous_14)","decl":{"start":{"line":382,"column":4},"end":{"line":382,"column":9}},"loc":{"start":{"line":382,"column":15},"end":{"line":389,"column":5}}},"15":{"name":"(anonymous_15)","decl":{"start":{"line":399,"column":4},"end":{"line":399,"column":9}},"loc":{"start":{"line":399,"column":29},"end":{"line":407,"column":5}}},"16":{"name":"(anonymous_16)","decl":{"start":{"line":417,"column":4},"end":{"line":417,"column":9}},"loc":{"start":{"line":417,"column":29},"end":{"line":425,"column":5}}},"17":{"name":"(anonymous_17)","decl":{"start":{"line":433,"column":4},"end":{"line":433,"column":9}},"loc":{"start":{"line":433,"column":15},"end":{"line":441,"column":5}}},"18":{"name":"(anonymous_18)","decl":{"start":{"line":449,"column":4},"end":{"line":449,"column":9}},"loc":{"start":{"line":449,"column":15},"end":{"line":457,"column":5}}},"19":{"name":"(anonymous_19)","decl":{"start":{"line":468,"column":4},"end":{"line":468,"column":9}},"loc":{"start":{"line":468,"column":29},"end":{"line":476,"column":5}}},"20":{"name":"(anonymous_20)","decl":{"start":{"line":486,"column":4},"end":{"line":486,"column":9}},"loc":{"start":{"line":486,"column":25},"end":{"line":494,"column":5}}},"21":{"name":"(anonymous_21)","decl":{"start":{"line":505,"column":4},"end":{"line":505,"column":9}},"loc":{"start":{"line":505,"column":29},"end":{"line":513,"column":5}}},"22":{"name":"(anonymous_22)","decl":{"start":{"line":521,"column":4},"end":{"line":521,"column":9}},"loc":{"start":{"line":521,"column":15},"end":{"line":529,"column":5}}},"23":{"name":"(anonymous_23)","decl":{"start":{"line":546,"column":4},"end":{"line":546,"column":9}},"loc":{"start":{"line":546,"column":22},"end":{"line":554,"column":5}}},"24":{"name":"(anonymous_24)","decl":{"start":{"line":562,"column":4},"end":{"line":562,"column":9}},"loc":{"start":{"line":562,"column":15},"end":{"line":570,"column":5}}},"25":{"name":"(anonymous_25)","decl":{"start":{"line":580,"column":4},"end":{"line":580,"column":9}},"loc":{"start":{"line":580,"column":29},"end":{"line":588,"column":5}}},"26":{"name":"(anonymous_26)","decl":{"start":{"line":596,"column":4},"end":{"line":596,"column":9}},"loc":{"start":{"line":596,"column":15},"end":{"line":604,"column":5}}},"27":{"name":"(anonymous_27)","decl":{"start":{"line":614,"column":4},"end":{"line":614,"column":9}},"loc":{"start":{"line":614,"column":26},"end":{"line":622,"column":5}}},"28":{"name":"(anonymous_28)","decl":{"start":{"line":637,"column":4},"end":{"line":637,"column":9}},"loc":{"start":{"line":637,"column":73},"end":{"line":645,"column":5}}},"29":{"name":"(anonymous_29)","decl":{"start":{"line":659,"column":4},"end":{"line":659,"column":9}},"loc":{"start":{"line":659,"column":29},"end":{"line":667,"column":5}}},"30":{"name":"(anonymous_30)","decl":{"start":{"line":677,"column":4},"end":{"line":677,"column":9}},"loc":{"start":{"line":677,"column":23},"end":{"line":685,"column":5}}},"31":{"name":"(anonymous_31)","decl":{"start":{"line":695,"column":4},"end":{"line":695,"column":9}},"loc":{"start":{"line":695,"column":28},"end":{"line":703,"column":5}}},"32":{"name":"(anonymous_32)","decl":{"start":{"line":713,"column":4},"end":{"line":713,"column":9}},"loc":{"start":{"line":713,"column":23},"end":{"line":721,"column":5}}},"33":{"name":"(anonymous_33)","decl":{"start":{"line":729,"column":4},"end":{"line":729,"column":9}},"loc":{"start":{"line":729,"column":15},"end":{"line":737,"column":5}}},"34":{"name":"(anonymous_34)","decl":{"start":{"line":747,"column":4},"end":{"line":747,"column":9}},"loc":{"start":{"line":747,"column":23},"end":{"line":755,"column":5}}},"35":{"name":"(anonymous_35)","decl":{"start":{"line":765,"column":4},"end":{"line":765,"column":9}},"loc":{"start":{"line":765,"column":29},"end":{"line":773,"column":5}}},"36":{"name":"(anonymous_36)","decl":{"start":{"line":790,"column":4},"end":{"line":790,"column":9}},"loc":{"start":{"line":790,"column":31},"end":{"line":798,"column":5}}},"37":{"name":"(anonymous_37)","decl":{"start":{"line":808,"column":4},"end":{"line":808,"column":9}},"loc":{"start":{"line":808,"column":29},"end":{"line":816,"column":5}}},"38":{"name":"(anonymous_38)","decl":{"start":{"line":826,"column":4},"end":{"line":826,"column":9}},"loc":{"start":{"line":826,"column":30},"end":{"line":834,"column":5}}},"39":{"name":"(anonymous_39)","decl":{"start":{"line":844,"column":4},"end":{"line":844,"column":9}},"loc":{"start":{"line":844,"column":23},"end":{"line":852,"column":5}}},"40":{"name":"(anonymous_40)","decl":{"start":{"line":863,"column":4},"end":{"line":863,"column":9}},"loc":{"start":{"line":863,"column":17},"end":{"line":869,"column":6}}},"41":{"name":"(anonymous_41)","decl":{"start":{"line":876,"column":4},"end":{"line":876,"column":9}},"loc":{"start":{"line":876,"column":17},"end":{"line":882,"column":6}}},"42":{"name":"(anonymous_42)","decl":{"start":{"line":889,"column":4},"end":{"line":889,"column":9}},"loc":{"start":{"line":889,"column":17},"end":{"line":895,"column":6}}},"43":{"name":"(anonymous_43)","decl":{"start":{"line":902,"column":4},"end":{"line":902,"column":9}},"loc":{"start":{"line":902,"column":17},"end":{"line":961,"column":6}}}},"branchMap":{"0":{"loc":{"start":{"line":348,"column":6},"end":{"line":365,"column":7}},"type":"if","locations":[{"start":{"line":348,"column":6},"end":{"line":365,"column":7}},{"start":{"line":352,"column":13},"end":{"line":365,"column":7}}]},"1":{"loc":{"start":{"line":348,"column":10},"end":{"line":348,"column":25}},"type":"binary-expr","locations":[{"start":{"line":348,"column":10},"end":{"line":348,"column":16}},{"start":{"line":348,"column":20},"end":{"line":348,"column":25}}]},"2":{"loc":{"start":{"line":351,"column":41},"end":{"line":351,"column":70}},"type":"binary-expr","locations":[{"start":{"line":351,"column":41},"end":{"line":351,"column":49}},{"start":{"line":351,"column":53},"end":{"line":351,"column":70}}]},"3":{"loc":{"start":{"line":352,"column":13},"end":{"line":365,"column":7}},"type":"if","locations":[{"start":{"line":352,"column":13},"end":{"line":365,"column":7}},{"start":{"line":354,"column":13},"end":{"line":365,"column":7}}]},"4":{"loc":{"start":{"line":353,"column":28},"end":{"line":353,"column":48}},"type":"binary-expr","locations":[{"start":{"line":353,"column":28},"end":{"line":353,"column":36}},{"start":{"line":353,"column":40},"end":{"line":353,"column":48}}]}},"s":{"0":0,"1":0,"2":0,"3":0,"4":0,"5":0,"6":0,"7":0,"8":0,"9":0,"10":0,"11":0,"12":0,"13":0,"14":0,"15":0,"16":0,"17":0,"18":0,"19":0,"20":0,"21":0,"22":0,"23":0,"24":0,"25":0,"26":0,"27":0,"28":0,"29":0,"30":0,"31":0,"32":0,"33":0,"34":0,"35":0,"36":0,"37":0,"38":0,"39":0,"40":0,"41":0,"42":0,"43":0,"44":0,"45":0,"46":0,"47":0,"48":0,"49":0,"50":0,"51":0,"52":0,"53":0,"54":0,"55":0,"56":0,"57":0,"58":0,"59":0,"60":0,"61":0,"62":0,"63":0,"64":0,"65":0,"66":0,"67":0,"68":0,"69":0,"70":0,"71":0,"72":0,"73":0,"74":0,"75":0,"76":0,"77":0,"78":0,"79":0,"80":0,"81":0,"82":0,"83":0,"84":0,"85":0,"86":0,"87":0,"88":0,"89":0,"90":0,"91":0,"92":0,"93":0,"94":0,"95":0,"96":0,"97":0,"98":0,"99":0,"100":0,"101":0,"102":0,"103":0,"104":0,"105":0,"106":0,"107":0,"108":0,"109":0,"110":0,"111":0,"112":0,"113":0,"114":0,"115":0,"116":0,"117":0,"118":0,"119":0,"120":0,"121":0,"122":0,"123":0,"124":0,"125":0,"126":0,"127":0,"128":0,"129":0,"130":0,"131":0,"132":0,"133":0,"134":0,"135":0,"136":0,"137":0,"138":0,"139":0,"140":0,"141":0,"142":0,"143":0,"144":0,"145":0,"146":0},"f":{"0":0,"1":0,"2":0,"3":0,"4":0,"5":0,"6":0,"7":0,"8":0,"9":0,"10":0,"11":0,"12":0,"13":0,"14":0,"15":0,"16":0,"17":0,"18":0,"19":0,"20":0,"21":0,"22":0,"23":0,"24":0,"25":0,"26":0,"27":0,"28":0,"29":0,"30":0,"31":0,"32":0,"33":0,"34":0,"35":0,"36":0,"37":0,"38":0,"39":0,"40":0,"41":0,"42":0,"43":0},"b":{"0":[0,0],"1":[0,0],"2":[0,0],"3":[0,0],"4":[0,0]}}
,"/Users/maxisoft/Sites/instantcms-mcp/src/data/components.ts": {"path":"/Users/maxisoft/Sites/instantcms-mcp/src/data/components.ts","statementMap":{"0":{"start":{"line":27,"column":13},"end":{"line":2501,"column":2}}},"fnMap":{},"branchMap":{},"s":{"0":1},"f":{},"b":{}}
,"/Users/maxisoft/Sites/instantcms-mcp/src/data/controllers-map.ts": {"path":"/Users/maxisoft/Sites/instantcms-mcp/src/data/controllers-map.ts","statementMap":{"0":{"start":{"line":7617,"column":0},"end":{"line":7617,"column":16}},"1":{"start":{"line":7624,"column":0},"end":{"line":7624,"column":16}},"2":{"start":{"line":7629,"column":0},"end":{"line":7629,"column":16}},"3":{"start":{"line":7633,"column":0},"end":{"line":7633,"column":16}},"4":{"start":{"line":34,"column":13},"end":{"line":7615,"column":2}},"5":{"start":{"line":7618,"column":2},"end":{"line":7620,"column":3}},"6":{"start":{"line":7619,"column":4},"end":{"line":7619,"column":84}},"7":{"start":{"line":7619,"column":48},"end":{"line":7619,"column":82}},"8":{"start":{"line":7621,"column":2},"end":{"line":7621,"column":63}},"9":{"start":{"line":7621,"column":46},"end":{"line":7621,"column":61}},"10":{"start":{"line":7625,"column":15},"end":{"line":7625,"column":40}},"11":{"start":{"line":7626,"column":2},"end":{"line":7626,"column":29}},"12":{"start":{"line":7630,"column":2},"end":{"line":7630,"column":93}},"13":{"start":{"line":7630,"column":48},"end":{"line":7630,"column":91}},"14":{"start":{"line":7634,"column":2},"end":{"line":7634,"column":70}},"15":{"start":{"line":7634,"column":48},"end":{"line":7634,"column":68}}},"fnMap":{"0":{"name":"getController","decl":{"start":{"line":7617,"column":16},"end":{"line":7617,"column":29}},"loc":{"start":{"line":7617,"column":73},"end":{"line":7622,"column":1}}},"1":{"name":"(anonymous_1)","decl":{"start":{"line":7619,"column":43},"end":{"line":7619,"column":44}},"loc":{"start":{"line":7619,"column":48},"end":{"line":7619,"column":82}}},"2":{"name":"(anonymous_2)","decl":{"start":{"line":7621,"column":41},"end":{"line":7621,"column":42}},"loc":{"start":{"line":7621,"column":46},"end":{"line":7621,"column":61}}},"3":{"name":"getControllerActions","decl":{"start":{"line":7624,"column":16},"end":{"line":7624,"column":36}},"loc":{"start":{"line":7624,"column":80},"end":{"line":7627,"column":1}}},"4":{"name":"getControllersWithBackend","decl":{"start":{"line":7629,"column":16},"end":{"line":7629,"column":41}},"loc":{"start":{"line":7629,"column":41},"end":{"line":7631,"column":1}}},"5":{"name":"(anonymous_5)","decl":{"start":{"line":7630,"column":43},"end":{"line":7630,"column":44}},"loc":{"start":{"line":7630,"column":48},"end":{"line":7630,"column":91}}},"6":{"name":"getBackendControllers","decl":{"start":{"line":7633,"column":16},"end":{"line":7633,"column":37}},"loc":{"start":{"line":7633,"column":37},"end":{"line":7635,"column":1}}},"7":{"name":"(anonymous_7)","decl":{"start":{"line":7634,"column":43},"end":{"line":7634,"column":44}},"loc":{"start":{"line":7634,"column":48},"end":{"line":7634,"column":68}}}},"branchMap":{"0":{"loc":{"start":{"line":7618,"column":2},"end":{"line":7620,"column":3}},"type":"if","locations":[{"start":{"line":7618,"column":2},"end":{"line":7620,"column":3}},{"start":{},"end":{}}]},"1":{"loc":{"start":{"line":7619,"column":48},"end":{"line":7619,"column":82}},"type":"binary-expr","locations":[{"start":{"line":7619,"column":48},"end":{"line":7619,"column":63}},{"start":{"line":7619,"column":67},"end":{"line":7619,"column":82}}]},"2":{"loc":{"start":{"line":7626,"column":9},"end":{"line":7626,"column":28}},"type":"binary-expr","locations":[{"start":{"line":7626,"column":9},"end":{"line":7626,"column":22}},{"start":{"line":7626,"column":26},"end":{"line":7626,"column":28}}]},"3":{"loc":{"start":{"line":7630,"column":48},"end":{"line":7630,"column":91}},"type":"binary-expr","locations":[{"start":{"line":7630,"column":48},"end":{"line":7630,"column":69}},{"start":{"line":7630,"column":73},"end":{"line":7630,"column":91}}]}},"s":{"0":1,"1":1,"2":1,"3":1,"4":1,"5":3,"6":1,"7":4,"8":2,"9":26,"10":0,"11":0,"12":0,"13":0,"14":0,"15":0},"f":{"0":3,"1":4,"2":26,"3":0,"4":0,"5":0,"6":0,"7":0},"b":{"0":[1,2],"1":[4,2],"2":[0,0],"3":[0,0]}}
,"/Users/maxisoft/Sites/instantcms-mcp/src/data/core-api.ts": {"path":"/Users/maxisoft/Sites/instantcms-mcp/src/data/core-api.ts","statementMap":{"0":{"start":{"line":14,"column":13},"end":{"line":323,"column":2}},"1":{"start":{"line":325,"column":13},"end":{"line":6729,"column":2}}},"fnMap":{},"branchMap":{},"s":{"0":1,"1":1},"f":{},"b":{}}
,"/Users/maxisoft/Sites/instantcms-mcp/src/data/database-schema.ts": {"path":"/Users/maxisoft/Sites/instantcms-mcp/src/data/database-schema.ts","statementMap":{"0":{"start":{"line":4585,"column":0},"end":{"line":4585,"column":16}},"1":{"start":{"line":4589,"column":0},"end":{"line":4589,"column":16}},"2":{"start":{"line":34,"column":13},"end":{"line":4583,"column":2}},"3":{"start":{"line":4586,"column":2},"end":{"line":4586,"column":58}},"4":{"start":{"line":4586,"column":41},"end":{"line":4586,"column":56}},"5":{"start":{"line":4590,"column":2},"end":{"line":4590,"column":70}},"6":{"start":{"line":4590,"column":43},"end":{"line":4590,"column":68}}},"fnMap":{"0":{"name":"getTable","decl":{"start":{"line":4585,"column":16},"end":{"line":4585,"column":24}},"loc":{"start":{"line":4585,"column":37},"end":{"line":4587,"column":1}}},"1":{"name":"(anonymous_1)","decl":{"start":{"line":4586,"column":36},"end":{"line":4586,"column":37}},"loc":{"start":{"line":4586,"column":41},"end":{"line":4586,"column":56}}},"2":{"name":"getTablesByPrefix","decl":{"start":{"line":4589,"column":16},"end":{"line":4589,"column":33}},"loc":{"start":{"line":4589,"column":48},"end":{"line":4591,"column":1}}},"3":{"name":"(anonymous_3)","decl":{"start":{"line":4590,"column":38},"end":{"line":4590,"column":39}},"loc":{"start":{"line":4590,"column":43},"end":{"line":4590,"column":68}}}},"branchMap":{},"s":{"0":1,"1":1,"2":1,"3":0,"4":0,"5":0,"6":0},"f":{"0":0,"1":0,"2":0,"3":0},"b":{}}
,"/Users/maxisoft/Sites/instantcms-mcp/src/data/events-map.ts": {"path":"/Users/maxisoft/Sites/instantcms-mcp/src/data/events-map.ts","statementMap":{"0":{"start":{"line":1344,"column":0},"end":{"line":1344,"column":16}},"1":{"start":{"line":1348,"column":0},"end":{"line":1348,"column":16}},"2":{"start":{"line":1352,"column":0},"end":{"line":1352,"column":16}},"3":{"start":{"line":21,"column":13},"end":{"line":1342,"column":2}},"4":{"start":{"line":1345,"column":2},"end":{"line":1345,"column":50}},"5":{"start":{"line":1349,"column":2},"end":{"line":1349,"column":38}},"6":{"start":{"line":1353,"column":2},"end":{"line":1353,"column":40}}},"fnMap":{"0":{"name":"getEventsByController","decl":{"start":{"line":1344,"column":16},"end":{"line":1344,"column":37}},"loc":{"start":{"line":1344,"column":56},"end":{"line":1346,"column":1}}},"1":{"name":"getEventInfo","decl":{"start":{"line":1348,"column":16},"end":{"line":1348,"column":28}},"loc":{"start":{"line":1348,"column":46},"end":{"line":1350,"column":1}}},"2":{"name":"isEventExists","decl":{"start":{"line":1352,"column":16},"end":{"line":1352,"column":29}},"loc":{"start":{"line":1352,"column":47},"end":{"line":1354,"column":1}}}},"branchMap":{"0":{"loc":{"start":{"line":1345,"column":9},"end":{"line":1345,"column":49}},"type":"binary-expr","locations":[{"start":{"line":1345,"column":9},"end":{"line":1345,"column":43}},{"start":{"line":1345,"column":47},"end":{"line":1345,"column":49}}]}},"s":{"0":1,"1":1,"2":1,"3":1,"4":0,"5":0,"6":0},"f":{"0":0,"1":0,"2":0},"b":{"0":[0,0]}}
,"/Users/maxisoft/Sites/instantcms-mcp/src/data/fields-map.ts": {"path":"/Users/maxisoft/Sites/instantcms-mcp/src/data/fields-map.ts","statementMap":{"0":{"start":{"line":3715,"column":0},"end":{"line":3715,"column":16}},"1":{"start":{"line":3719,"column":0},"end":{"line":3719,"column":16}},"2":{"start":{"line":3723,"column":0},"end":{"line":3723,"column":16}},"3":{"start":{"line":3727,"column":0},"end":{"line":3727,"column":16}},"4":{"start":{"line":3731,"column":0},"end":{"line":3731,"column":16}},"5":{"start":{"line":51,"column":13},"end":{"line":3713,"column":2}},"6":{"start":{"line":3716,"column":2},"end":{"line":3716,"column":32}},"7":{"start":{"line":3720,"column":2},"end":{"line":3720,"column":43}},"8":{"start":{"line":3720,"column":35},"end":{"line":3720,"column":41}},"9":{"start":{"line":3724,"column":2},"end":{"line":3724,"column":32}},"10":{"start":{"line":3728,"column":2},"end":{"line":3728,"column":41}},"11":{"start":{"line":3732,"column":2},"end":{"line":3732,"column":66}},"12":{"start":{"line":3732,"column":36},"end":{"line":3732,"column":64}}},"fnMap":{"0":{"name":"getField","decl":{"start":{"line":3715,"column":16},"end":{"line":3715,"column":24}},"loc":{"start":{"line":3715,"column":37},"end":{"line":3717,"column":1}}},"1":{"name":"getFieldTypes","decl":{"start":{"line":3719,"column":16},"end":{"line":3719,"column":29}},"loc":{"start":{"line":3719,"column":29},"end":{"line":3721,"column":1}}},"2":{"name":"(anonymous_2)","decl":{"start":{"line":3720,"column":30},"end":{"line":3720,"column":31}},"loc":{"start":{"line":3720,"column":35},"end":{"line":3720,"column":41}}},"3":{"name":"getSystemFields","decl":{"start":{"line":3723,"column":16},"end":{"line":3723,"column":31}},"loc":{"start":{"line":3723,"column":31},"end":{"line":3725,"column":1}}},"4":{"name":"getFieldOptions","decl":{"start":{"line":3727,"column":16},"end":{"line":3727,"column":31}},"loc":{"start":{"line":3727,"column":44},"end":{"line":3729,"column":1}}},"5":{"name":"getFieldBySqlTemplate","decl":{"start":{"line":3731,"column":16},"end":{"line":3731,"column":37}},"loc":{"start":{"line":3731,"column":49},"end":{"line":3733,"column":1}}},"6":{"name":"(anonymous_6)","decl":{"start":{"line":3732,"column":31},"end":{"line":3732,"column":32}},"loc":{"start":{"line":3732,"column":36},"end":{"line":3732,"column":64}}}},"branchMap":{},"s":{"0":1,"1":1,"2":1,"3":1,"4":1,"5":1,"6":2,"7":0,"8":0,"9":0,"10":0,"11":0,"12":0},"f":{"0":2,"1":0,"2":0,"3":0,"4":0,"5":0,"6":0},"b":{}}
,"/Users/maxisoft/Sites/instantcms-mcp/src/data/hooks.ts": {"path":"/Users/maxisoft/Sites/instantcms-mcp/src/data/hooks.ts","statementMap":{"0":{"start":{"line":19,"column":13},"end":{"line":2011,"column":2}},"1":{"start":{"line":2013,"column":13},"end":{"line":2017,"column":2}}},"fnMap":{},"branchMap":{},"s":{"0":1,"1":1},"f":{},"b":{}}
,"/Users/maxisoft/Sites/instantcms-mcp/src/data/libs-api.ts": {"path":"/Users/maxisoft/Sites/instantcms-mcp/src/data/libs-api.ts","statementMap":{"0":{"start":{"line":147,"column":13},"end":{"line":404,"column":2}},"1":{"start":{"line":406,"column":0},"end":{"line":406,"column":24}}},"fnMap":{},"branchMap":{},"s":{"0":1,"1":1},"f":{},"b":{}}
,"/Users/maxisoft/Sites/instantcms-mcp/src/data/routes-map.ts": {"path":"/Users/maxisoft/Sites/instantcms-mcp/src/data/routes-map.ts","statementMap":{"0":{"start":{"line":214,"column":0},"end":{"line":214,"column":16}},"1":{"start":{"line":218,"column":0},"end":{"line":218,"column":16}},"2":{"start":{"line":23,"column":13},"end":{"line":212,"column":2}},"3":{"start":{"line":215,"column":2},"end":{"line":215,"column":58}},"4":{"start":{"line":215,"column":41},"end":{"line":215,"column":56}},"5":{"start":{"line":219,"column":2},"end":{"line":219,"column":54}},"6":{"start":{"line":219,"column":44},"end":{"line":219,"column":52}}},"fnMap":{"0":{"name":"getRoutesByController","decl":{"start":{"line":214,"column":16},"end":{"line":214,"column":37}},"loc":{"start":{"line":214,"column":50},"end":{"line":216,"column":1}}},"1":{"name":"(anonymous_1)","decl":{"start":{"line":215,"column":36},"end":{"line":215,"column":37}},"loc":{"start":{"line":215,"column":41},"end":{"line":215,"column":56}}},"2":{"name":"getAllRoutes","decl":{"start":{"line":218,"column":16},"end":{"line":218,"column":28}},"loc":{"start":{"line":218,"column":28},"end":{"line":220,"column":1}}},"3":{"name":"(anonymous_3)","decl":{"start":{"line":219,"column":39},"end":{"line":219,"column":40}},"loc":{"start":{"line":219,"column":44},"end":{"line":219,"column":52}}}},"branchMap":{},"s":{"0":1,"1":1,"2":1,"3":4,"4":6,"5":0,"6":0},"f":{"0":4,"1":6,"2":0,"3":0},"b":{}}
,"/Users/maxisoft/Sites/instantcms-mcp/src/data/schemas-validation.ts": {"path":"/Users/maxisoft/Sites/instantcms-mcp/src/data/schemas-validation.ts","statementMap":{"0":{"start":{"line":221,"column":0},"end":{"line":221,"column":16}},"1":{"start":{"line":225,"column":0},"end":{"line":225,"column":16}},"2":{"start":{"line":229,"column":0},"end":{"line":229,"column":16}},"3":{"start":{"line":233,"column":0},"end":{"line":233,"column":16}},"4":{"start":{"line":237,"column":0},"end":{"line":237,"column":16}},"5":{"start":{"line":241,"column":0},"end":{"line":241,"column":16}},"6":{"start":{"line":245,"column":0},"end":{"line":245,"column":16}},"7":{"start":{"line":249,"column":0},"end":{"line":249,"column":16}},"8":{"start":{"line":253,"column":0},"end":{"line":253,"column":16}},"9":{"start":{"line":257,"column":0},"end":{"line":257,"column":16}},"10":{"start":{"line":261,"column":0},"end":{"line":261,"column":16}},"11":{"start":{"line":265,"column":0},"end":{"line":265,"column":16}},"12":{"start":{"line":269,"column":0},"end":{"line":269,"column":16}},"13":{"start":{"line":273,"column":0},"end":{"line":273,"column":16}},"14":{"start":{"line":1,"column":0},"end":{"line":1,"column":24}},"15":{"start":{"line":3,"column":13},"end":{"line":8,"column":3}},"16":{"start":{"line":10,"column":13},"end":{"line":19,"column":3}},"17":{"start":{"line":21,"column":13},"end":{"line":35,"column":3}},"18":{"start":{"line":37,"column":13},"end":{"line":43,"column":3}},"19":{"start":{"line":45,"column":13},"end":{"line":55,"column":3}},"20":{"start":{"line":57,"column":13},"end":{"line":82,"column":3}},"21":{"start":{"line":84,"column":13},"end":{"line":88,"column":3}},"22":{"start":{"line":90,"column":13},"end":{"line":98,"column":3}},"23":{"start":{"line":100,"column":13},"end":{"line":105,"column":3}},"24":{"start":{"line":107,"column":13},"end":{"line":113,"column":3}},"25":{"start":{"line":115,"column":13},"end":{"line":123,"column":3}},"26":{"start":{"line":125,"column":13},"end":{"line":129,"column":3}},"27":{"start":{"line":131,"column":13},"end":{"line":136,"column":3}},"28":{"start":{"line":138,"column":13},"end":{"line":143,"column":3}},"29":{"start":{"line":145,"column":13},"end":{"line":151,"column":3}},"30":{"start":{"line":153,"column":13},"end":{"line":160,"column":3}},"31":{"start":{"line":162,"column":13},"end":{"line":171,"column":3}},"32":{"start":{"line":173,"column":13},"end":{"line":183,"column":3}},"33":{"start":{"line":185,"column":13},"end":{"line":190,"column":3}},"34":{"start":{"line":192,"column":13},"end":{"line":196,"column":3}},"35":{"start":{"line":198,"column":13},"end":{"line":203,"column":3}},"36":{"start":{"line":205,"column":13},"end":{"line":209,"column":3}},"37":{"start":{"line":211,"column":13},"end":{"line":219,"column":3}},"38":{"start":{"line":222,"column":2},"end":{"line":222,"column":36}},"39":{"start":{"line":226,"column":2},"end":{"line":226,"column":41}},"40":{"start":{"line":230,"column":2},"end":{"line":230,"column":41}},"41":{"start":{"line":234,"column":2},"end":{"line":234,"column":42}},"42":{"start":{"line":238,"column":2},"end":{"line":238,"column":41}},"43":{"start":{"line":242,"column":2},"end":{"line":242,"column":39}},"44":{"start":{"line":246,"column":2},"end":{"line":246,"column":43}},"45":{"start":{"line":250,"column":2},"end":{"line":250,"column":46}},"46":{"start":{"line":254,"column":2},"end":{"line":254,"column":41}},"47":{"start":{"line":258,"column":2},"end":{"line":258,"column":46}},"48":{"start":{"line":262,"column":2},"end":{"line":262,"column":41}},"49":{"start":{"line":266,"column":2},"end":{"line":266,"column":46}},"50":{"start":{"line":270,"column":2},"end":{"line":270,"column":41}},"51":{"start":{"line":274,"column":2},"end":{"line":274,"column":41}}},"fnMap":{"0":{"name":"validateHook","decl":{"start":{"line":221,"column":16},"end":{"line":221,"column":28}},"loc":{"start":{"line":221,"column":42},"end":{"line":223,"column":1}}},"1":{"name":"validateComponent","decl":{"start":{"line":225,"column":16},"end":{"line":225,"column":33}},"loc":{"start":{"line":225,"column":47},"end":{"line":227,"column":1}}},"2":{"name":"validateField","decl":{"start":{"line":229,"column":16},"end":{"line":229,"column":29}},"loc":{"start":{"line":229,"column":43},"end":{"line":231,"column":1}}},"3":{"name":"validateWidget","decl":{"start":{"line":233,"column":16},"end":{"line":233,"column":30}},"loc":{"start":{"line":233,"column":44},"end":{"line":235,"column":1}}},"4":{"name":"validateTrait","decl":{"start":{"line":237,"column":16},"end":{"line":237,"column":29}},"loc":{"start":{"line":237,"column":43},"end":{"line":239,"column":1}}},"5":{"name":"validateTable","decl":{"start":{"line":241,"column":16},"end":{"line":241,"column":29}},"loc":{"start":{"line":241,"column":43},"end":{"line":243,"column":1}}},"6":{"name":"validateEvent","decl":{"start":{"line":245,"column":16},"end":{"line":245,"column":29}},"loc":{"start":{"line":245,"column":43},"end":{"line":247,"column":1}}},"7":{"name":"validateController","decl":{"start":{"line":249,"column":16},"end":{"line":249,"column":34}},"loc":{"start":{"line":249,"column":48},"end":{"line":251,"column":1}}},"8":{"name":"validateRoute","decl":{"start":{"line":253,"column":16},"end":{"line":253,"column":29}},"loc":{"start":{"line":253,"column":43},"end":{"line":255,"column":1}}},"9":{"name":"validateDatabaseSchema","decl":{"start":{"line":257,"column":16},"end":{"line":257,"column":38}},"loc":{"start":{"line":257,"column":52},"end":{"line":259,"column":1}}},"10":{"name":"validateEventsMap","decl":{"start":{"line":261,"column":16},"end":{"line":261,"column":33}},"loc":{"start":{"line":261,"column":47},"end":{"line":263,"column":1}}},"11":{"name":"validateControllersMap","decl":{"start":{"line":265,"column":16},"end":{"line":265,"column":38}},"loc":{"start":{"line":265,"column":52},"end":{"line":267,"column":1}}},"12":{"name":"validateRoutesMap","decl":{"start":{"line":269,"column":16},"end":{"line":269,"column":33}},"loc":{"start":{"line":269,"column":47},"end":{"line":271,"column":1}}},"13":{"name":"validateCoreClass","decl":{"start":{"line":273,"column":16},"end":{"line":273,"column":33}},"loc":{"start":{"line":273,"column":47},"end":{"line":275,"column":1}}}},"branchMap":{},"s":{"0":1,"1":1,"2":1,"3":1,"4":1,"5":1,"6":1,"7":1,"8":1,"9":1,"10":1,"11":1,"12":1,"13":1,"14":1,"15":1,"16":1,"17":1,"18":1,"19":1,"20":1,"21":1,"22":1,"23":1,"24":1,"25":1,"26":1,"27":1,"28":1,"29":1,"30":1,"31":1,"32":1,"33":1,"34":1,"35":1,"36":1,"37":1,"38":2,"39":2,"40":2,"41":2,"42":2,"43":2,"44":2,"45":2,"46":2,"47":2,"48":2,"49":2,"50":2,"51":2},"f":{"0":2,"1":2,"2":2,"3":2,"4":2,"5":2,"6":2,"7":2,"8":2,"9":2,"10":2,"11":2,"12":2,"13":2},"b":{}}
,"/Users/maxisoft/Sites/instantcms-mcp/src/data/schemas.ts": {"path":"/Users/maxisoft/Sites/instantcms-mcp/src/data/schemas.ts","statementMap":{"0":{"start":{"line":21,"column":13},"end":{"line":86,"column":2}},"1":{"start":{"line":91,"column":13},"end":{"line":142,"column":2}},"2":{"start":{"line":144,"column":13},"end":{"line":1058,"column":2}},"3":{"start":{"line":1063,"column":13},"end":{"line":1285,"column":2}},"4":{"start":{"line":1290,"column":13},"end":{"line":1424,"column":2}}},"fnMap":{},"branchMap":{},"s":{"0":1,"1":1,"2":1,"3":1,"4":1},"f":{},"b":{}}
,"/Users/maxisoft/Sites/instantcms-mcp/src/data/traits-map.ts": {"path":"/Users/maxisoft/Sites/instantcms-mcp/src/data/traits-map.ts","statementMap":{"0":{"start":{"line":1013,"column":0},"end":{"line":1013,"column":16}},"1":{"start":{"line":1017,"column":0},"end":{"line":1017,"column":16}},"2":{"start":{"line":1022,"column":0},"end":{"line":1022,"column":16}},"3":{"start":{"line":26,"column":13},"end":{"line":1011,"column":2}},"4":{"start":{"line":1014,"column":2},"end":{"line":1014,"column":53}},"5":{"start":{"line":1014,"column":36},"end":{"line":1014,"column":51}},"6":{"start":{"line":1018,"column":16},"end":{"line":1018,"column":30}},"7":{"start":{"line":1019,"column":2},"end":{"line":1019,"column":30}},"8":{"start":{"line":1023,"column":2},"end":{"line":1023,"column":48}}},"fnMap":{"0":{"name":"getTrait","decl":{"start":{"line":1013,"column":16},"end":{"line":1013,"column":24}},"loc":{"start":{"line":1013,"column":37},"end":{"line":1015,"column":1}}},"1":{"name":"(anonymous_1)","decl":{"start":{"line":1014,"column":31},"end":{"line":1014,"column":32}},"loc":{"start":{"line":1014,"column":36},"end":{"line":1014,"column":51}}},"2":{"name":"getTraitMethods","decl":{"start":{"line":1017,"column":16},"end":{"line":1017,"column":31}},"loc":{"start":{"line":1017,"column":44},"end":{"line":1020,"column":1}}},"3":{"name":"getTraitsByNamespace","decl":{"start":{"line":1022,"column":16},"end":{"line":1022,"column":36}},"loc":{"start":{"line":1022,"column":54},"end":{"line":1024,"column":1}}}},"branchMap":{"0":{"loc":{"start":{"line":1019,"column":9},"end":{"line":1019,"column":29}},"type":"binary-expr","locations":[{"start":{"line":1019,"column":9},"end":{"line":1019,"column":23}},{"start":{"line":1019,"column":27},"end":{"line":1019,"column":29}}]},"1":{"loc":{"start":{"line":1023,"column":9},"end":{"line":1023,"column":47}},"type":"binary-expr","locations":[{"start":{"line":1023,"column":9},"end":{"line":1023,"column":41}},{"start":{"line":1023,"column":45},"end":{"line":1023,"column":47}}]}},"s":{"0":1,"1":1,"2":1,"3":1,"4":1,"5":10,"6":0,"7":0,"8":0},"f":{"0":1,"1":10,"2":0,"3":0},"b":{"0":[0,0],"1":[0,0]}}
,"/Users/maxisoft/Sites/instantcms-mcp/src/data/widgets-map.ts": {"path":"/Users/maxisoft/Sites/instantcms-mcp/src/data/widgets-map.ts","statementMap":{"0":{"start":{"line":143,"column":0},"end":{"line":143,"column":16}},"1":{"start":{"line":147,"column":0},"end":{"line":147,"column":16}},"2":{"start":{"line":151,"column":0},"end":{"line":151,"column":16}},"3":{"start":{"line":28,"column":13},"end":{"line":141,"column":2}},"4":{"start":{"line":144,"column":2},"end":{"line":144,"column":33}},"5":{"start":{"line":148,"column":2},"end":{"line":148,"column":51}},"6":{"start":{"line":152,"column":2},"end":{"line":152,"column":50}}},"fnMap":{"0":{"name":"getWidget","decl":{"start":{"line":143,"column":16},"end":{"line":143,"column":25}},"loc":{"start":{"line":143,"column":38},"end":{"line":145,"column":1}}},"1":{"name":"getWidgetsByController","decl":{"start":{"line":147,"column":16},"end":{"line":147,"column":38}},"loc":{"start":{"line":147,"column":57},"end":{"line":149,"column":1}}},"2":{"name":"getSystemWidgets","decl":{"start":{"line":151,"column":16},"end":{"line":151,"column":32}},"loc":{"start":{"line":151,"column":32},"end":{"line":153,"column":1}}}},"branchMap":{"0":{"loc":{"start":{"line":148,"column":9},"end":{"line":148,"column":50}},"type":"binary-expr","locations":[{"start":{"line":148,"column":9},"end":{"line":148,"column":44}},{"start":{"line":148,"column":48},"end":{"line":148,"column":50}}]},"1":{"loc":{"start":{"line":152,"column":9},"end":{"line":152,"column":49}},"type":"binary-expr","locations":[{"start":{"line":152,"column":9},"end":{"line":152,"column":43}},{"start":{"line":152,"column":47},"end":{"line":152,"column":49}}]}},"s":{"0":1,"1":1,"2":1,"3":1,"4":3,"5":0,"6":0},"f":{"0":3,"1":0,"2":0},"b":{"0":[0,0],"1":[0,0]}}
,"/Users/maxisoft/Sites/instantcms-mcp/src/tools/addon-tool.ts": {"path":"/Users/maxisoft/Sites/instantcms-mcp/src/tools/addon-tool.ts","statementMap":{"0":{"start":{"line":4,"column":0},"end":{"line":4,"column":16}},"1":{"start":{"line":70,"column":0},"end":{"line":70,"column":16}},"2":{"start":{"line":93,"column":0},"end":{"line":93,"column":16}},"3":{"start":{"line":106,"column":0},"end":{"line":106,"column":16}},"4":{"start":{"line":211,"column":0},"end":{"line":211,"column":16}},"5":{"start":{"line":234,"column":0},"end":{"line":234,"column":16}},"6":{"start":{"line":1,"column":0},"end":{"line":1,"column":116}},"7":{"start":{"line":2,"column":0},"end":{"line":2,"column":51}},"8":{"start":{"line":5,"column":20},"end":{"line":5,"column":46}},"9":{"start":{"line":7,"column":2},"end":{"line":12,"column":3}},"10":{"start":{"line":8,"column":4},"end":{"line":11,"column":6}},"11":{"start":{"line":14,"column":2},"end":{"line":67,"column":4}},"12":{"start":{"line":18,"column":60},"end":{"line":21,"column":6}},"13":{"start":{"line":22,"column":37},"end":{"line":27,"column":6}},"14":{"start":{"line":71,"column":16},"end":{"line":71,"column":43}},"15":{"start":{"line":72,"column":20},"end":{"line":74,"column":null}},"16":{"start":{"line":73,"column":9},"end":{"line":74,"column":46}},"17":{"start":{"line":77,"column":2},"end":{"line":82,"column":3}},"18":{"start":{"line":78,"column":4},"end":{"line":81,"column":6}},"19":{"start":{"line":80,"column":38},"end":{"line":80,"column":111}},"20":{"start":{"line":84,"column":2},"end":{"line":90,"column":4}},"21":{"start":{"line":94,"column":2},"end":{"line":103,"column":4}},"22":{"start":{"line":96,"column":37},"end":{"line":102,"column":6}},"23":{"start":{"line":107,"column":27},"end":{"line":107,"column":29}},"24":{"start":{"line":108,"column":29},"end":{"line":108,"column":31}},"25":{"start":{"line":109,"column":25},"end":{"line":109,"column":27}},"26":{"start":{"line":111,"column":16},"end":{"line":111,"column":38}},"27":{"start":{"line":114,"column":19},"end":{"line":114,"column":83}},"28":{"start":{"line":115,"column":2},"end":{"line":119,"column":3}},"29":{"start":{"line":116,"column":4},"end":{"line":118,"column":5}},"30":{"start":{"line":117,"column":6},"end":{"line":117,"column":59}},"31":{"start":{"line":122,"column":2},"end":{"line":128,"column":3}},"32":{"start":{"line":123,"column":21},"end":{"line":123,"column":46}},"33":{"start":{"line":124,"column":4},"end":{"line":124,"column":90}},"34":{"start":{"line":124,"column":38},"end":{"line":124,"column":90}},"35":{"start":{"line":125,"column":4},"end":{"line":125,"column":92}},"36":{"start":{"line":125,"column":39},"end":{"line":125,"column":92}},"37":{"start":{"line":126,"column":4},"end":{"line":126,"column":104}},"38":{"start":{"line":126,"column":41},"end":{"line":126,"column":104}},"39":{"start":{"line":127,"column":4},"end":{"line":127,"column":102}},"40":{"start":{"line":127,"column":40},"end":{"line":127,"column":102}},"41":{"start":{"line":131,"column":2},"end":{"line":139,"column":3}},"42":{"start":{"line":132,"column":21},"end":{"line":132,"column":46}},"43":{"start":{"line":133,"column":4},"end":{"line":135,"column":5}},"44":{"start":{"line":134,"column":6},"end":{"line":134,"column":90}},"45":{"start":{"line":136,"column":4},"end":{"line":138,"column":5}},"46":{"start":{"line":137,"column":6},"end":{"line":137,"column":86}},"47":{"start":{"line":142,"column":2},"end":{"line":147,"column":3}},"48":{"start":{"line":143,"column":20},"end":{"line":143,"column":44}},"49":{"start":{"line":144,"column":4},"end":{"line":146,"column":5}},"50":{"start":{"line":145,"column":6},"end":{"line":145,"column":70}},"51":{"start":{"line":150,"column":2},"end":{"line":158,"column":3}},"52":{"start":{"line":151,"column":20},"end":{"line":151,"column":44}},"53":{"start":{"line":152,"column":4},"end":{"line":154,"column":5}},"54":{"start":{"line":153,"column":6},"end":{"line":153,"column":72}},"55":{"start":{"line":155,"column":4},"end":{"line":157,"column":5}},"56":{"start":{"line":156,"column":6},"end":{"line":156,"column":62}},"57":{"start":{"line":161,"column":2},"end":{"line":169,"column":3}},"58":{"start":{"line":162,"column":22},"end":{"line":162,"column":48}},"59":{"start":{"line":163,"column":4},"end":{"line":165,"column":5}},"60":{"start":{"line":164,"column":6},"end":{"line":164,"column":74}},"61":{"start":{"line":166,"column":4},"end":{"line":168,"column":5}},"62":{"start":{"line":167,"column":6},"end":{"line":167,"column":66}},"63":{"start":{"line":172,"column":20},"end":{"line":172,"column":61}},"64":{"start":{"line":172,"column":38},"end":{"line":172,"column":60}},"65":{"start":{"line":173,"column":2},"end":{"line":184,"column":3}},"66":{"start":{"line":174,"column":20},"end":{"line":174,"column":39}},"67":{"start":{"line":175,"column":4},"end":{"line":177,"column":5}},"68":{"start":{"line":176,"column":6},"end":{"line":176,"column":74}},"69":{"start":{"line":178,"column":4},"end":{"line":180,"column":5}},"70":{"start":{"line":179,"column":6},"end":{"line":179,"column":63}},"71":{"start":{"line":181,"column":4},"end":{"line":183,"column":5}},"72":{"start":{"line":182,"column":6},"end":{"line":182,"column":72}},"73":{"start":{"line":187,"column":2},"end":{"line":189,"column":3}},"74":{"start":{"line":187,"column":23},"end":{"line":187,"column":49}},"75":{"start":{"line":188,"column":4},"end":{"line":188,"column":100}},"76":{"start":{"line":192,"column":2},"end":{"line":194,"column":3}},"77":{"start":{"line":192,"column":23},"end":{"line":192,"column":47}},"78":{"start":{"line":193,"column":4},"end":{"line":193,"column":87}},"79":{"start":{"line":195,"column":2},"end":{"line":197,"column":3}},"80":{"start":{"line":196,"column":4},"end":{"line":196,"column":64}},"81":{"start":{"line":199,"column":2},"end":{"line":208,"column":4}},"82":{"start":{"line":212,"column":2},"end":{"line":221,"column":3}},"83":{"start":{"line":213,"column":15},"end":{"line":213,"column":71}},"84":{"start":{"line":214,"column":4},"end":{"line":219,"column":5}},"85":{"start":{"line":215,"column":6},"end":{"line":218,"column":8}},"86":{"start":{"line":220,"column":4},"end":{"line":220,"column":38}},"87":{"start":{"line":223,"column":2},"end":{"line":231,"column":4}},"88":{"start":{"line":225,"column":67},"end":{"line":229,"column":6}},"89":{"start":{"line":235,"column":16},"end":{"line":235,"column":34}},"90":{"start":{"line":237,"column":118},"end":{"line":1141,"column":4}},"91":{"start":{"line":1143,"column":18},"end":{"line":1144,"column":null}},"92":{"start":{"line":1144,"column":4},"end":{"line":1144,"column":46}},"93":{"start":{"line":1144,"column":27},"end":{"line":1144,"column":45}},"94":{"start":{"line":1147,"column":2},"end":{"line":1154,"column":3}},"95":{"start":{"line":1148,"column":4},"end":{"line":1153,"column":6}},"96":{"start":{"line":1150,"column":43},"end":{"line":1150,"column":51}},"97":{"start":{"line":1151,"column":49},"end":{"line":1151,"column":60}},"98":{"start":{"line":1156,"column":2},"end":{"line":1165,"column":4}},"99":{"start":{"line":1159,"column":33},"end":{"line":1164,"column":6}}},"fnMap":{"0":{"name":"getAddonStructure","decl":{"start":{"line":4,"column":16},"end":{"line":4,"column":33}},"loc":{"start":{"line":4,"column":61},"end":{"line":68,"column":1}}},"1":{"name":"(anonymous_1)","decl":{"start":{"line":18,"column":54},"end":{"line":18,"column":55}},"loc":{"start":{"line":18,"column":60},"end":{"line":21,"column":6}}},"2":{"name":"(anonymous_2)","decl":{"start":{"line":22,"column":31},"end":{"line":22,"column":32}},"loc":{"start":{"line":22,"column":37},"end":{"line":27,"column":6}}},"3":{"name":"getComponentApi","decl":{"start":{"line":70,"column":16},"end":{"line":70,"column":31}},"loc":{"start":{"line":70,"column":53},"end":{"line":91,"column":1}}},"4":{"name":"(anonymous_4)","decl":{"start":{"line":73,"column":4},"end":{"line":73,"column":5}},"loc":{"start":{"line":73,"column":9},"end":{"line":74,"column":46}}},"5":{"name":"(anonymous_5)","decl":{"start":{"line":80,"column":32},"end":{"line":80,"column":33}},"loc":{"start":{"line":80,"column":38},"end":{"line":80,"column":111}}},"6":{"name":"listComponents","decl":{"start":{"line":93,"column":16},"end":{"line":93,"column":30}},"loc":{"start":{"line":93,"column":30},"end":{"line":104,"column":1}}},"7":{"name":"(anonymous_7)","decl":{"start":{"line":96,"column":31},"end":{"line":96,"column":32}},"loc":{"start":{"line":96,"column":37},"end":{"line":102,"column":6}}},"8":{"name":"validateAddon","decl":{"start":{"line":106,"column":16},"end":{"line":106,"column":29}},"loc":{"start":{"line":106,"column":63},"end":{"line":209,"column":1}}},"9":{"name":"(anonymous_9)","decl":{"start":{"line":172,"column":33},"end":{"line":172,"column":34}},"loc":{"start":{"line":172,"column":38},"end":{"line":172,"column":60}}},"10":{"name":"(anonymous_10)","decl":{"start":{"line":187,"column":18},"end":{"line":187,"column":19}},"loc":{"start":{"line":187,"column":23},"end":{"line":187,"column":49}}},"11":{"name":"(anonymous_11)","decl":{"start":{"line":192,"column":18},"end":{"line":192,"column":19}},"loc":{"start":{"line":192,"column":23},"end":{"line":192,"column":47}}},"12":{"name":"getFieldTypes","decl":{"start":{"line":211,"column":16},"end":{"line":211,"column":29}},"loc":{"start":{"line":211,"column":48},"end":{"line":232,"column":1}}},"13":{"name":"(anonymous_13)","decl":{"start":{"line":225,"column":48},"end":{"line":225,"column":49}},"loc":{"start":{"line":225,"column":67},"end":{"line":229,"column":6}}},"14":{"name":"getCodeExample","decl":{"start":{"line":234,"column":16},"end":{"line":234,"column":30}},"loc":{"start":{"line":234,"column":43},"end":{"line":1166,"column":1}}},"15":{"name":"(anonymous_15)","decl":{"start":{"line":1143,"column":34},"end":{"line":1143,"column":36}},"loc":{"start":{"line":1144,"column":4},"end":{"line":1144,"column":46}}},"16":{"name":"(anonymous_16)","decl":{"start":{"line":1144,"column":21},"end":{"line":1144,"column":23}},"loc":{"start":{"line":1144,"column":27},"end":{"line":1144,"column":45}}},"17":{"name":"(anonymous_17)","decl":{"start":{"line":1150,"column":37},"end":{"line":1150,"column":39}},"loc":{"start":{"line":1150,"column":43},"end":{"line":1150,"column":51}}},"18":{"name":"(anonymous_18)","decl":{"start":{"line":1151,"column":43},"end":{"line":1151,"column":45}},"loc":{"start":{"line":1151,"column":49},"end":{"line":1151,"column":60}}},"19":{"name":"(anonymous_19)","decl":{"start":{"line":1159,"column":26},"end":{"line":1159,"column":28}},"loc":{"start":{"line":1159,"column":33},"end":{"line":1164,"column":6}}}},"branchMap":{"0":{"loc":{"start":{"line":4,"column":34},"end":{"line":4,"column":61}},"type":"default-arg","locations":[{"start":{"line":4,"column":54},"end":{"line":4,"column":61}}]},"1":{"loc":{"start":{"line":7,"column":2},"end":{"line":12,"column":3}},"type":"if","locations":[{"start":{"line":7,"column":2},"end":{"line":12,"column":3}},{"start":{},"end":{}}]},"2":{"loc":{"start":{"line":17,"column":11},"end":{"line":17,"column":32}},"type":"binary-expr","locations":[{"start":{"line":17,"column":11},"end":{"line":17,"column":26}},{"start":{"line":17,"column":30},"end":{"line":17,"column":32}}]},"3":{"loc":{"start":{"line":73,"column":9},"end":{"line":74,"column":46}},"type":"binary-expr","locations":[{"start":{"line":73,"column":9},"end":{"line":73,"column":45}},{"start":{"line":74,"column":9},"end":{"line":74,"column":46}}]},"4":{"loc":{"start":{"line":77,"column":2},"end":{"line":82,"column":3}},"type":"if","locations":[{"start":{"line":77,"column":2},"end":{"line":82,"column":3}},{"start":{},"end":{}}]},"5":{"loc":{"start":{"line":116,"column":4},"end":{"line":118,"column":5}},"type":"if","locations":[{"start":{"line":116,"column":4},"end":{"line":118,"column":5}},{"start":{},"end":{}}]},"6":{"loc":{"start":{"line":122,"column":2},"end":{"line":128,"column":3}},"type":"if","locations":[{"start":{"line":122,"column":2},"end":{"line":128,"column":3}},{"start":{},"end":{}}]},"7":{"loc":{"start":{"line":124,"column":4},"end":{"line":124,"column":90}},"type":"if","locations":[{"start":{"line":124,"column":4},"end":{"line":124,"column":90}},{"start":{},"end":{}}]},"8":{"loc":{"start":{"line":125,"column":4},"end":{"line":125,"column":92}},"type":"if","locations":[{"start":{"line":125,"column":4},"end":{"line":125,"column":92}},{"start":{},"end":{}}]},"9":{"loc":{"start":{"line":126,"column":4},"end":{"line":126,"column":104}},"type":"if","locations":[{"start":{"line":126,"column":4},"end":{"line":126,"column":104}},{"start":{},"end":{}}]},"10":{"loc":{"start":{"line":127,"column":4},"end":{"line":127,"column":102}},"type":"if","locations":[{"start":{"line":127,"column":4},"end":{"line":127,"column":102}},{"start":{},"end":{}}]},"11":{"loc":{"start":{"line":131,"column":2},"end":{"line":139,"column":3}},"type":"if","locations":[{"start":{"line":131,"column":2},"end":{"line":139,"column":3}},{"start":{},"end":{}}]},"12":{"loc":{"start":{"line":133,"column":4},"end":{"line":135,"column":5}},"type":"if","locations":[{"start":{"line":133,"column":4},"end":{"line":135,"column":5}},{"start":{},"end":{}}]},"13":{"loc":{"start":{"line":133,"column":8},"end":{"line":133,"column":80}},"type":"binary-expr","locations":[{"start":{"line":133,"column":8},"end":{"line":133,"column":41}},{"start":{"line":133,"column":45},"end":{"line":133,"column":80}}]},"14":{"loc":{"start":{"line":136,"column":4},"end":{"line":138,"column":5}},"type":"if","locations":[{"start":{"line":136,"column":4},"end":{"line":138,"column":5}},{"start":{},"end":{}}]},"15":{"loc":{"start":{"line":136,"column":8},"end":{"line":136,"column":82}},"type":"binary-expr","locations":[{"start":{"line":136,"column":8},"end":{"line":136,"column":41}},{"start":{"line":136,"column":45},"end":{"line":136,"column":82}}]},"16":{"loc":{"start":{"line":142,"column":2},"end":{"line":147,"column":3}},"type":"if","locations":[{"start":{"line":142,"column":2},"end":{"line":147,"column":3}},{"start":{},"end":{}}]},"17":{"loc":{"start":{"line":144,"column":4},"end":{"line":146,"column":5}},"type":"if","locations":[{"start":{"line":144,"column":4},"end":{"line":146,"column":5}},{"start":{},"end":{}}]},"18":{"loc":{"start":{"line":150,"column":2},"end":{"line":158,"column":3}},"type":"if","locations":[{"start":{"line":150,"column":2},"end":{"line":158,"column":3}},{"start":{},"end":{}}]},"19":{"loc":{"start":{"line":152,"column":4},"end":{"line":154,"column":5}},"type":"if","locations":[{"start":{"line":152,"column":4},"end":{"line":154,"column":5}},{"start":{},"end":{}}]},"20":{"loc":{"start":{"line":155,"column":4},"end":{"line":157,"column":5}},"type":"if","locations":[{"start":{"line":155,"column":4},"end":{"line":157,"column":5}},{"start":{},"end":{}}]},"21":{"loc":{"start":{"line":161,"column":2},"end":{"line":169,"column":3}},"type":"if","locations":[{"start":{"line":161,"column":2},"end":{"line":169,"column":3}},{"start":{},"end":{}}]},"22":{"loc":{"start":{"line":163,"column":4},"end":{"line":165,"column":5}},"type":"if","locations":[{"start":{"line":163,"column":4},"end":{"line":165,"column":5}},{"start":{},"end":{}}]},"23":{"loc":{"start":{"line":166,"column":4},"end":{"line":168,"column":5}},"type":"if","locations":[{"start":{"line":166,"column":4},"end":{"line":168,"column":5}},{"start":{},"end":{}}]},"24":{"loc":{"start":{"line":175,"column":4},"end":{"line":177,"column":5}},"type":"if","locations":[{"start":{"line":175,"column":4},"end":{"line":177,"column":5}},{"start":{},"end":{}}]},"25":{"loc":{"start":{"line":175,"column":8},"end":{"line":175,"column":57}},"type":"binary-expr","locations":[{"start":{"line":175,"column":8},"end":{"line":175,"column":15}},{"start":{"line":175,"column":19},"end":{"line":175,"column":57}}]},"26":{"loc":{"start":{"line":178,"column":4},"end":{"line":180,"column":5}},"type":"if","locations":[{"start":{"line":178,"column":4},"end":{"line":180,"column":5}},{"start":{},"end":{}}]},"27":{"loc":{"start":{"line":178,"column":8},"end":{"line":178,"column":60}},"type":"binary-expr","locations":[{"start":{"line":178,"column":8},"end":{"line":178,"column":15}},{"start":{"line":178,"column":19},"end":{"line":178,"column":60}}]},"28":{"loc":{"start":{"line":181,"column":4},"end":{"line":183,"column":5}},"type":"if","locations":[{"start":{"line":181,"column":4},"end":{"line":183,"column":5}},{"start":{},"end":{}}]},"29":{"loc":{"start":{"line":181,"column":8},"end":{"line":181,"column":52}},"type":"binary-expr","locations":[{"start":{"line":181,"column":8},"end":{"line":181,"column":15}},{"start":{"line":181,"column":19},"end":{"line":181,"column":52}}]},"30":{"loc":{"start":{"line":187,"column":2},"end":{"line":189,"column":3}},"type":"if","locations":[{"start":{"line":187,"column":2},"end":{"line":189,"column":3}},{"start":{},"end":{}}]},"31":{"loc":{"start":{"line":192,"column":2},"end":{"line":194,"column":3}},"type":"if","locations":[{"start":{"line":192,"column":2},"end":{"line":194,"column":3}},{"start":{},"end":{}}]},"32":{"loc":{"start":{"line":195,"column":2},"end":{"line":197,"column":3}},"type":"if","locations":[{"start":{"line":195,"column":2},"end":{"line":197,"column":3}},{"start":{},"end":{}}]},"33":{"loc":{"start":{"line":205,"column":13},"end":{"line":207,"column":78}},"type":"cond-expr","locations":[{"start":{"line":206,"column":8},"end":{"line":206,"column":75}},{"start":{"line":207,"column":8},"end":{"line":207,"column":78}}]},"34":{"loc":{"start":{"line":212,"column":2},"end":{"line":221,"column":3}},"type":"if","locations":[{"start":{"line":212,"column":2},"end":{"line":221,"column":3}},{"start":{},"end":{}}]},"35":{"loc":{"start":{"line":213,"column":15},"end":{"line":213,"column":71}},"type":"binary-expr","locations":[{"start":{"line":213,"column":15},"end":{"line":213,"column":36}},{"start":{"line":213,"column":40},"end":{"line":213,"column":71}}]},"36":{"loc":{"start":{"line":214,"column":4},"end":{"line":219,"column":5}},"type":"if","locations":[{"start":{"line":214,"column":4},"end":{"line":219,"column":5}},{"start":{},"end":{}}]},"37":{"loc":{"start":{"line":1147,"column":2},"end":{"line":1154,"column":3}},"type":"if","locations":[{"start":{"line":1147,"column":2},"end":{"line":1154,"column":3}},{"start":{},"end":{}}]}},"s":{"0":1,"1":1,"2":1,"3":1,"4":1,"5":1,"6":1,"7":1,"8":4,"9":4,"10":1,"11":3,"12":15,"13":25,"14":5,"15":5,"16":55,"17":5,"18":2,"19":50,"20":3,"21":2,"22":50,"23":2,"24":2,"25":2,"26":2,"27":2,"28":2,"29":8,"30":3,"31":2,"32":1,"33":1,"34":0,"35":1,"36":0,"37":1,"38":0,"39":1,"40":1,"41":2,"42":2,"43":2,"44":1,"45":2,"46":1,"47":2,"48":0,"49":0,"50":0,"51":2,"52":1,"53":1,"54":0,"55":1,"56":0,"57":2,"58":1,"59":1,"60":0,"61":1,"62":0,"63":2,"64":5,"65":2,"66":0,"67":0,"68":0,"69":0,"70":0,"71":0,"72":0,"73":2,"74":5,"75":2,"76":2,"77":5,"78":2,"79":2,"80":2,"81":2,"82":3,"83":1,"84":1,"85":0,"86":1,"87":2,"88":30,"89":2,"90":2,"91":2,"92":70,"93":283,"94":2,"95":1,"96":35,"97":35,"98":1,"99":1},"f":{"0":4,"1":15,"2":25,"3":5,"4":55,"5":50,"6":2,"7":50,"8":2,"9":5,"10":5,"11":5,"12":3,"13":30,"14":2,"15":70,"16":283,"17":35,"18":35,"19":1},"b":{"0":[0],"1":[1,3],"2":[3,0],"3":[55,52],"4":[2,3],"5":[3,5],"6":[1,1],"7":[0,1],"8":[0,1],"9":[0,1],"10":[1,0],"11":[2,0],"12":[1,1],"13":[2,1],"14":[1,1],"15":[2,1],"16":[0,2],"17":[0,0],"18":[1,1],"19":[0,1],"20":[0,1],"21":[1,1],"22":[0,1],"23":[0,1],"24":[0,0],"25":[0,0],"26":[0,0],"27":[0,0],"28":[0,0],"29":[0,0],"30":[2,0],"31":[2,0],"32":[2,0],"33":[1,1],"34":[1,2],"35":[1,0],"36":[0,1],"37":[1,1]}}
,"/Users/maxisoft/Sites/instantcms-mcp/src/tools/controllers-tool.ts": {"path":"/Users/maxisoft/Sites/instantcms-mcp/src/tools/controllers-tool.ts","statementMap":{"0":{"start":{"line":3,"column":0},"end":{"line":3,"column":16}},"1":{"start":{"line":49,"column":0},"end":{"line":49,"column":16}},"2":{"start":{"line":87,"column":0},"end":{"line":87,"column":16}},"3":{"start":{"line":109,"column":0},"end":{"line":109,"column":16}},"4":{"start":{"line":1,"column":0},"end":{"line":1,"column":147}},"5":{"start":{"line":4,"column":21},"end":{"line":4,"column":46}},"6":{"start":{"line":6,"column":2},"end":{"line":16,"column":3}},"7":{"start":{"line":7,"column":24},"end":{"line":10,"column":49}},"8":{"start":{"line":8,"column":19},"end":{"line":8,"column":54}},"9":{"start":{"line":10,"column":17},"end":{"line":10,"column":47}},"10":{"start":{"line":12,"column":4},"end":{"line":15,"column":6}},"11":{"start":{"line":18,"column":17},"end":{"line":18,"column":34}},"12":{"start":{"line":19,"column":2},"end":{"line":23,"column":3}},"13":{"start":{"line":20,"column":4},"end":{"line":22,"column":5}},"14":{"start":{"line":21,"column":6},"end":{"line":21,"column":24}},"15":{"start":{"line":25,"column":2},"end":{"line":46,"column":4}},"16":{"start":{"line":33,"column":41},"end":{"line":40,"column":8}},"17":{"start":{"line":50,"column":20},"end":{"line":50,"column":46}},"18":{"start":{"line":52,"column":2},"end":{"line":56,"column":3}},"19":{"start":{"line":53,"column":4},"end":{"line":53,"column":65}},"20":{"start":{"line":53,"column":42},"end":{"line":53,"column":63}},"21":{"start":{"line":54,"column":9},"end":{"line":56,"column":3}},"22":{"start":{"line":55,"column":4},"end":{"line":55,"column":64}},"23":{"start":{"line":55,"column":42},"end":{"line":55,"column":62}},"24":{"start":{"line":58,"column":43},"end":{"line":61,"column":4}},"25":{"start":{"line":63,"column":2},"end":{"line":71,"column":3}},"26":{"start":{"line":64,"column":4},"end":{"line":70,"column":7}},"27":{"start":{"line":73,"column":2},"end":{"line":84,"column":4}},"28":{"start":{"line":76,"column":42},"end":{"line":83,"column":6}},"29":{"start":{"line":88,"column":21},"end":{"line":88,"column":46}},"30":{"start":{"line":90,"column":2},"end":{"line":92,"column":3}},"31":{"start":{"line":91,"column":4},"end":{"line":91,"column":55}},"32":{"start":{"line":94,"column":2},"end":{"line":106,"column":4}},"33":{"start":{"line":97,"column":42},"end":{"line":105,"column":6}},"34":{"start":{"line":110,"column":49},"end":{"line":110,"column":51}},"35":{"start":{"line":112,"column":2},"end":{"line":125,"column":3}},"36":{"start":{"line":113,"column":4},"end":{"line":124,"column":5}},"37":{"start":{"line":114,"column":6},"end":{"line":123,"column":7}},"38":{"start":{"line":115,"column":22},"end":{"line":115,"column":39}},"39":{"start":{"line":116,"column":26},"end":{"line":116,"column":55}},"40":{"start":{"line":117,"column":26},"end":{"line":117,"column":49}},"41":{"start":{"line":119,"column":8},"end":{"line":121,"column":9}},"42":{"start":{"line":120,"column":10},"end":{"line":120,"column":43}},"43":{"start":{"line":122,"column":8},"end":{"line":122,"column":44}},"44":{"start":{"line":127,"column":43},"end":{"line":127,"column":45}},"45":{"start":{"line":128,"column":2},"end":{"line":130,"column":3}},"46":{"start":{"line":129,"column":4},"end":{"line":129,"column":43}},"47":{"start":{"line":132,"column":2},"end":{"line":135,"column":4}}},"fnMap":{"0":{"name":"analyzeController","decl":{"start":{"line":3,"column":16},"end":{"line":3,"column":33}},"loc":{"start":{"line":3,"column":77},"end":{"line":47,"column":1}}},"1":{"name":"(anonymous_1)","decl":{"start":{"line":8,"column":14},"end":{"line":8,"column":15}},"loc":{"start":{"line":8,"column":19},"end":{"line":8,"column":54}}},"2":{"name":"(anonymous_2)","decl":{"start":{"line":10,"column":11},"end":{"line":10,"column":12}},"loc":{"start":{"line":10,"column":17},"end":{"line":10,"column":47}}},"3":{"name":"(anonymous_3)","decl":{"start":{"line":33,"column":35},"end":{"line":33,"column":36}},"loc":{"start":{"line":33,"column":41},"end":{"line":40,"column":8}}},"4":{"name":"listControllers","decl":{"start":{"line":49,"column":16},"end":{"line":49,"column":31}},"loc":{"start":{"line":49,"column":47},"end":{"line":85,"column":1}}},"5":{"name":"(anonymous_5)","decl":{"start":{"line":53,"column":37},"end":{"line":53,"column":38}},"loc":{"start":{"line":53,"column":42},"end":{"line":53,"column":63}}},"6":{"name":"(anonymous_6)","decl":{"start":{"line":55,"column":37},"end":{"line":55,"column":38}},"loc":{"start":{"line":55,"column":42},"end":{"line":55,"column":62}}},"7":{"name":"(anonymous_7)","decl":{"start":{"line":76,"column":36},"end":{"line":76,"column":37}},"loc":{"start":{"line":76,"column":42},"end":{"line":83,"column":6}}},"8":{"name":"getControllerActionsList","decl":{"start":{"line":87,"column":16},"end":{"line":87,"column":40}},"loc":{"start":{"line":87,"column":84},"end":{"line":107,"column":1}}},"9":{"name":"(anonymous_9)","decl":{"start":{"line":97,"column":36},"end":{"line":97,"column":37}},"loc":{"start":{"line":97,"column":42},"end":{"line":105,"column":6}}},"10":{"name":"listSystemTraits","decl":{"start":{"line":109,"column":16},"end":{"line":109,"column":32}},"loc":{"start":{"line":109,"column":32},"end":{"line":136,"column":1}}}},"branchMap":{"0":{"loc":{"start":{"line":6,"column":2},"end":{"line":16,"column":3}},"type":"if","locations":[{"start":{"line":6,"column":2},"end":{"line":16,"column":3}},{"start":{},"end":{}}]},"1":{"loc":{"start":{"line":52,"column":2},"end":{"line":56,"column":3}},"type":"if","locations":[{"start":{"line":52,"column":2},"end":{"line":56,"column":3}},{"start":{"line":54,"column":9},"end":{"line":56,"column":3}}]},"2":{"loc":{"start":{"line":54,"column":9},"end":{"line":56,"column":3}},"type":"if","locations":[{"start":{"line":54,"column":9},"end":{"line":56,"column":3}},{"start":{},"end":{}}]},"3":{"loc":{"start":{"line":90,"column":2},"end":{"line":92,"column":3}},"type":"if","locations":[{"start":{"line":90,"column":2},"end":{"line":92,"column":3}},{"start":{},"end":{}}]},"4":{"loc":{"start":{"line":119,"column":8},"end":{"line":121,"column":9}},"type":"if","locations":[{"start":{"line":119,"column":8},"end":{"line":121,"column":9}},{"start":{},"end":{}}]}},"s":{"0":1,"1":1,"2":1,"3":1,"4":1,"5":2,"6":2,"7":0,"8":0,"9":0,"10":0,"11":2,"12":2,"13":176,"14":3,"15":2,"16":176,"17":2,"18":2,"19":1,"20":61,"21":1,"22":0,"23":0,"24":2,"25":2,"26":96,"27":2,"28":96,"29":1,"30":1,"31":0,"32":1,"33":32,"34":1,"35":1,"36":61,"37":342,"38":10,"39":10,"40":10,"41":10,"42":3,"43":10,"44":1,"45":1,"46":3,"47":1},"f":{"0":2,"1":0,"2":0,"3":176,"4":2,"5":61,"6":0,"7":96,"8":1,"9":32,"10":1},"b":{"0":[0,2],"1":[1,1],"2":[0,1],"3":[0,1],"4":[3,7]}}
,"/Users/maxisoft/Sites/instantcms-mcp/src/tools/db-tool.ts": {"path":"/Users/maxisoft/Sites/instantcms-mcp/src/tools/db-tool.ts","statementMap":{"0":{"start":{"line":4,"column":0},"end":{"line":4,"column":16}},"1":{"start":{"line":57,"column":0},"end":{"line":57,"column":16}},"2":{"start":{"line":84,"column":0},"end":{"line":84,"column":16}},"3":{"start":{"line":100,"column":0},"end":{"line":100,"column":16}},"4":{"start":{"line":1,"column":0},"end":{"line":1,"column":69}},"5":{"start":{"line":2,"column":0},"end":{"line":2,"column":50}},"6":{"start":{"line":5,"column":2},"end":{"line":43,"column":3}},"7":{"start":{"line":6,"column":18},"end":{"line":7,"column":null}},"8":{"start":{"line":7,"column":11},"end":{"line":7,"column":67}},"9":{"start":{"line":10,"column":4},"end":{"line":21,"column":5}},"10":{"start":{"line":11,"column":22},"end":{"line":12,"column":null}},"11":{"start":{"line":12,"column":13},"end":{"line":12,"column":87}},"12":{"start":{"line":14,"column":6},"end":{"line":20,"column":8}},"13":{"start":{"line":16,"column":51},"end":{"line":19,"column":10}},"14":{"start":{"line":23,"column":4},"end":{"line":42,"column":6}},"15":{"start":{"line":28,"column":37},"end":{"line":35,"column":8}},"16":{"start":{"line":36,"column":39},"end":{"line":40,"column":8}},"17":{"start":{"line":45,"column":2},"end":{"line":54,"column":4}},"18":{"start":{"line":47,"column":44},"end":{"line":52,"column":6}},"19":{"start":{"line":51,"column":41},"end":{"line":51,"column":61}},"20":{"start":{"line":58,"column":23},"end":{"line":58,"column":86}},"21":{"start":{"line":58,"column":55},"end":{"line":58,"column":85}},"22":{"start":{"line":60,"column":2},"end":{"line":62,"column":3}},"23":{"start":{"line":61,"column":4},"end":{"line":61,"column":57}},"24":{"start":{"line":64,"column":21},"end":{"line":64,"column":76}},"25":{"start":{"line":64,"column":53},"end":{"line":64,"column":75}},"26":{"start":{"line":66,"column":2},"end":{"line":81,"column":4}},"27":{"start":{"line":68,"column":42},"end":{"line":72,"column":6}},"28":{"start":{"line":73,"column":47},"end":{"line":73,"column":81}},"29":{"start":{"line":78,"column":49},"end":{"line":78,"column":64}},"30":{"start":{"line":78,"column":75},"end":{"line":78,"column":81}},"31":{"start":{"line":85,"column":2},"end":{"line":97,"column":4}},"32":{"start":{"line":87,"column":88},"end":{"line":91,"column":6}},"33":{"start":{"line":92,"column":42},"end":{"line":96,"column":6}},"34":{"start":{"line":101,"column":16},"end":{"line":102,"column":null}},"35":{"start":{"line":102,"column":9},"end":{"line":102,"column":98}},"36":{"start":{"line":105,"column":2},"end":{"line":107,"column":3}},"37":{"start":{"line":106,"column":4},"end":{"line":106,"column":58}},"38":{"start":{"line":109,"column":45},"end":{"line":109,"column":47}},"39":{"start":{"line":110,"column":2},"end":{"line":113,"column":3}},"40":{"start":{"line":111,"column":21},"end":{"line":111,"column":53}},"41":{"start":{"line":112,"column":4},"end":{"line":112,"column":59}},"42":{"start":{"line":115,"column":2},"end":{"line":139,"column":4}},"43":{"start":{"line":123,"column":35},"end":{"line":131,"column":6}},"44":{"start":{"line":132,"column":37},"end":{"line":136,"column":6}},"45":{"start":{"line":143,"column":34},"end":{"line":143,"column":36}},"46":{"start":{"line":144,"column":19},"end":{"line":144,"column":49}},"47":{"start":{"line":146,"column":2},"end":{"line":170,"column":3}},"48":{"start":{"line":147,"column":4},"end":{"line":157,"column":5}},"49":{"start":{"line":148,"column":6},"end":{"line":156,"column":7}},"50":{"start":{"line":149,"column":8},"end":{"line":155,"column":9}},"51":{"start":{"line":150,"column":10},"end":{"line":154,"column":13}},"52":{"start":{"line":159,"column":4},"end":{"line":169,"column":5}},"53":{"start":{"line":160,"column":6},"end":{"line":168,"column":7}},"54":{"start":{"line":161,"column":8},"end":{"line":167,"column":9}},"55":{"start":{"line":161,"column":35},"end":{"line":161,"column":75}},"56":{"start":{"line":162,"column":10},"end":{"line":166,"column":13}},"57":{"start":{"line":172,"column":2},"end":{"line":172,"column":36}},"58":{"start":{"line":176,"column":45},"end":{"line":182,"column":4}},"59":{"start":{"line":184,"column":2},"end":{"line":190,"column":3}},"60":{"start":{"line":185,"column":4},"end":{"line":189,"column":28}},"61":{"start":{"line":185,"column":44},"end":{"line":185,"column":63}},"62":{"start":{"line":186,"column":9},"end":{"line":189,"column":28}},"63":{"start":{"line":186,"column":82},"end":{"line":186,"column":103}},"64":{"start":{"line":187,"column":9},"end":{"line":189,"column":28}},"65":{"start":{"line":187,"column":51},"end":{"line":187,"column":72}},"66":{"start":{"line":188,"column":9},"end":{"line":189,"column":28}},"67":{"start":{"line":188,"column":81},"end":{"line":188,"column":101}},"68":{"start":{"line":189,"column":9},"end":{"line":189,"column":28}},"69":{"start":{"line":192,"column":2},"end":{"line":192,"column":20}},"70":{"start":{"line":196,"column":21},"end":{"line":196,"column":66}},"71":{"start":{"line":196,"column":45},"end":{"line":196,"column":65}},"72":{"start":{"line":197,"column":13},"end":{"line":197,"column":42}},"73":{"start":{"line":199,"column":2},"end":{"line":214,"column":31}},"74":{"start":{"line":207,"column":27},"end":{"line":207,"column":46}},"75":{"start":{"line":211,"column":27},"end":{"line":211,"column":47}}},"fnMap":{"0":{"name":"introspectDatabase","decl":{"start":{"line":4,"column":16},"end":{"line":4,"column":34}},"loc":{"start":{"line":4,"column":53},"end":{"line":55,"column":1}}},"1":{"name":"(anonymous_1)","decl":{"start":{"line":7,"column":6},"end":{"line":7,"column":7}},"loc":{"start":{"line":7,"column":11},"end":{"line":7,"column":67}}},"2":{"name":"(anonymous_2)","decl":{"start":{"line":12,"column":8},"end":{"line":12,"column":9}},"loc":{"start":{"line":12,"column":13},"end":{"line":12,"column":87}}},"3":{"name":"(anonymous_3)","decl":{"start":{"line":16,"column":45},"end":{"line":16,"column":46}},"loc":{"start":{"line":16,"column":51},"end":{"line":19,"column":10}}},"4":{"name":"(anonymous_4)","decl":{"start":{"line":28,"column":31},"end":{"line":28,"column":32}},"loc":{"start":{"line":28,"column":37},"end":{"line":35,"column":8}}},"5":{"name":"(anonymous_5)","decl":{"start":{"line":36,"column":33},"end":{"line":36,"column":34}},"loc":{"start":{"line":36,"column":39},"end":{"line":40,"column":8}}},"6":{"name":"(anonymous_6)","decl":{"start":{"line":47,"column":38},"end":{"line":47,"column":39}},"loc":{"start":{"line":47,"column":44},"end":{"line":52,"column":6}}},"7":{"name":"(anonymous_7)","decl":{"start":{"line":51,"column":36},"end":{"line":51,"column":37}},"loc":{"start":{"line":51,"column":41},"end":{"line":51,"column":61}}},"8":{"name":"listContentTypes","decl":{"start":{"line":57,"column":16},"end":{"line":57,"column":32}},"loc":{"start":{"line":57,"column":32},"end":{"line":82,"column":1}}},"9":{"name":"(anonymous_9)","decl":{"start":{"line":58,"column":50},"end":{"line":58,"column":51}},"loc":{"start":{"line":58,"column":55},"end":{"line":58,"column":85}}},"10":{"name":"(anonymous_10)","decl":{"start":{"line":64,"column":48},"end":{"line":64,"column":49}},"loc":{"start":{"line":64,"column":53},"end":{"line":64,"column":75}}},"11":{"name":"(anonymous_11)","decl":{"start":{"line":68,"column":36},"end":{"line":68,"column":37}},"loc":{"start":{"line":68,"column":42},"end":{"line":72,"column":6}}},"12":{"name":"(anonymous_12)","decl":{"start":{"line":73,"column":42},"end":{"line":73,"column":43}},"loc":{"start":{"line":73,"column":47},"end":{"line":73,"column":81}}},"13":{"name":"(anonymous_13)","decl":{"start":{"line":78,"column":44},"end":{"line":78,"column":45}},"loc":{"start":{"line":78,"column":49},"end":{"line":78,"column":64}}},"14":{"name":"(anonymous_14)","decl":{"start":{"line":78,"column":70},"end":{"line":78,"column":71}},"loc":{"start":{"line":78,"column":75},"end":{"line":78,"column":81}}},"15":{"name":"listDatabaseEvents","decl":{"start":{"line":84,"column":16},"end":{"line":84,"column":34}},"loc":{"start":{"line":84,"column":34},"end":{"line":98,"column":1}}},"16":{"name":"(anonymous_16)","decl":{"start":{"line":87,"column":61},"end":{"line":87,"column":62}},"loc":{"start":{"line":87,"column":88},"end":{"line":91,"column":6}}},"17":{"name":"(anonymous_17)","decl":{"start":{"line":92,"column":36},"end":{"line":92,"column":37}},"loc":{"start":{"line":92,"column":42},"end":{"line":96,"column":6}}},"18":{"name":"describeTable","decl":{"start":{"line":100,"column":16},"end":{"line":100,"column":29}},"loc":{"start":{"line":100,"column":47},"end":{"line":140,"colum
[...]
":{"line":121,"column":46},"end":{"line":121,"column":55}}]},"16":{"loc":{"start":{"line":123,"column":11},"end":{"line":123,"column":49}},"type":"cond-expr","locations":[{"start":{"line":123,"column":24},"end":{"line":123,"column":37}},{"start":{"line":123,"column":40},"end":{"line":123,"column":49}}]},"17":{"loc":{"start":{"line":129,"column":2},"end":{"line":132,"column":3}},"type":"if","locations":[{"start":{"line":129,"column":2},"end":{"line":132,"column":3}},{"start":{},"end":{}}]},"18":{"loc":{"start":{"line":135,"column":2},"end":{"line":138,"column":3}},"type":"if","locations":[{"start":{"line":135,"column":2},"end":{"line":138,"column":3}},{"start":{},"end":{}}]},"19":{"loc":{"start":{"line":141,"column":2},"end":{"line":144,"column":3}},"type":"if","locations":[{"start":{"line":141,"column":2},"end":{"line":144,"column":3}},{"start":{},"end":{}}]},"20":{"loc":{"start":{"line":147,"column":2},"end":{"line":150,"column":3}},"type":"if","locations":[{"start":{"line":147,"column":2},"end":{"line":150,"column":3}},{"start":{},"end":{}}]},"21":{"loc":{"start":{"line":206,"column":0},"end":{"line":210,"column":1}},"type":"if","locations":[{"start":{"line":206,"column":0},"end":{"line":210,"column":1}},{"start":{},"end":{}}]}},"s":{"0":0,"1":0,"2":0,"3":0,"4":0,"5":0,"6":0,"7":0,"8":0,"9":0,"10":0,"11":0,"12":0,"13":0,"14":0,"15":0,"16":0,"17":0,"18":0,"19":0,"20":0,"21":0,"22":0,"23":0,"24":0,"25":0,"26":0,"27":0,"28":0,"29":0,"30":0,"31":0,"32":0,"33":0,"34":0,"35":0,"36":0,"37":0,"38":0,"39":0,"40":0,"41":0,"42":0,"43":0,"44":0,"45":0,"46":0,"47":0,"48":0,"49":0,"50":0,"51":0,"52":0,"53":0,"54":0,"55":0,"56":0,"57":0,"58":0,"59":0,"60":0,"61":0,"62":0,"63":0,"64":0,"65":0,"66":0,"67":0,"68":0,"69":0,"70":0,"71":0,"72":0,"73":0,"74":0,"75":0,"76":0,"77":0,"78":0,"79":0,"80":0,"81":0,"82":0,"83":0},"f":{"0":0,"1":0,"2":0,"3":0,"4":0,"5":0,"6":0,"7":0},"b":{"0":[0,0],"1":[0,0],"2":[0,0],"3":[0,0],"4":[0,0],"5":[0,0],"6":[0,0,0],"7":[0,0],"8":[0,0],"9":[0,0],"10":[0,0],"11":[0,0],"12":[0,0],"13":[0,0],"14":[0,0],"15":[0,0],"16":[0,0],"17":[0,0],"18":[0,0],"19":[0,0],"20":[0,0],"21":[0,0]}}
,"/Users/maxisoft/Sites/instantcms-mcp/src/tools/parser/traits-parser.ts": {"path":"/Users/maxisoft/Sites/instantcms-mcp/src/tools/parser/traits-parser.ts","statementMap":{"0":{"start":{"line":92,"column":0},"end":{"line":92,"column":16}},"1":{"start":{"line":1,"column":0},"end":{"line":1,"column":25}},"2":{"start":{"line":2,"column":0},"end":{"line":2,"column":29}},"3":{"start":{"line":27,"column":18},"end":{"line":27,"column":52}},"4":{"start":{"line":29,"column":20},"end":{"line":29,"column":52}},"5":{"start":{"line":30,"column":2},"end":{"line":30,"column":30}},"6":{"start":{"line":30,"column":18},"end":{"line":30,"column":30}},"7":{"start":{"line":32,"column":15},"end":{"line":32,"column":27}},"8":{"start":{"line":34,"column":21},"end":{"line":34,"column":51}},"9":{"start":{"line":35,"column":2},"end":{"line":35,"column":31}},"10":{"start":{"line":35,"column":19},"end":{"line":35,"column":31}},"11":{"start":{"line":37,"column":20},"end":{"line":37,"column":33}},"12":{"start":{"line":40,"column":19},"end":{"line":40,"column":49}},"13":{"start":{"line":41,"column":2},"end":{"line":46,"column":3}},"14":{"start":{"line":42,"column":22},"end":{"line":42,"column":55}},"15":{"start":{"line":43,"column":4},"end":{"line":45,"column":5}},"16":{"start":{"line":44,"column":6},"end":{"line":44,"column":73}},"17":{"start":{"line":48,"column":33},"end":{"line":48,"column":35}},"18":{"start":{"line":49,"column":22},"end":{"line":49,"column":84}},"19":{"start":{"line":52,"column":2},"end":{"line":61,"column":3}},"20":{"start":{"line":53,"column":22},"end":{"line":53,"column":43}},"21":{"start":{"line":54,"column":19},"end":{"line":54,"column":75}},"22":{"start":{"line":54,"column":61},"end":{"line":54,"column":69}},"23":{"start":{"line":56,"column":4},"end":{"line":60,"column":7}},"24":{"start":{"line":63,"column":2},"end":{"line":69,"column":4}},"25":{"start":{"line":73,"column":2},"end":{"line":73,"column":38}},"26":{"start":{"line":73,"column":31},"end":{"line":73,"column":38}},"27":{"start":{"line":75,"column":18},"end":{"line":75,"column":66}},"28":{"start":{"line":77,"column":2},"end":{"line":89,"column":3}},"29":{"start":{"line":78,"column":22},"end":{"line":78,"column":52}},"30":{"start":{"line":80,"column":4},"end":{"line":88,"column":5}},"31":{"start":{"line":81,"column":27},"end":{"line":81,"column":81}},"32":{"start":{"line":82,"column":6},"end":{"line":82,"column":53}},"33":{"start":{"line":83,"column":11},"end":{"line":88,"column":5}},"34":{"start":{"line":84,"column":20},"end":{"line":84,"column":56}},"35":{"start":{"line":85,"column":6},"end":{"line":87,"column":7}},"36":{"start":{"line":86,"column":8},"end":{"line":86,"column":27}},"37":{"start":{"line":93,"column":20},"end":{"line":93,"column":60}},"38":{"start":{"line":94,"column":30},"end":{"line":94,"column":32}},"39":{"start":{"line":96,"column":2},"end":{"line":96,"column":43}},"40":{"start":{"line":98,"column":51},"end":{"line":98,"column":53}},"41":{"start":{"line":99,"column":2},"end":{"line":104,"column":3}},"42":{"start":{"line":100,"column":4},"end":{"line":102,"column":5}},"43":{"start":{"line":101,"column":6},"end":{"line":101,"column":40}},"44":{"start":{"line":103,"column":4},"end":{"line":103,"column":45}},"45":{"start":{"line":106,"column":26},"end":{"line":111,"column":4}},"46":{"start":{"line":109,"column":43},"end":{"line":109,"column":65}},"47":{"start":{"line":113,"column":28},"end":{"line":152,"column":2}},"48":{"start":{"line":154,"column":2},"end":{"line":154,"column":50}},"49":{"start":{"line":155,"column":2},"end":{"line":155,"column":106}},"50":{"start":{"line":158,"column":0},"end":{"line":162,"column":1}},"51":{"start":{"line":159,"column":21},"end":{"line":159,"column":43}},"52":{"start":{"line":160,"column":21},"end":{"line":160,"column":59}},"53":{"start":{"line":161,"column":2},"end":{"line":161,"column":44}}},"fnMap":{"0":{"name":"parseTraitFile","decl":{"start":{"line":26,"column":9},"end":{"line":26,"column":23}},"loc":{"start":{"line":26,"column":59},"end":{"line":70,"column":1}}},"1":{"name":"(anonymous_10)","decl":{"start":{"line":54,"column":56},"end":{"line":54,"column":57}},"loc":{"start":{"line":54,"column":61},"end":{"line":54,"column":69}}},"2":{"name":"scanTraitsDir","decl":{"start":{"line":72,"column":9},"end":{"line":72,"column":22}},"loc":{"start":{"line":72,"column":78},"end":{"line":90,"column":1}}},"3":{"name":"generateTraitsMap","decl":{"start":{"line":92,"column":16},"end":{"line":92,"column":33}},"loc":{"start":{"line":92,"column":71},"end":{"line":156,"column":1}}},"4":{"name":"(anonymous_13)","decl":{"start":{"line":109,"column":31},"end":{"line":109,"column":32}},"loc":{"start":{"line":109,"column":43},"end":{"line":109,"column":65}}}},"branchMap":{"0":{"loc":{"start":{"line":30,"column":2},"end":{"line":30,"column":30}},"type":"if","locations":[{"start":{"line":30,"column":2},"end":{"line":30,"column":30}},{"start":{},"end":{}}]},"1":{"loc":{"start":{"line":35,"column":2},"end":{"line":35,"column":31}},"type":"if","locations":[{"start":{"line":35,"column":2},"end":{"line":35,"column":31}},{"start":{},"end":{}}]},"2":{"loc":{"start":{"line":41,"column":2},"end":{"line":46,"column":3}},"type":"if","locations":[{"start":{"line":41,"column":2},"end":{"line":46,"column":3}},{"start":{},"end":{}}]},"3":{"loc":{"start":{"line":43,"column":4},"end":{"line":45,"column":5}},"type":"if","locations":[{"start":{"line":43,"column":4},"end":{"line":45,"column":5}},{"start":{},"end":{}}]},"4":{"loc":{"start":{"line":54,"column":19},"end":{"line":54,"column":75}},"type":"cond-expr","locations":[{"start":{"line":54,"column":31},"end":{"line":54,"column":70}},{"start":{"line":54,"column":73},"end":{"line":54,"column":75}}]},"5":{"loc":{"start":{"line":73,"column":2},"end":{"line":73,"column":38}},"type":"if","locations":[{"start":{"line":73,"column":2},"end":{"line":73,"column":38}},{"start":{},"end":{}}]},"6":{"loc":{"start":{"line":80,"column":4},"end":{"line":88,"column":5}},"type":"if","locations":[{"start":{"line":80,"column":4},"end":{"line":88,"column":5}},{"start":{"line":83,"column":11},"end":{"line":88,"column":5}}]},"7":{"loc":{"start":{"line":81,"column":27},"end":{"line":81,"column":81}},"type":"cond-expr","locations":[{"start":{"line":81,"column":39},"end":{"line":81,"column":68}},{"start":{"line":81,"column":71},"end":{"line":81,"column":81}}]},"8":{"loc":{"start":{"line":83,"column":11},"end":{"line":88,"column":5}},"type":"if","locations":[{"start":{"line":83,"column":11},"end":{"line":88,"column":5}},{"start":{},"end":{}}]},"9":{"loc":{"start":{"line":85,"column":6},"end":{"line":87,"column":7}},"type":"if","locations":[{"start":{"line":85,"column":6},"end":{"line":87,"column":7}},{"start":{},"end":{}}]},"10":{"loc":{"start":{"line":100,"column":4},"end":{"line":102,"column":5}},"type":"if","locations":[{"start":{"line":100,"column":4},"end":{"line":102,"column":5}},{"start":{},"end":{}}]},"11":{"loc":{"start":{"line":158,"column":0},"end":{"line":162,"column":1}},"type":"if","locations":[{"start":{"line":158,"column":0},"end":{"line":162,"column":1}},{"start":{},"end":{}}]}},"s":{"0":0,"1":0,"2":0,"3":0,"4":0,"5":0,"6":0,"7":0,"8":0,"9":0,"10":0,"11":0,"12":0,"13":0,"14":0,"15":0,"16":0,"17":0,"18":0,"19":0,"20":0,"21":0,"22":0,"23":0,"24":0,"25":0,"26":0,"27":0,"28":0,"29":0,"30":0,"31":0,"32":0,"33":0,"34":0,"35":0,"36":0,"37":0,"38":0,"39":0,"40":0,"41":0,"42":0,"43":0,"44":0,"45":0,"46":0,"47":0,"48":0,"49":0,"50":0,"51":0,"52":0,"53":0},"f":{"0":0,"1":0,"2":0,"3":0,"4":0},"b":{"0":[0,0],"1":[0,0],"2":[0,0],"3":[0,0],"4":[0,0],"5":[0,0],"6":[0,0],"7":[0,0],"8":[0,0],"9":[0,0],"10":[0,0],"11":[0,0]}}
,"/Users/maxisoft/Sites/instantcms-mcp/src/tools/parser/widgets-parser.ts": {"path":"/Users/maxisoft/Sites/instantcms-mcp/src/tools/parser/widgets-parser.ts","statementMap":{"0":{"start":{"line":102,"column":0},"end":{"line":102,"column":16}},"1":{"start":{"line":1,"column":0},"end":{"line":1,"column":25}},"2":{"start":{"line":2,"column":0},"end":{"line":2,"column":29}},"3":{"start":{"line":29,"column":2},"end":{"line":29,"column":42}},"4":{"start":{"line":29,"column":32},"end":{"line":29,"column":42}},"5":{"start":{"line":31,"column":18},"end":{"line":31,"column":52}},"6":{"start":{"line":32,"column":34},"end":{"line":32,"column":36}},"7":{"start":{"line":34,"column":23},"end":{"line":34,"column":87}},"8":{"start":{"line":35,"column":2},"end":{"line":37,"column":3}},"9":{"start":{"line":36,"column":4},"end":{"line":36,"column":51}},"10":{"start":{"line":39,"column":25},"end":{"line":39,"column":82}},"11":{"start":{"line":40,"column":2},"end":{"line":48,"column":3}},"12":{"start":{"line":41,"column":17},"end":{"line":41,"column":25}},"13":{"start":{"line":42,"column":15},"end":{"line":42,"column":23}},"14":{"start":{"line":43,"column":4},"end":{"line":46,"column":88}},"15":{"start":{"line":43,"column":71},"end":{"line":43,"column":85}},"16":{"start":{"line":44,"column":9},"end":{"line":46,"column":88}},"17":{"start":{"line":44,"column":74},"end":{"line":44,"column":90}},"18":{"start":{"line":45,"column":9},"end":{"line":46,"column":88}},"19":{"start":{"line":45,"column":72},"end":{"line":45,"column":86}},"20":{"start":{"line":46,"column":9},"end":{"line":46,"column":88}},"21":{"start":{"line":46,"column":73},"end":{"line":46,"column":88}},"22":{"start":{"line":47,"column":4},"end":{"line":47,"column":33}},"23":{"start":{"line":50,"column":2},"end":{"line":50,"column":17}},"24":{"start":{"line":54,"column":2},"end":{"line":54,"column":38}},"25":{"start":{"line":54,"column":31},"end":{"line":54,"column":38}},"26":{"start":{"line":56,"column":18},"end":{"line":56,"column":66}},"27":{"start":{"line":58,"column":2},"end":{"line":99,"column":3}},"28":{"start":{"line":59,"column":4},"end":{"line":59,"column":39}},"29":{"start":{"line":59,"column":30},"end":{"line":59,"column":39}},"30":{"start":{"line":60,"column":4},"end":{"line":60,"column":45}},"31":{"start":{"line":60,"column":36},"end":{"line":60,"column":45}},"32":{"start":{"line":62,"column":23},"end":{"line":62,"column":53}},"33":{"start":{"line":63,"column":23},"end":{"line":63,"column":58}},"34":{"start":{"line":64,"column":28},"end":{"line":64,"column":69}},"35":{"start":{"line":66,"column":4},"end":{"line":98,"column":5}},"36":{"start":{"line":67,"column":22},"end":{"line":67,"column":58}},"37":{"start":{"line":69,"column":25},"end":{"line":69,"column":79}},"38":{"start":{"line":70,"column":6},"end":{"line":97,"column":7}},"39":{"start":{"line":71,"column":26},"end":{"line":71,"column":39}},"40":{"start":{"line":72,"column":29},"end":{"line":72,"column":42}},"41":{"start":{"line":75,"column":32},"end":{"line":75,"column":69}},"42":{"start":{"line":76,"column":8},"end":{"line":78,"column":9}},"43":{"start":{"line":77,"column":10},"end":{"line":77,"column":56}},"44":{"start":{"line":81,"column":25},"end":{"line":81,"column":55}},"45":{"start":{"line":82,"column":8},"end":{"line":84,"column":9}},"46":{"start":{"line":83,"column":10},"end":{"line":83,"column":43}},"47":{"start":{"line":86,"column":8},"end":{"line":96,"column":11}},"48":{"start":{"line":103,"column":21},"end":{"line":103,"column":62}},"49":{"start":{"line":104,"column":32},"end":{"line":104,"column":34}},"50":{"start":{"line":106,"column":2},"end":{"line":106,"column":38}},"51":{"start":{"line":108,"column":45},"end":{"line":108,"column":47}},"52":{"start":{"line":109,"column":53},"end":{"line":109,"column":55}},"53":{"start":{"line":111,"column":2},"end":{"line":119,"column":3}},"54":{"start":{"line":112,"column":4},"end":{"line":112,"column":33}},"55":{"start":{"line":114,"column":17},"end":{"line":114,"column":47}},"56":{"start":{"line":115,"column":4},"end":{"line":117,"column":5}},"57":{"start":{"line":116,"column":6},"end":{"line":116,"column":30}},"58":{"start":{"line":118,"column":4},"end":{"line":118,"column":36}},"59":{"start":{"line":121,"column":27},"end":{"line":127,"column":4}},"60":{"start":{"line":129,"column":28},"end":{"line":169,"column":2}},"61":{"start":{"line":171,"column":2},"end":{"line":171,"column":50}},"62":{"start":{"line":172,"column":2},"end":{"line":172,"column":72}},"63":{"start":{"line":175,"column":0},"end":{"line":179,"column":1}},"64":{"start":{"line":176,"column":21},"end":{"line":176,"column":43}},"65":{"start":{"line":177,"column":21},"end":{"line":177,"column":60}},"66":{"start":{"line":178,"column":2},"end":{"line":178,"column":45}}},"fnMap":{"0":{"name":"parseWidgetOptionsForm","decl":{"start":{"line":28,"column":9},"end":{"line":28,"column":31}},"loc":{"start":{"line":28,"column":48},"end":{"line":51,"column":1}}},"1":{"name":"scanWidgetsDir","decl":{"start":{"line":53,"column":9},"end":{"line":53,"column":23}},"loc":{"start":{"line":53,"column":62},"end":{"line":100,"column":1}}},"2":{"name":"generateWidgetsMap","decl":{"start":{"line":102,"column":16},"end":{"line":102,"column":34}},"loc":{"start":{"line":102,"column":72},"end":{"line":173,"column":1}}}},"branchMap":{"0":{"loc":{"start":{"line":29,"column":2},"end":{"line":29,"column":42}},"type":"if","locations":[{"start":{"line":29,"column":2},"end":{"line":29,"column":42}},{"start":{},"end":{}}]},"1":{"loc":{"start":{"line":43,"column":4},"end":{"line":46,"column":88}},"type":"if","locations":[{"start":{"line":43,"column":4},"end":{"line":46,"column":88}},{"start":{"line":44,"column":9},"end":{"line":46,"column":88}}]},"2":{"loc":{"start":{"line":43,"column":8},"end":{"line":43,"column":69}},"type":"binary-expr","locations":[{"start":{"line":43,"column":8},"end":{"line":43,"column":37}},{"start":{"line":43,"column":41},"end":{"line":43,"column":69}}]},"3":{"loc":{"start":{"line":44,"column":9},"end":{"line":46,"column":88}},"type":"if","locations":[{"start":{"line":44,"column":9},"end":{"line":46,"column":88}},{"start":{"line":45,"column":9},"end":{"line":46,"column":88}}]},"4":{"loc":{"start":{"line":44,"column":13},"end":{"line":44,"column":72}},"type":"binary-expr","locations":[{"start":{"line":44,"column":13},"end":{"line":44,"column":42}},{"start":{"line":44,"column":46},"end":{"line":44,"column":72}}]},"5":{"loc":{"start":{"line":45,"column":9},"end":{"line":46,"column":88}},"type":"if","locations":[{"start":{"line":45,"column":9},"end":{"line":46,"column":88}},{"start":{"line":46,"column":9},"end":{"line":46,"column":88}}]},"6":{"loc":{"start":{"line":45,"column":13},"end":{"line":45,"column":70}},"type":"binary-expr","locations":[{"start":{"line":45,"column":13},"end":{"line":45,"column":42}},{"start":{"line":45,"column":46},"end":{"line":45,"column":70}}]},"7":{"loc":{"start":{"line":46,"column":9},"end":{"line":46,"column":88}},"type":"if","locations":[{"start":{"line":46,"column":9},"end":{"line":46,"column":88}},{"start":{},"end":{}}]},"8":{"loc":{"start":{"line":46,"column":13},"end":{"line":46,"column":71}},"type":"binary-expr","locations":[{"start":{"line":46,"column":13},"end":{"line":46,"column":42}},{"start":{"line":46,"column":46},"end":{"line":46,"column":71}}]},"9":{"loc":{"start":{"line":54,"column":2},"end":{"line":54,"column":38}},"type":"if","locations":[{"start":{"line":54,"column":2},"end":{"line":54,"column":38}},{"start":{},"end":{}}]},"10":{"loc":{"start":{"line":59,"column":4},"end":{"line":59,"column":39}},"type":"if","locations":[{"start":{"line":59,"column":4},"end":{"line":59,"column":39}},{"start":{},"end":{}}]},"11":{"loc":{"start":{"line":60,"column":4},"end":{"line":60,"column":45}},"type":"if","locations":[{"start":{"line":60,"column":4},"end":{"line":60,"column":45}},{"start":{},"end":{}}]},"12":{"loc":{"start":{"line":66,"column":4},"end":{"line":98,"column":5}},"type":"if","locations":[{"start":{"line":66,"column":4},"end":{"line":98,"column":5}},{"start":{},"end":{}}]},"13":{"loc":{"start":{"line":70,"column":6},"end":{"line":97,"column":7}},"type":"if","locations":[{"start":{"line":70,"column":6},"end":{"line":97,"column":7}},{"start":{},"end":{}}]},"14":{"loc":{"start":{"line":76,"column":8},"end":{"line":78,"column":9}},"type":"if","locations":[{"start":{"line":76,"column":8},"end":{"line":78,"column":9}},{"start":{},"end":{}}]},"15":{"loc":{"start":{"line":82,"column":8},"end":{"line":84,"column":9}},"type":"if","locations":[{"start":{"line":82,"column":8},"end":{"line":84,"column":9}},{"start":{},"end":{}}]},"16":{"loc":{"start":{"line":92,"column":27},"end":{"line":94,"column":23}},"type":"cond-expr","locations":[{"start":{"line":93,"column":14},"end":{"line":93,"column":56}},{"start":{"line":94,"column":14},"end":{"line":94,"column":23}}]},"17":{"loc":{"start":{"line":114,"column":17},"end":{"line":114,"column":47}},"type":"binary-expr","locations":[{"start":{"line":114,"column":17},"end":{"line":114,"column":34}},{"start":{"line":114,"column":38},"end":{"line":114,"column":47}}]},"18":{"loc":{"start":{"line":115,"column":4},"end":{"line":117,"column":5}},"type":"if","locations":[{"start":{"line":115,"column":4},"end":{"line":117,"column":5}},{"start":{},"end":{}}]},"19":{"loc":{"start":{"line":175,"column":0},"end":{"line":179,"column":1}},"type":"if","locations":[{"start":{"line":175,"column":0},"end":{"line":179,"column":1}},{"start":{},"end":{}}]}},"s":{"0":0,"1":0,"2":0,"3":0,"4":0,"5":0,"6":0,"7":0,"8":0,"9":0,"10":0,"11":0,"12":0,"13":0,"14":0,"15":0,"16":0,"17":0,"18":0,"19":0,"20":0,"21":0,"22":0,"23":0,"24":0,"25":0,"26":0,"27":0,"28":0,"29":0,"30":0,"31":0,"32":0,"33":0,"34":0,"35":0,"36":0,"37":0,"38":0,"39":0,"40":0,"41":0,"42":0,"43":0,"44":0,"45":0,"46":0,"47":0,"48":0,"49":0,"50":0,"51":0,"52":0,"53":0,"54":0,"55":0,"56":0,"57":0,"58":0,"59":0,"60":0,"61":0,"62":0,"63":0,"64":0,"65":0,"66":0},"f":{"0":0,"1":0,"2":0},"b":{"0":[0,0],"1":[0,0],"2":[0,0],"3":[0,0],"4":[0,0],"5":[0,0],"6":[0,0],"7":[0,0],"8":[0,0],"9":[0,0],"10":[0,0],"11":[0,0],"12":[0,0],"13":[0,0],"14":[0,0],"15":[0,0],"16":[0,0],"17":[0,0],"18":[0,0],"19":[0,0]}}
}
