TN:
SF:src/index.ts
FN:9,(anonymous_0)
FN:11,(anonymous_1)
FNF:2
FNH:0
FNDA:0,(anonymous_0)
FNDA:0,(anonymous_1)
DA:3,0
DA:4,0
DA:6,0
DA:7,0
DA:9,0
DA:12,0
DA:13,0
LF:7
LH:0
BRF:0
BRH:0
end_of_record
TN:
SF:src/server.ts
FN:26,createServer
FN:47,(anonymous_1)
FN:74,(anonymous_2)
FN:95,(anonymous_3)
FN:113,(anonymous_4)
FN:131,(anonymous_5)
FN:150,(anonymous_6)
FN:166,(anonymous_7)
FN:185,(anonymous_8)
FN:204,(anonymous_9)
FN:223,(anonymous_10)
FN:243,(anonymous_11)
FN:259,(anonymous_12)
FN:345,(anonymous_13)
FN:382,(anonymous_14)
FN:399,(anonymous_15)
FN:417,(anonymous_16)
FN:433,(anonymous_17)
FN:449,(anonymous_18)
FN:468,(anonymous_19)
FN:486,(anonymous_20)
FN:505,(anonymous_21)
FN:521,(anonymous_22)
FN:546,(anonymous_23)
FN:562,(anonymous_24)
FN:580,(anonymous_25)
FN:596,(anonymous_26)
FN:614,(anonymous_27)
FN:637,(anonymous_28)
FN:659,(anonymous_29)
FN:677,(anonymous_30)
FN:695,(anonymous_31)
FN:713,(anonymous_32)
FN:729,(anonymous_33)
FN:747,(anonymous_34)
FN:765,(anonymous_35)
FN:790,(anonymous_36)
FN:808,(anonymous_37)
FN:826,(anonymous_38)
FN:844,(anonymous_39)
FN:863,(anonymous_40)
FN:876,(anonymous_41)
FN:889,(anonymous_42)
FN:902,(anonymous_43)
FNF:44
FNH:0
FNDA:0,createServer
FNDA:0,(anonymous_1)
FNDA:0,(anonymous_2)
FNDA:0,(anonymous_3)
FNDA:0,(anonymous_4)
FNDA:0,(anonymous_5)
FNDA:0,(anonymous_6)
FNDA:0,(anonymous_7)
FNDA:0,(anonymous_8)
FNDA:0,(anonymous_9)
FNDA:0,(anonymous_10)
FNDA:0,(anonymous_11)
FNDA:0,(anonymous_12)
FNDA:0,(anonymous_13)
FNDA:0,(anonymous_14)
FNDA:0,(anonymous_15)
FNDA:0,(anonymous_16)
FNDA:0,(anonymous_17)
FNDA:0,(anonymous_18)
FNDA:0,(anonymous_19)
FNDA:0,(anonymous_20)
FNDA:0,(anonymous_21)
FNDA:0,(anonymous_22)
FNDA:0,(anonymous_23)
FNDA:0,(anonymous_24)
FNDA:0,(anonymous_25)
FNDA:0,(anonymous_26)
FNDA:0,(anonymous_27)
FNDA:0,(anonymous_28)
FNDA:0,(anonymous_29)
FNDA:0,(anonymous_30)
FNDA:0,(anonymous_31)
FNDA:0,(anonymous_32)
FNDA:0,(anonymous_33)
FNDA:0,(anonymous_34)
FNDA:0,(anonymous_35)
FNDA:0,(anonymous_36)
FNDA:0,(anonymous_37)
FNDA:0,(anonymous_38)
FNDA:0,(anonymous_39)
FNDA:0,(anonymous_40)
FNDA:0,(anonymous_41)
FNDA:0,(anonymous_42)
FNDA:0,(anonymous_43)
DA:1,0
DA:2,0
DA:4,0
DA:5,0
DA:13,0
DA:14,0
DA:15,0
DA:16,0
DA:17,0
DA:18,0
DA:19,0
DA:20,0
DA:22,0
DA:23,0
DA:24,0
DA:26,0
DA:28,0
DA:39,0
DA:48,0
DA:49,0
DA:59,0
DA:75,0
DA:76,0
DA:86,0
DA:96,0
DA:97,0
DA:107,0
DA:114,0
DA:115,0
DA:125,0
DA:132,0
DA:133,0
DA:143,0
DA:151,0
DA:152,0
DA:162,0
DA:167,0
DA:168,0
DA:178,0
DA:186,0
DA:187,0
DA:197,0
DA:205,0
DA:206,0
DA:216,0
DA:224,0
DA:225,0
DA:235,0
DA:244,0
DA:245,0
DA:255,0
DA:260,0
DA:285,0
DA:348,0
DA:350,0
DA:351,0
DA:352,0
DA:353,0
DA:356,0
DA:367,0
DA:368,0
DA:378,0
DA:383,0
DA:393,0
DA:400,0
DA:401,0
DA:411,0
DA:418,0
DA:419,0
DA:429,0
DA:434,0
DA:435,0
DA:445,0
DA:450,0
DA:451,0
DA:461,0
DA:469,0
DA:470,0
DA:480,0
DA:487,0
DA:488,0
DA:498,0
DA:506,0
DA:507,0
DA:517,0
DA:522,0
DA:523,0
DA:540,0
DA:547,0
DA:548,0
DA:558,0
DA:563,0
DA:564,0
DA:574,0
DA:581,0
DA:582,0
DA:592,0
DA:597,0
DA:598,0
DA:608,0
DA:615,0
DA:616,0
DA:626,0
DA:638,0
DA:639,0
DA:653,0
DA:660,0
DA:661,0
DA:671,0
DA:678,0
DA:679,0
DA:689,0
DA:696,0
DA:697,0
DA:707,0
DA:714,0
DA:715,0
DA:725,0
DA:730,0
DA:731,0
DA:741,0
DA:748,0
DA:749,0
DA:759,0
DA:766,0
DA:767,0
DA:777,0
DA:791,0
DA:792,0
DA:802,0
DA:809,0
DA:810,0
DA:820,0
DA:827,0
DA:828,0
DA:838,0
DA:845,0
DA:846,0
DA:859,0
DA:863,0
DA:872,0
DA:876,0
DA:885,0
DA:889,0
DA:898,0
DA:902,0
DA:964,0
LF:147
LH:0
BRDA:348,0,0,0
BRDA:348,0,1,0
BRDA:348,1,0,0
BRDA:348,1,1,0
BRDA:351,2,0,0
BRDA:351,2,1,0
BRDA:352,3,0,0
BRDA:352,3,1,0
BRDA:353,4,0,0
BRDA:353,4,1,0
BRF:10
BRH:0
end_of_record
TN:
SF:src/data/components.ts
FNF:0
FNH:0
DA:27,1
LF:1
LH:1
BRF:0
BRH:0
end_of_record
TN:
SF:src/data/controllers-map.ts
FN:7617,getController
FN:7619,(anonymous_1)
FN:7621,(anonymous_2)
FN:7624,getControllerActions
FN:7629,getControllersWithBackend
FN:7630,(anonymous_5)
FN:7633,getBackendControllers
FN:7634,(anonymous_7)
FNF:8
FNH:3
FNDA:3,getController
FNDA:4,(anonymous_1)
FNDA:26,(anonymous_2)
FNDA:0,getControllerActions
FNDA:0,getControllersWithBackend
FNDA:0,(anonymous_5)
FNDA:0,getBackendControllers
FNDA:0,(anonymous_7)
DA:34,1
DA:7617,1
DA:7618,3
DA:7619,4
DA:7621,26
DA:7624,1
DA:7625,0
DA:7626,0
DA:7629,1
DA:7630,0
DA:7633,1
DA:7634,0
LF:12
LH:8
BRDA:7618,0,0,1
BRDA:7618,0,1,2
BRDA:7619,1,0,4
BRDA:7619,1,1,2
BRDA:7626,2,0,0
BRDA:7626,2,1,0
BRDA:7630,3,0,0
BRDA:7630,3,1,0
BRF:8
BRH:4
end_of_record
TN:
SF:src/data/core-api.ts
FNF:0
FNH:0
DA:14,1
DA:325,1
LF:2
LH:2
BRF:0
BRH:0
end_of_record
TN:
SF:src/data/database-schema.ts
FN:4585,getTable
FN:4586,(anonymous_1)
FN:4589,getTablesByPrefix
FN:4590,(anonymous_3)
FNF:4
FNH:0
FNDA:0,getTable
FNDA:0,(anonymous_1)
FNDA:0,getTablesByPrefix
FNDA:0,(anonymous_3)
DA:34,1
DA:4585,1
DA:4586,0
DA:4589,1
DA:4590,0
LF:5
LH:3
BRF:0
BRH:0
end_of_record
TN:
SF:src/data/events-map.ts
FN:1344,getEventsByController
FN:1348,getEventInfo
FN:1352,isEventExists
FNF:3
FNH:0
FNDA:0,getEventsByController
FNDA:0,getEventInfo
FNDA:0,isEventExists
DA:21,1
DA:1344,1
DA:1345,0
DA:1348,1
DA:1349,0
DA:1352,1
DA:1353,0
LF:7
LH:4
BRDA:1345,0,0,0
BRDA:1345,0,1,0
BRF:2
BRH:0
end_of_record
TN:
SF:src/data/fields-map.ts
FN:3715,getField
FN:3719,getFieldTypes
FN:3720,(anonymous_2)
FN:3723,getSystemFields
FN:3727,getFieldOptions
FN:3731,getFieldBySqlTemplate
FN:3732,(anonymous_6)
FNF:7
FNH:1
FNDA:2,getField
FNDA:0,getFieldTypes
FNDA:0,(anonymous_2)
FNDA:0,getSystemFields
FNDA:0,getFieldOptions
FNDA:0,getFieldBySqlTemplate
FNDA:0,(anonymous_6)
DA:51,1
DA:3715,1
DA:3716,2
DA:3719,1
DA:3720,0
DA:3723,1
DA:3724,0
DA:3727,1
DA:3728,0
DA:3731,1
DA:3732,0
LF:11
LH:7
BRF:0
BRH:0
end_of_record
TN:
SF:src/data/hooks.ts
FNF:0
FNH:0
DA:19,1
DA:2013,1
LF:2
LH:2
BRF:0
BRH:0
end_of_record
TN:
SF:src/data/libs-api.ts
FNF:0
FNH:0
DA:147,1
DA:406,1
LF:2
LH:2
BRF:0
BRH:0
end_of_record
TN:
SF:src/data/routes-map.ts
FN:214,getRoutesByController
FN:215,(anonymous_1)
FN:218,getAllRoutes
FN:219,(anonymous_3)
FNF:4
FNH:2
FNDA:4,getRoutesByController
FNDA:6,(anonymous_1)
FNDA:0,getAllRoutes
FNDA:0,(anonymous_3)
DA:23,1
DA:214,1
DA:215,6
DA:218,1
DA:219,0
LF:5
LH:4
BRF:0
BRH:0
end_of_record
TN:
SF:src/data/schemas-validation.ts
FN:221,validateHook
FN:225,validateComponent
FN:229,validateField
FN:233,validateWidget
FN:237,validateTrait
FN:241,validateTable
FN:245,validateEvent
FN:249,validateController
FN:253,validateRoute
FN:257,validateDatabaseSchema
FN:261,validateEventsMap
FN:265,validateControllersMap
FN:269,validateRoutesMap
FN:273,validateCoreClass
FNF:14
FNH:14
FNDA:2,validateHook
FNDA:2,validateComponent
FNDA:2,validateField
FNDA:2,validateWidget
FNDA:2,validateTrait
FNDA:2,validateTable
FNDA:2,validateEvent
FNDA:2,validateController
FNDA:2,validateRoute
FNDA:2,validateDatabaseSchema
FNDA:2,validateEventsMap
FNDA:2,validateControllersMap
FNDA:2,validateRoutesMap
FNDA:2,validateCoreClass
DA:1,1
DA:3,1
DA:10,1
DA:21,1
DA:37,1
DA:45,1
DA:57,1
DA:84,1
DA:90,1
DA:100,1
DA:107,1
DA:115,1
DA:125,1
DA:131,1
DA:138,1
DA:145,1
DA:153,1
DA:162,1
DA:173,1
DA:185,1
DA:192,1
DA:198,1
DA:205,1
DA:211,1
DA:221,1
DA:222,2
DA:225,1
DA:226,2
DA:229,1
DA:230,2
DA:233,1
DA:234,2
DA:237,1
DA:238,2
DA:241,1
DA:242,2
DA:245,1
DA:246,2
DA:249,1
DA:250,2
DA:253,1
DA:254,2
DA:257,1
DA:258,2
DA:261,1
DA:262,2
DA:265,1
DA:266,2
DA:269,1
DA:270,2
DA:273,1
DA:274,2
LF:52
LH:52
BRF:0
BRH:0
end_of_record
TN:
SF:src/data/schemas.ts
FNF:0
FNH:0
DA:21,1
DA:91,1
DA:144,1
DA:1063,1
DA:1290,1
LF:5
LH:5
BRF:0
BRH:0
end_of_record
TN:
SF:src/data/traits-map.ts
FN:1013,getTrait
FN:1014,(anonymous_1)
FN:1017,getTraitMethods
FN:1022,getTraitsByNamespace
FNF:4
FNH:2
FNDA:1,getTrait
FNDA:10,(anonymous_1)
FNDA:0,getTraitMethods
FNDA:0,getTraitsByNamespace
DA:26,1
DA:1013,1
DA:1014,10
DA:1017,1
DA:1018,0
DA:1019,0
DA:1022,1
DA:1023,0
LF:8
LH:5
BRDA:1019,0,0,0
BRDA:1019,0,1,0
BRDA:1023,1,0,0
BRDA:1023,1,1,0
BRF:4
BRH:0
end_of_record
TN:
SF:src/data/widgets-map.ts
FN:143,getWidget
FN:147,getWidgetsByController
FN:151,getSystemWidgets
FNF:3
FNH:1
FNDA:3,getWidget
FNDA:0,getWidgetsByController
FNDA:0,getSystemWidgets
DA:28,1
DA:143,1
DA:144,3
DA:147,1
DA:148,0
DA:151,1
DA:152,0
LF:7
LH:5
BRDA:148,0,0,0
BRDA:148,0,1,0
BRDA:152,1,0,0
BRDA:152,1,1,0
BRF:4
BRH:0
end_of_record
TN:
SF:src/tools/addon-tool.ts
FN:4,getAddonStructure
FN:18,(anonymous_1)
FN:22,(anonymous_2)
FN:70,getComponentApi
FN:73,(anonymous_4)
FN:80,(anonymous_5)
FN:93,listComponents
FN:96,(anonymous_7)
FN:106,validateAddon
FN:172,(anonymous_9)
FN:187,(anonymous_10)
FN:192,(anonymous_11)
FN:211,getFieldTypes
FN:225,(anonymous_13)
FN:234,getCodeExample
FN:1143,(anonymous_15)
FN:1144,(anonymous_16)
FN:1150,(anonymous_17)
FN:1151,(anonymous_18)
FN:1159,(anonymous_19)
FNF:20
FNH:20
FNDA:4,getAddonStructure
FNDA:15,(anonymous_1)
FNDA:25,(anonymous_2)
FNDA:5,getComponentApi
FNDA:55,(anonymous_4)
FNDA:50,(anonymous_5)
FNDA:2,listComponents
FNDA:50,(anonymous_7)
FNDA:2,validateAddon
FNDA:5,(anonymous_9)
FNDA:5,(anonymous_10)
FNDA:5,(anonymous_11)
FNDA:3,getFieldTypes
FNDA:30,(anonymous_13)
FNDA:2,getCodeExample
FNDA:70,(anonymous_15)
FNDA:283,(anonymous_16)
FNDA:35,(anonymous_17)
FNDA:35,(anonymous_18)
FNDA:1,(anonymous_19)
DA:1,1
DA:2,1
DA:4,1
DA:5,4
DA:7,4
DA:8,1
DA:14,3
DA:18,15
DA:22,25
DA:70,1
DA:71,5
DA:72,5
DA:73,55
DA:77,5
DA:78,2
DA:80,50
DA:84,3
DA:93,1
DA:94,2
DA:96,50
DA:106,1
DA:107,2
DA:108,2
DA:109,2
DA:111,2
DA:114,2
DA:115,2
DA:116,8
DA:117,3
DA:122,2
DA:123,1
DA:124,1
DA:125,1
DA:126,1
DA:127,1
DA:131,2
DA:132,2
DA:133,2
DA:134,1
DA:136,2
DA:137,1
DA:142,2
DA:143,0
DA:144,0
DA:145,0
DA:150,2
DA:151,1
DA:152,1
DA:153,0
DA:155,1
DA:156,0
DA:161,2
DA:162,1
DA:163,1
DA:164,0
DA:166,1
DA:167,0
DA:172,5
DA:173,2
DA:174,0
DA:175,0
DA:176,0
DA:178,0
DA:179,0
DA:181,0
DA:182,0
DA:187,5
DA:188,2
DA:192,5
DA:193,2
DA:195,2
DA:196,2
DA:199,2
DA:211,1
DA:212,3
DA:213,1
DA:214,1
DA:215,0
DA:220,1
DA:223,2
DA:225,30
DA:234,1
DA:235,2
DA:237,2
DA:1143,2
DA:1144,283
DA:1147,2
DA:1148,1
DA:1150,35
DA:1151,35
DA:1156,1
DA:1159,1
LF:92
LH:77
BRDA:4,0,0,0
BRDA:7,1,0,1
BRDA:7,1,1,3
BRDA:17,2,0,3
BRDA:17,2,1,0
BRDA:73,3,0,55
BRDA:73,3,1,52
BRDA:77,4,0,2
BRDA:77,4,1,3
BRDA:116,5,0,3
BRDA:116,5,1,5
BRDA:122,6,0,1
BRDA:122,6,1,1
BRDA:124,7,0,0
BRDA:124,7,1,1
BRDA:125,8,0,0
BRDA:125,8,1,1
BRDA:126,9,0,0
BRDA:126,9,1,1
BRDA:127,10,0,1
BRDA:127,10,1,0
BRDA:131,11,0,2
BRDA:131,11,1,0
BRDA:133,12,0,1
BRDA:133,12,1,1
BRDA:133,13,0,2
BRDA:133,13,1,1
BRDA:136,14,0,1
BRDA:136,14,1,1
BRDA:136,15,0,2
BRDA:136,15,1,1
BRDA:142,16,0,0
BRDA:142,16,1,2
BRDA:144,17,0,0
BRDA:144,17,1,0
BRDA:150,18,0,1
BRDA:150,18,1,1
BRDA:152,19,0,0
BRDA:152,19,1,1
BRDA:155,20,0,0
BRDA:155,20,1,1
BRDA:161,21,0,1
BRDA:161,21,1,1
BRDA:163,22,0,0
BRDA:163,22,1,1
BRDA:166,23,0,0
BRDA:166,23,1,1
BRDA:175,24,0,0
BRDA:175,24,1,0
BRDA:175,25,0,0
BRDA:175,25,1,0
BRDA:178,26,0,0
BRDA:178,26,1,0
BRDA:178,27,0,0
BRDA:178,27,1,0
BRDA:181,28,0,0
BRDA:181,28,1,0
BRDA:181,29,0,0
BRDA:181,29,1,0
BRDA:187,30,0,2
BRDA:187,30,1,0
BRDA:192,31,0,2
BRDA:192,31,1,0
BRDA:195,32,0,2
BRDA:195,32,1,0
BRDA:205,33,0,1
BRDA:205,33,1,1
BRDA:212,34,0,1
BRDA:212,34,1,2
BRDA:213,35,0,1
BRDA:213,35,1,0
BRDA:214,36,0,0
BRDA:214,36,1,1
BRDA:1147,37,0,1
BRDA:1147,37,1,1
BRF:75
BRH:44
end_of_record
TN:
SF:src/tools/controllers-tool.ts
FN:3,analyzeController
FN:8,(anonymous_1)
FN:10,(anonymous_2)
FN:33,(anonymous_3)
FN:49,listControllers
FN:53,(anonymous_5)
FN:55,(anonymous_6)
FN:76,(anonymous_7)
FN:87,getControllerActionsList
FN:97,(anonymous_9)
FN:109,listSystemTraits
FNF:11
FNH:8
FNDA:2,analyzeController
FNDA:0,(anonymous_1)
FNDA:0,(anonymous_2)
FNDA:176,(anonymous_3)
FNDA:2,listControllers
FNDA:61,(anonymous_5)
FNDA:0,(anonymous_6)
FNDA:96,(anonymous_7)
FNDA:1,getControllerActionsList
FNDA:32,(anonymous_9)
FNDA:1,listSystemTraits
DA:1,1
DA:3,1
DA:4,2
DA:6,2
DA:7,0
DA:8,0
DA:10,0
DA:12,0
DA:18,2
DA:19,2
DA:20,176
DA:21,3
DA:25,2
DA:33,176
DA:49,1
DA:50,2
DA:52,2
DA:53,61
DA:54,1
DA:55,0
DA:58,2
DA:63,2
DA:64,96
DA:73,2
DA:76,96
DA:87,1
DA:88,1
DA:90,1
DA:91,0
DA:94,1
DA:97,32
DA:109,1
DA:110,1
DA:112,1
DA:113,61
DA:114,342
DA:115,10
DA:116,10
DA:117,10
DA:119,10
DA:120,3
DA:122,10
DA:127,1
DA:128,1
DA:129,3
DA:132,1
LF:46
LH:40
BRDA:6,0,0,0
BRDA:6,0,1,2
BRDA:52,1,0,1
BRDA:52,1,1,1
BRDA:54,2,0,0
BRDA:54,2,1,1
BRDA:90,3,0,0
BRDA:90,3,1,1
BRDA:119,4,0,3
BRDA:119,4,1,7
BRF:10
BRH:7
end_of_record
TN:
SF:src/tools/db-tool.ts
FN:4,introspectDatabase
FN:7,(anonymous_1)
FN:12,(anonymous_2)
FN:16,(anonymous_3)
FN:28,(anonymous_4)
FN:36,(anonymous_5)
FN:47,(anonymous_6)
FN:51,(anonymous_7)
FN:57,listContentTypes
FN:58,(anonymous_9)
FN:64,(anonymous_10)
FN:68,(anonymous_11)
FN:73,(anonymous_12)
FN:78,(anonymous_13)
FN:78,(anonymous_14)
FN:84,listDatabaseEvents
FN:87,(anonymous_16)
FN:92,(anonymous_17)
FN:100,describeTable
FN:102,(anonymous_19)
FN:123,(anonymous_20)
FN:132,(anonymous_21)
FN:142,findRelationships
FN:161,(anonymous_23)
FN:175,generateSummary
FN:195,generateSampleQuery
FN:196,(anonymous_26)
FN:207,(anonymous_27)
FN:211,(anonymous_28)
FNF:29
FNH:25
FNDA:2,introspectDatabase
FNDA:26,(anonymous_1)
FNDA:0,(anonymous_2)
FNDA:0,(anonymous_3)
FNDA:4,(anonymous_4)
FNDA:2,(anonymous_5)
FNDA:50,(anonymous_6)
FNDA:55,(anonymous_7)
FNDA:1,listContentTypes
FNDA:9,(anonymous_9)
FNDA:30,(anonymous_10)
FNDA:27,(anonymous_11)
FNDA:27,(anonymous_12)
FNDA:34,(anonymous_13)
FNDA:0,(anonymous_14)
FNDA:1,listDatabaseEvents
FNDA:13,(anonymous_16)
FNDA:95,(anonymous_17)
FNDA:1,describeTable
FNDA:26,(anonymous_19)
FNDA:4,(anonymous_20)
FNDA:2,(anonymous_21)
FNDA:2,findRelationships
FNDA:0,(anonymous_23)
FNDA:1,generateSummary
FNDA:1,generateSampleQuery
FNDA:2,(anonymous_26)
FNDA:4,(anonymous_27)
FNDA:4,(anonymous_28)
DA:1,1
DA:2,1
DA:4,1
DA:5,2
DA:6,1
DA:7,26
DA:10,1
DA:11,0
DA:12,0
DA:14,0
DA:16,0
DA:23,1
DA:28,4
DA:36,2
DA:45,1
DA:47,50
DA:51,55
DA:57,1
DA:58,9
DA:60,1
DA:61,0
DA:64,30
DA:66,1
DA:68,27
DA:73,27
DA:78,34
DA:84,1
DA:85,1
DA:87,13
DA:92,95
DA:100,1
DA:101,1
DA:102,26
DA:105,1
DA:106,0
DA:109,1
DA:110,1
DA:111,4
DA:112,4
DA:115,1
DA:123,4
DA:132,2
DA:143,2
DA:144,2
DA:146,2
DA:147,100
DA:148,992
DA:149,0
DA:150,0
DA:159,100
DA:160,0
DA:161,0
DA:162,0
DA:172,2
DA:176,1
DA:184,1
DA:185,50
DA:186,34
DA:187,22
DA:188,18
DA:189,17
DA:192,1
DA:196,2
DA:197,1
DA:199,1
DA:207,4
DA:211,4
LF:67
LH:56
BRDA:5,0,0,1
BRDA:5,0,1,1
BRDA:7,1,0,26
BRDA:7,1,1,26
BRDA:10,2,0,0
BRDA:10,2,1,1
BRDA:12,3,0,0
BRDA:12,3,1,0
BRDA:12,3,2,0
BRDA:60,4,0,0
BRDA:60,4,1,1
BRDA:73,5,0,27
BRDA:73,5,1,27
BRDA:75,6,0,1
BRDA:75,6,1,0
BRDA:102,7,0,26
BRDA:102,7,1,26
BRDA:102,7,2,26
BRDA:105,8,0,0
BRDA:105,8,1,1
BRDA:112,9,0,4
BRDA:112,9,1,2
BRDA:148,10,0,0
BRDA:148,10,1,992
BRDA:148,11,0,992
BRDA:148,11,1,992
BRDA:149,12,0,0
BRDA:149,12,1,0
BRDA:159,13,0,0
BRDA:159,13,1,100
BRDA:159,14,0,100
BRDA:159,14,1,2
BRDA:161,15,0,0
BRDA:161,15,1,0
BRDA:161,16,0,0
BRDA:161,16,1,0
BRDA:185,17,0,16
BRDA:185,17,1,34
BRDA:186,18,0,12
BRDA:186,18,1,22
BRDA:186,19,0,34
BRDA:186,19,1,27
BRDA:187,20,0,4
BRDA:187,20,1,18
BRDA:188,21,0,1
BRDA:188,21,1,17
BRDA:197,22,0,1
BRDA:197,22,1,1
BRDA:207,23,0,0
BRDA:207,23,1,1
BRDA:211,24,0,0
BRDA:211,24,1,1
BRF:52
BRH:35
end_of_record
TN:
SF:src/tools/hooks-tool.ts
FN:3,listHooks
FN:7,(anonymous_1)
FN:10,(anonymous_2)
FN:16,(anonymous_3)
FN:27,getHookDetails
FN:29,(anonymous_5)
FN:34,(anonymous_6)
FN:41,(anonymous_7)
FN:43,(anonymous_8)
FN:74,searchHooks
FN:77,(anonymous_10)
FN:81,(anonymous_11)
FN:87,(anonymous_12)
FN:96,buildClassName
FN:100,(anonymous_14)
FNF:15
FNH:14
FNDA:5,listHooks
FNDA:204,(anonymous_1)
FNDA:102,(anonymous_2)
FNDA:279,(anonymous_3)
FNDA:4,getHookDetails
FNDA:130,(anonymous_5)
FNDA:102,(anonymous_6)
FNDA:102,(anonymous_7)
FNDA:0,(anonymous_8)
FNDA:2,searchHooks
FNDA:204,(anonymous_10)
FNDA:270,(anonymous_11)
FNDA:24,(anonymous_12)
FNDA:3,buildClassName
FNDA:10,(anonymous_14)
DA:1,1
DA:3,1
DA:4,5
DA:6,5
DA:7,204
DA:9,5
DA:10,102
DA:13,5
DA:16,279
DA:27,1
DA:29,130
DA:32,4
DA:33,1
DA:34,102
DA:37,4
DA:39,1
DA:40,1
DA:41,102
DA:43,0
DA:45,1
DA:52,3
DA:54,3
DA:74,1
DA:75,2
DA:77,2
DA:78,204
DA:81,270
DA:84,2
DA:87,24
DA:98,3
DA:100,10
DA:102,3
LF:32
LH:31
BRDA:6,0,0,2
BRDA:6,0,1,3
BRDA:9,1,0,1
BRDA:9,1,1,4
BRDA:10,2,0,102
BRDA:10,2,1,60
BRDA:32,3,0,1
BRDA:32,3,1,3
BRDA:37,4,0,1
BRDA:37,4,1,3
BRDA:41,5,0,102
BRDA:41,5,1,102
BRDA:65,6,0,1
BRDA:65,6,1,2
BRDA:78,7,0,204
BRDA:78,7,1,192
BRDA:78,7,2,192
BRDA:78,7,3,182
BRF:18
BRH:18
end_of_record
TN:
SF:src/tools/layout-tool.ts
FN:95,yamlNull
FN:100,yamlQ
FN:106,yamlBare
FN:112,yamlJsonOpts
FN:119,yamlLiteral
FN:120,(anonymous_5)
FN:124,indent
FN:147,scaffoldLayoutScheme
FN:306,(anonymous_8)
FN:306,(anonymous_9)
FN:331,(anonymous_10)
FN:353,(anonymous_11)
FN:684,listLayoutPresets
FN:685,(anonymous_13)
FN:689,(anonymous_14)
FN:690,(anonymous_15)
FNF:16
FNH:13
FNDA:0,yamlNull
FNDA:5,yamlQ
FNDA:7,yamlBare
FNDA:2,yamlJsonOpts
FNDA:0,yamlLiteral
FNDA:0,(anonymous_5)
FNDA:25,indent
FNDA:1,scaffoldLayoutScheme
FNDA:1,(anonymous_8)
FNDA:1,(anonymous_9)
FNDA:1,(anonymous_10)
FNDA:1,(anonymous_11)
FNDA:1,listLayoutPresets
FNDA:3,(anonymous_13)
FNDA:14,(anonymous_14)
FNDA:24,(anonymous_15)
DA:96,0
DA:101,5
DA:102,5
DA:107,7
DA:108,7
DA:113,2
DA:115,2
DA:120,0
DA:121,0
DA:125,25
DA:147,1
DA:148,1
DA:149,1
DA:152,1
DA:153,1
DA:154,1
DA:155,1
DA:172,1
DA:174,1
DA:176,1
DA:177,1
DA:178,1
DA:179,1
DA:181,1
DA:182,1
DA:183,1
DA:184,1
DA:186,1
DA:193,1
DA:194,1
DA:197,1
DA:201,1
DA:204,1
DA:207,1
DA:209,1
DA:210,1
DA:213,1
DA:214,1
DA:215,0
DA:216,0
DA:217,0
DA:219,0
DA:224,1
DA:236,1
DA:238,1
DA:239,1
DA:240,1
DA:242,1
DA:243,1
DA:244,1
DA:245,1
DA:246,1
DA:247,1
DA:248,1
DA:249,1
DA:253,1
DA:255,1
DA:256,1
DA:257,1
DA:258,1
DA:261,1
DA:275,1
DA:276,1
DA:277,1
DA:278,1
DA:279,1
DA:280,1
DA:281,1
DA:282,1
DA:283,1
DA:284,1
DA:287,1
DA:288,0
DA:290,1
DA:293,1
DA:298,1
DA:299,1
DA:300,1
DA:301,1
DA:303,1
DA:306,1
DA:307,1
DA:310,1
DA:311,1
DA:312,1
DA:313,0
DA:317,1
DA:318,1
DA:321,1
DA:331,1
DA:348,1
DA:353,1
DA:365,1
DA:684,1
DA:685,3
DA:690,24
LF:96
LH:87
BRDA:101,0,0,0
BRDA:101,0,1,5
BRDA:101,1,0,5
BRDA:101,1,1,5
BRDA:107,2,0,0
BRDA:107,2,1,7
BRDA:107,3,0,7
BRDA:107,3,1,7
BRDA:148,4,0,1
BRDA:148,4,1,0
BRDA:149,5,0,1
BRDA:149,5,1,0
BRDA:181,6,0,1
BRDA:181,6,1,0
BRDA:184,7,0,1
BRDA:184,7,1,1
BRDA:214,8,0,0
BRDA:214,8,1,1
BRDA:216,9,0,0
BRDA:216,9,1,0
BRDA:225,10,0,0
BRDA:225,10,1,1
BRDA:228,11,0,0
BRDA:228,11,1,1
BRDA:229,12,0,1
BRDA:229,12,1,1
BRDA:230,13,0,1
BRDA:230,13,1,1
BRDA:231,14,0,1
BRDA:231,14,1,1
BRDA:232,15,0,1
BRDA:232,15,1,1
BRDA:236,16,0,0
BRDA:236,16,1,1
BRDA:243,17,0,1
BRDA:243,17,1,0
BRDA:246,18,0,0
BRDA:246,18,1,1
BRDA:246,19,0,0
BRDA:246,19,1,0
BRDA:247,20,0,0
BRDA:247,20,1,1
BRDA:248,21,0,1
BRDA:248,21,1,0
BRDA:258,22,0,1
BRDA:258,22,1,1
BRDA:262,23,0,0
BRDA:262,23,1,1
BRDA:263,24,0,1
BRDA:263,24,1,1
BRDA:264,25,0,1
BRDA:264,25,1,1
BRDA:265,26,0,1
BRDA:265,26,1,1
BRDA:266,27,0,1
BRDA:266,27,1,1
BRDA:267,28,0,1
BRDA:267,28,1,1
BRDA:268,29,0,1
BRDA:268,29,1,1
BRDA:269,30,0,1
BRDA:269,30,1,1
BRDA:270,31,0,1
BRDA:270,31,1,1
BRDA:271,32,0,1
BRDA:271,32,1,1
BRDA:272,33,0,1
BRDA:272,33,1,1
BRDA:282,34,0,1
BRDA:282,34,1,1
BRDA:283,35,0,1
BRDA:283,35,1,0
BRDA:284,36,0,0
BRDA:284,36,1,1
BRDA:287,37,0,0
BRDA:287,37,1,1
BRDA:287,38,0,1
BRDA:287,38,1,0
BRDA:312,39,0,0
BRDA:312,39,1,1
BRDA:312,40,0,1
BRDA:312,40,1,0
BRDA:317,41,0,1
BRDA:317,41,1,0
BRDA:690,42,0,14
BRDA:690,42,1,0
BRDA:690,43,0,24
BRDA:690,43,1,0
BRF:88
BRH:61
end_of_record
TN:
SF:src/tools/maria-tool.ts
FN:3,mariaExecuteQuery
FN:25,mariaListTables
FN:33,mariaDescribeTable
FN:46,(anonymous_3)
FN:55,(anonymous_4)
FN:64,mariaGetDatabaseInfo
FN:68,mariaShowIndexes
FN:79,mariaSearchTables
FN:81,(anonymous_8)
FN:92,mariaGetTableData
FNF:10
FNH:0
FNDA:0,mariaExecuteQuery
FNDA:0,mariaListTables
FNDA:0,mariaDescribeTable
FNDA:0,(anonymous_3)
FNDA:0,(anonymous_4)
FNDA:0,mariaGetDatabaseInfo
FNDA:0,mariaShowIndexes
FNDA:0,mariaSearchTables
FNDA:0,(anonymous_8)
FNDA:0,mariaGetTableData
DA:1,0
DA:3,0
DA:4,0
DA:6,0
DA:7,0
DA:15,0
DA:25,0
DA:26,0
DA:27,0
DA:33,0
DA:34,0
DA:36,0
DA:37,0
DA:42,0
DA:46,0
DA:55,0
DA:64,0
DA:65,0
DA:68,0
DA:69,0
DA:70,0
DA:79,0
DA:80,0
DA:81,0
DA:82,0
DA:85,0
DA:92,0
DA:102,0
DA:103,0
DA:104,0
DA:105,0
DA:107,0
DA:108,0
DA:110,0
DA:111,0
DA:112,0
DA:113,0
DA:114,0
DA:116,0
DA:117,0
DA:121,0
DA:122,0
DA:124,0
DA:126,0
DA:127,0
DA:133,0
LF:46
LH:0
BRDA:6,0,0,0
BRDA:6,0,1,0
BRDA:36,1,0,0
BRDA:36,1,1,0
BRDA:102,2,0,0
BRDA:102,2,1,0
BRDA:103,3,0,0
BRDA:103,3,1,0
BRDA:104,4,0,0
BRDA:104,4,1,0
BRDA:105,5,0,0
BRDA:105,5,1,0
BRDA:110,6,0,0
BRDA:110,6,1,0
BRDA:116,7,0,0
BRDA:116,7,1,0
BRDA:126,8,0,0
BRDA:126,8,1,0
BRF:18
BRH:0
end_of_record
TN:
SF:src/tools/mariadb.ts
FN:48,getConnection
FN:58,getPool
FN:75,executeQuery
FN:82,(anonymous_12)
FN:105,getTableInfo
FN:139,(anonymous_14)
FN:148,(anonymous_15)
FN:158,listTables
FN:167,(anonymous_17)
FN:170,getDatabaseInfo
FN:213,describeTable
FN:217,showIndexes
FN:221,closePool
FNF:13
FNH:0
FNDA:0,getConnection
FNDA:0,getPool
FNDA:0,executeQuery
FNDA:0,(anonymous_12)
FNDA:0,getTableInfo
FNDA:0,(anonymous_14)
FNDA:0,(anonymous_15)
FNDA:0,listTables
FNDA:0,(anonymous_17)
FNDA:0,getDatabaseInfo
FNDA:0,describeTable
FNDA:0,showIndexes
FNDA:0,closePool
DA:1,0
DA:46,0
DA:49,0
DA:50,0
DA:51,0
DA:52,0
DA:53,0
DA:55,0
DA:58,0
DA:59,0
DA:60,0
DA:61,0
DA:72,0
DA:75,0
DA:76,0
DA:78,0
DA:79,0
DA:80,0
DA:82,0
DA:83,0
DA:85,0
DA:93,0
DA:94,0
DA:105,0
DA:106,0
DA:132,0
DA:133,0
DA:136,0
DA:139,0
DA:148,0
DA:158,0
DA:159,0
DA:167,0
DA:170,0
DA:176,0
DA:187,0
DA:188,0
DA:189,0
DA:190,0
DA:192,0
DA:193,0
DA:194,0
DA:195,0
DA:198,0
DA:199,0
DA:201,0
DA:213,0
DA:214,0
DA:217,0
DA:218,0
DA:221,0
DA:222,0
DA:223,0
DA:224,0
LF:54
LH:0
BRDA:49,0,0,0
BRDA:49,0,1,0
BRDA:50,1,0,0
BRDA:50,1,1,0
BRDA:51,2,0,0
BRDA:51,2,1,0
BRDA:52,3,0,0
BRDA:52,3,1,0
BRDA:53,4,0,0
BRDA:53,4,1,0
BRDA:59,5,0,0
BRDA:59,5,1,0
BRDA:82,6,0,0
BRDA:82,6,1,0
BRDA:83,7,0,0
BRDA:83,7,1,0
BRDA:87,8,0,0
BRDA:87,8,1,0
BRDA:100,9,0,0
BRDA:100,9,1,0
BRDA:132,10,0,0
BRDA:132,10,1,0
BRDA:132,11,0,0
BRDA:132,11,1,0
BRDA:143,12,0,0
BRDA:143,12,1,0
BRDA:150,13,0,0
BRDA:150,13,1,0
BRDA:193,14,0,0
BRDA:193,14,1,0
BRDA:194,15,0,0
BRDA:194,15,1,0
BRDA:195,16,0,0
BRDA:195,16,1,0
BRDA:199,17,0,0
BRDA:199,17,1,0
BRDA:222,18,0,0
BRDA:222,18,1,0
BRF:38
BRH:0
end_of_record
TN:
SF:src/tools/migration-tool.ts
FN:25,generateMigration
FN:32,(anonymous_1)
FN:34,(anonymous_2)
FN:62,(anonymous_3)
FN:103,(anonymous_4)
FN:144,generateFieldSuggestions
FNF:6
FNH:6
FNDA:2,generateMigration
FNDA:3,(anonymous_1)
FNDA:5,(anonymous_2)
FNDA:5,(anonymous_3)
FNDA:5,(anonymous_4)
FNDA:7,generateFieldSuggestions
DA:25,1
DA:31,2
DA:32,3
DA:34,2
DA:35,5
DA:37,5
DA:38,4
DA:41,5
DA:42,1
DA:43,0
DA:44,1
DA:45,0
DA:47,1
DA:51,5
DA:52,0
DA:55,5
DA:56,1
DA:59,5
DA:62,5
DA:63,2
DA:66,2
DA:67,2
DA:69,2
DA:70,5
DA:71,0
DA:72,0
DA:73,0
DA:74,0
DA:75,0
DA:80,2
DA:81,0
DA:82,0
DA:83,0
DA:84,0
DA:85,0
DA:87,0
DA:92,2
DA:94,2
DA:98,2
DA:104,5
DA:105,5
DA:106,5
DA:107,5
DA:108,5
DA:110,5
DA:123,2
DA:144,1
DA:145,7
DA:177,7
LF:49
LH:35
BRDA:37,0,0,4
BRDA:37,0,1,1
BRDA:41,1,0,1
BRDA:41,1,1,4
BRDA:42,2,0,0
BRDA:42,2,1,1
BRDA:44,3,0,0
BRDA:44,3,1,1
BRDA:51,4,0,0
BRDA:51,4,1,5
BRDA:55,5,0,1
BRDA:55,5,1,4
BRDA:62,6,0,2
BRDA:62,6,1,0
BRDA:70,7,0,0
BRDA:70,7,1,5
BRDA:70,8,0,5
BRDA:70,8,1,0
BRDA:70,8,2,0
BRDA:72,9,0,0
BRDA:72,9,1,0
BRDA:74,10,0,0
BRDA:74,10,1,0
BRDA:80,11,0,0
BRDA:80,11,1,2
BRDA:82,12,0,0
BRDA:82,12,1,0
BRDA:84,13,0,0
BRDA:84,13,1,0
BRDA:96,14,0,0
BRDA:96,14,1,2
BRDA:105,15,0,1
BRDA:105,15,1,4
BRDA:106,16,0,1
BRDA:106,16,1,4
BRDA:107,17,0,0
BRDA:107,17,1,5
BRDA:108,18,0,1
BRDA:108,18,1,4
BRDA:110,19,0,2
BRDA:110,19,1,3
BRDA:112,20,0,0
BRDA:112,20,1,2
BRDA:177,21,0,7
BRDA:177,21,1,0
BRF:45
BRH:25
end_of_record
TN:
SF:src/tools/requirement-tool.ts
FN:19,analyzeRequirement
FN:177,generateName
FN:181,(anonymous_2)
FN:193,generateTitle
FN:197,(anonymous_4)
FN:201,(anonymous_5)
FN:205,suggestAddonStructure
FN:218,(anonymous_7)
FNF:8
FNH:8
FNDA:1,analyzeRequirement
FNDA:1,generateName
FNDA:2,(anonymous_2)
FNDA:1,generateTitle
FNDA:2,(anonymous_4)
FNDA:2,(anonymous_5)
FNDA:1,suggestAddonStructure
FNDA:9,(anonymous_7)
DA:1,1
DA:19,1
DA:20,1
DA:22,1
DA:23,1
DA:24,1
DA:25,1
DA:26,1
DA:28,1
DA:29,1
DA:31,1
DA:32,1
DA:34,1
DA:35,0
DA:36,0
DA:37,0
DA:38,0
DA:41,1
DA:42,0
DA:43,0
DA:44,0
DA:47,1
DA:48,0
DA:49,0
DA:52,1
DA:53,0
DA:54,0
DA:57,1
DA:58,0
DA:59,0
DA:60,0
DA:63,1
DA:64,0
DA:65,0
DA:68,1
DA:69,0
DA:70,0
DA:73,1
DA:74,0
DA:75,0
DA:78,1
DA:79,0
DA:80,0
DA:83,1
DA:84,0
DA:88,0
DA:91,1
DA:92,0
DA:93,0
DA:96,1
DA:97,0
DA:98,0
DA:99,0
DA:102,1
DA:103,0
DA:104,0
DA:107,1
DA:108,0
DA:109,0
DA:112,1
DA:113,0
DA:114,0
DA:115,0
DA:118,1
DA:119,0
DA:120,0
DA:121,0
DA:124,1
DA:125,0
DA:126,0
DA:129,1
DA:130,1
DA:134,1
DA:138,1
DA:139,1
DA:142,1
DA:143,0
DA:147,0
DA:148,0
DA:151,1
DA:152,0
DA:156,0
DA:157,0
DA:158,0
DA:161,1
DA:163,1
DA:178,1
DA:181,2
DA:184,1
DA:186,1
DA:187,0
DA:190,1
DA:194,1
DA:197,2
DA:200,1
DA:201,2
DA:205,1
DA:206,1
DA:208,1
DA:209,0
DA:215,1
DA:218,9
LF:102
LH:52
BRDA:34,0,0,0
BRDA:34,0,1,1
BRDA:34,1,0,1
BRDA:34,1,1,1
BRDA:34,1,2,1
BRDA:34,1,3,1
BRDA:41,2,0,0
BRDA:41,2,1,1
BRDA:41,3,0,1
BRDA:41,3,1,1
BRDA:41,3,2,1
BRDA:41,3,3,1
BRDA:43,4,0,0
BRDA:43,4,1,0
BRDA:47,5,0,0
BRDA:47,5,1,1
BRDA:47,6,0,1
BRDA:47,6,1,1
BRDA:47,6,2,1
BRDA:52,7,0,0
BRDA:52,7,1,1
BRDA:52,8,0,1
BRDA:52,8,1,1
BRDA:57,9,0,0
BRDA:57,9,1,1
BRDA:57,10,0,1
BRDA:57,10,1,1
BRDA:63,11,0,0
BRDA:63,11,1,1
BRDA:63,12,0,1
BRDA:63,12,1,1
BRDA:68,13,0,0
BRDA:68,13,1,1
BRDA:68,14,0,1
BRDA:68,14,1,1
BRDA:68,14,2,1
BRDA:73,15,0,0
BRDA:73,15,1,1
BRDA:73,16,0,1
BRDA:73,16,1,1
BRDA:78,17,0,0
BRDA:78,17,1,1
BRDA:78,18,0,1
BRDA:78,18,1,1
BRDA:78,18,2,1
BRDA:83,19,0,0
BRDA:83,19,1,1
BRDA:83,20,0,1
BRDA:83,20,1,1
BRDA:91,21,0,0
BRDA:91,21,1,1
BRDA:91,22,0,1
BRDA:91,22,1,1
BRDA:91,22,2,1
BRDA:96,23,0,0
BRDA:96,23,1,1
BRDA:96,24,0,1
BRDA:96,24,1,1
BRDA:102,25,0,0
BRDA:102,25,1,1
BRDA:102,26,0,1
BRDA:102,26,1,1
BRDA:102,26,2,1
BRDA:102,26,3,1
BRDA:107,27,0,0
BRDA:107,27,1,1
BRDA:107,28,0,1
BRDA:107,28,1,1
BRDA:112,29,0,0
BRDA:112,29,1,1
BRDA:112,30,0,1
BRDA:112,30,1,1
BRDA:112,30,2,1
BRDA:118,31,0,0
BRDA:118,31,1,1
BRDA:118,32,0,1
BRDA:118,32,1,1
BRDA:118,32,2,1
BRDA:118,32,3,1
BRDA:124,33,0,0
BRDA:124,33,1,1
BRDA:124,34,0,1
BRDA:124,34,1,1
BRDA:129,35,0,1
BRDA:129,35,1,0
BRDA:129,36,0,1
BRDA:129,36,1,0
BRDA:129,36,2,0
BRDA:129,36,3,0
BRDA:142,37,0,0
BRDA:142,37,1,1
BRDA:142,38,0,1
BRDA:142,38,1,1
BRDA:142,38,2,1
BRDA:151,39,0,0
BRDA:151,39,1,1
BRDA:151,40,0,1
BRDA:151,40,1,1
BRDA:151,40,2,1
BRDA:161,41,0,1
BRDA:161,41,1,0
BRDA:186,42,0,0
BRDA:186,42,1,1
BRDA:190,43,0,1
BRDA:190,43,1,0
BRDA:200,44,0,1
BRDA:200,44,1,0
BRDA:208,45,0,0
BRDA:208,45,1,1
BRF:109
BRH:79
end_of_record
TN:
SF:src/tools/scaffold-tool.ts
FN:14,scaffoldAddon
FN:102,(anonymous_1)
FN:233,(anonymous_2)
FN:321,scaffoldTemplate
FN:421,capitalize
FN:426,generateBackend
FN:473,generateBackendModel
FN:493,generateBackendActionIndex
FN:522,generateBackendActionItems
FN:567,generateBackendActionItemsAdd
FN:625,generateGridItems
FN:692,generateFormItem
FN:729,generateFormOptions
FN:757,generateWidget
FN:795,generateWidgetOptionsForm
FN:826,generateRoutes
FNF:16
FNH:13
FNDA:5,scaffoldAddon
FNDA:2,(anonymous_1)
FNDA:8,(anonymous_2)
FNDA:2,scaffoldTemplate
FNDA:18,capitalize
FNDA:1,generateBackend
FNDA:1,generateBackendModel
FNDA:1,generateBackendActionIndex
FNDA:1,generateBackendActionItems
FNDA:1,generateBackendActionItemsAdd
FNDA:1,generateGridItems
FNDA:1,generateFormItem
FNDA:1,generateFormOptions
FNDA:0,generateWidget
FNDA:0,generateWidgetOptionsForm
FNDA:0,generateRoutes
DA:14,1
DA:15,5
DA:16,5
DA:17,5
DA:18,5
DA:19,5
DA:20,5
DA:21,5
DA:22,5
DA:24,5
DA:27,5
DA:29,5
DA:48,5
DA:63,5
DA:66,5
DA:86,5
DA:101,5
DA:102,2
DA:105,5
DA:125,5
DA:138,5
DA:150,5
DA:181,5
DA:209,5
DA:210,0
DA:215,5
DA:231,5
DA:232,2
DA:233,8
DA:234,2
DA:264,5
DA:266,1
DA:269,1
DA:272,1
DA:275,1
DA:278,1
DA:281,1
DA:284,1
DA:287,1
DA:291,5
DA:292,0
DA:293,0
DA:296,5
DA:321,1
DA:322,2
DA:324,2
DA:403,2
DA:422,18
DA:427,1
DA:474,1
DA:494,1
DA:523,1
DA:568,1
DA:626,1
DA:693,1
DA:730,1
DA:758,0
DA:796,0
DA:827,0
LF:59
LH:53
BRDA:18,0,0,5
BRDA:18,0,1,5
BRDA:19,1,0,5
BRDA:19,1,1,5
BRDA:20,2,0,5
BRDA:20,2,1,5
BRDA:22,3,0,5
BRDA:22,3,1,5
BRDA:35,4,0,5
BRDA:35,4,1,0
BRDA:36,5,0,5
BRDA:36,5,1,5
BRDA:37,6,0,5
BRDA:37,6,1,5
BRDA:101,7,0,5
BRDA:101,7,1,3
BRDA:111,8,0,5
BRDA:111,8,1,5
BRDA:120,9,0,5
BRDA:120,9,1,3
BRDA:209,10,0,0
BRDA:209,10,1,5
BRDA:231,11,0,2
BRDA:231,11,1,3
BRDA:231,12,0,5
BRDA:231,12,1,2
BRDA:264,13,0,1
BRDA:264,13,1,4
BRDA:291,14,0,0
BRDA:291,14,1,5
BRDA:314,15,0,1
BRDA:314,15,1,4
BRDA:329,16,0,2
BRDA:329,16,1,2
BRF:34
BRH:31
end_of_record
TN:
SF:src/tools/source-tool.ts
FN:6,listWidgets
FN:15,(anonymous_1)
FN:25,getWidgetInfo
FN:31,(anonymous_3)
FN:46,listTraits
FN:67,(anonymous_5)
FN:70,(anonymous_6)
FN:79,getTraitInfo
FN:85,(anonymous_8)
FN:94,(anonymous_9)
FN:103,listFields
FN:107,(anonymous_11)
FN:117,getFieldInfo
FN:123,(anonymous_13)
FN:138,listRoutes
FN:144,(anonymous_15)
FN:159,(anonymous_16)
FNF:17
FNH:16
FNDA:1,listWidgets
FNDA:4,(anonymous_1)
FNDA:2,getWidgetInfo
FNDA:4,(anonymous_3)
FNDA:1,listTraits
FNDA:10,(anonymous_5)
FNDA:10,(anonymous_6)
FNDA:1,getTraitInfo
FNDA:0,(anonymous_8)
FNDA:3,(anonymous_9)
FNDA:1,listFields
FNDA:31,(anonymous_11)
FNDA:2,getFieldInfo
FNDA:31,(anonymous_13)
FNDA:4,listRoutes
FNDA:2,(anonymous_15)
FNDA:2,(anonymous_16)
DA:1,1
DA:2,1
DA:3,1
DA:4,1
DA:6,1
DA:7,1
DA:9,1
DA:10,0
DA:13,1
DA:15,4
DA:25,1
DA:26,2
DA:28,2
DA:29,1
DA:31,4
DA:35,1
DA:46,1
DA:47,1
DA:49,1
DA:50,0
DA:53,1
DA:54,1
DA:55,10
DA:56,4
DA:58,10
DA:65,1
DA:67,10
DA:70,10
DA:79,1
DA:80,1
DA:82,1
DA:83,0
DA:85,0
DA:89,1
DA:94,3
DA:103,1
DA:104,1
DA:107,31
DA:117,1
DA:118,2
DA:120,2
DA:121,1
DA:123,31
DA:127,1
DA:138,1
DA:139,4
DA:140,3
DA:141,3
DA:142,1
DA:144,2
DA:147,2
DA:156,1
DA:159,2
LF:53
LH:49
BRDA:9,0,0,0
BRDA:9,0,1,1
BRDA:28,1,0,1
BRDA:28,1,1,1
BRDA:49,2,0,0
BRDA:49,2,1,1
BRDA:55,3,0,4
BRDA:55,3,1,6
BRDA:82,4,0,0
BRDA:82,4,1,1
BRDA:120,5,0,1
BRDA:120,5,1,1
BRDA:139,6,0,3
BRDA:139,6,1,1
BRDA:141,7,0,1
BRDA:141,7,1,2
BRF:16
BRH:13
end_of_record
TN:
SF:src/tools/parser/controllers-parser.ts
FN:34,parsePhpFile
FN:64,(anonymous_10)
FN:75,normalizeControllerName
FN:84,detectControllerType
FN:91,scanControllerDir
FN:185,(anonymous_14)
FN:217,(anonymous_15)
FN:221,(anonymous_16)
FN:240,generateControllersMap
FN:246,(anonymous_18)
FN:322,(anonymous_19)
FN:324,(anonymous_20)
FNF:12
FNH:0
FNDA:0,parsePhpFile
FNDA:0,(anonymous_10)
FNDA:0,normalizeControllerName
FNDA:0,detectControllerType
FNDA:0,scanControllerDir
FNDA:0,(anonymous_14)
FNDA:0,(anonymous_15)
FNDA:0,(anonymous_16)
FNDA:0,generateControllersMap
FNDA:0,(anonymous_18)
FNDA:0,(anonymous_19)
FNDA:0,(anonymous_20)
DA:1,0
DA:2,0
DA:40,0
DA:41,0
DA:43,0
DA:44,0
DA:46,0
DA:47,0
DA:48,0
DA:49,0
DA:50,0
DA:51,0
DA:52,0
DA:53,0
DA:58,0
DA:59,0
DA:62,0
DA:63,0
DA:64,0
DA:65,0
DA:72,0
DA:76,0
DA:77,0
DA:78,0
DA:81,0
DA:85,0
DA:86,0
DA:87,0
DA:88,0
DA:92,0
DA:94,0
DA:96,0
DA:97,0
DA:98,0
DA:100,0
DA:101,0
DA:102,0
DA:103,0
DA:104,0
DA:105,0
DA:107,0
DA:119,0
DA:120,0
DA:121,0
DA:124,0
DA:125,0
DA:126,0
DA:127,0
DA:128,0
DA:129,0
DA:130,0
DA:131,0
DA:133,0
DA:134,0
DA:145,0
DA:146,0
DA:149,0
DA:153,0
DA:154,0
DA:155,0
DA:156,0
DA:168,0
DA:169,0
DA:180,0
DA:184,0
DA:185,0
DA:187,0
DA:188,0
DA:189,0
DA:190,0
DA:192,0
DA:193,0
DA:194,0
DA:195,0
DA:197,0
DA:199,0
DA:200,0
DA:201,0
DA:202,0
DA:203,0
DA:207,0
DA:208,0
DA:209,0
DA:211,0
DA:213,0
DA:217,0
DA:218,0
DA:221,0
DA:223,0
DA:224,0
DA:240,0
DA:241,0
DA:242,0
DA:244,0
DA:246,0
DA:248,0
DA:249,0
DA:250,0
DA:251,0
DA:252,0
DA:256,0
DA:263,0
DA:319,0
DA:320,0
DA:322,0
DA:323,0
DA:324,0
DA:327,0
DA:328,0
DA:329,0
DA:330,0
LF:111
LH:0
BRDA:41,0,0,0
BRDA:41,0,1,0
BRDA:50,1,0,0
BRDA:50,1,1,0
BRDA:50,2,0,0
BRDA:50,2,1,0
BRDA:52,3,0,0
BRDA:52,3,1,0
BRDA:52,4,0,0
BRDA:52,4,1,0
BRDA:52,4,2,0
BRDA:64,5,0,0
BRDA:64,5,1,0
BRDA:76,6,0,0
BRDA:76,6,1,0
BRDA:77,7,0,0
BRDA:77,7,1,0
BRDA:85,8,0,0
BRDA:85,8,1,0
BRDA:86,9,0,0
BRDA:86,9,1,0
BRDA:87,10,0,0
BRDA:87,10,1,0
BRDA:92,11,0,0
BRDA:92,11,1,0
BRDA:97,12,0,0
BRDA:97,12,1,0
BRDA:98,13,0,0
BRDA:98,13,1,0
BRDA:116,14,0,0
BRDA:116,14,1,0
BRDA:119,15,0,0
BRDA:119,15,1,0
BRDA:124,16,0,0
BRDA:124,16,1,0
BRDA:126,17,0,0
BRDA:126,17,1,0
BRDA:145,18,0,0
BRDA:145,18,1,0
BRDA:153,19,0,0
BRDA:153,19,1,0
BRDA:155,20,0,0
BRDA:155,20,1,0
BRDA:164,21,0,0
BRDA:164,21,1,0
BRDA:165,22,0,0
BRDA:165,22,1,0
BRDA:165,23,0,0
BRDA:165,23,1,0
BRDA:184,24,0,0
BRDA:184,24,1,0
BRDA:184,25,0,0
BRDA:184,25,1,0
BRDA:192,26,0,0
BRDA:192,26,1,0
BRDA:192,27,0,0
BRDA:192,27,1,0
BRDA:201,28,0,0
BRDA:201,28,1,0
BRDA:207,29,0,0
BRDA:207,29,1,0
BRDA:211,30,0,0
BRDA:211,30,1,0
BRDA:211,31,0,0
BRDA:211,31,1,0
BRDA:218,32,0,0
BRDA:218,32,1,0
BRDA:223,33,0,0
BRDA:223,33,1,0
BRDA:225,34,0,0
BRDA:225,34,1,0
BRDA:228,35,0,0
BRDA:228,35,1,0
BRDA:229,36,0,0
BRDA:229,36,1,0
BRDA:230,37,0,0
BRDA:230,37,1,0
BRDA:251,38,0,0
BRDA:251,38,1,0
BRDA:327,39,0,0
BRDA:327,39,1,0
BRF:81
BRH:0
end_of_record
TN:
SF:src/tools/parser/core-parser.ts
FN:38,getVisibility
FN:45,extractReturnType
FN:51,cleanDescription
FN:72,isDeprecated
FN:76,extractMethods
FN:152,extractProperties
FN:201,extractConstants
FN:218,parseCoreFile
FN:246,parseAllCoreFiles
FN:259,(anonymous_18)
FN:262,generateCoreAPIData
FN:311,(anonymous_20)
FN:348,(anonymous_21)
FNF:13
FNH:10
FNDA:1655,getVisibility
FNDA:1651,extractReturnType
FNDA:1730,cleanDescription
FNDA:1655,isDeprecated
FNDA:85,extractMethods
FNDA:85,extractProperties
FNDA:85,extractConstants
FNDA:85,parseCoreFile
FNDA:2,parseAllCoreFiles
FNDA:74,(anonymous_18)
FNDA:0,generateCoreAPIData
FNDA:0,(anonymous_20)
FNDA:0,(anonymous_21)
DA:1,1
DA:2,1
DA:3,1
DA:39,1655
DA:40,1547
DA:41,1518
DA:42,1286
DA:46,1651
DA:47,1651
DA:48,311
DA:52,1730
DA:59,1730
DA:61,1730
DA:62,15
DA:65,1715
DA:66,1588
DA:69,127
DA:73,1655
DA:77,85
DA:79,85
DA:80,85
DA:82,85
DA:83,38680
DA:85,38680
DA:86,1657
DA:87,1657
DA:89,1657
DA:90,7145
DA:91,7145
DA:94,1657
DA:95,1657
DA:96,1657
DA:99,1657
DA:101,1657
DA:102,3733
DA:105,1657
DA:107,1657
DA:108,1657
DA:110,1657
DA:111,1655
DA:112,1655
DA:113,1655
DA:114,1655
DA:116,1655
DA:117,1655
DA:118,1174
DA:119,1174
DA:120,2342
DA:121,2342
DA:122,2342
DA:123,2340
DA:124,2340
DA:125,2340
DA:126,2340
DA:135,1655
DA:146,38680
DA:149,85
DA:153,85
DA:155,85
DA:156,85
DA:158,85
DA:159,2132
DA:161,2132
DA:162,75
DA:163,75
DA:165,75
DA:166,175
DA:167,175
DA:170,75
DA:171,75
DA:172,75
DA:175,75
DA:177,75
DA:178,50490
DA:179,0
DA:180,0
DA:181,0
DA:188,0
DA:189,0
DA:191,50490
DA:194,2057
DA:198,85
DA:202,85
DA:204,85
DA:207,85
DA:208,88
DA:215,85
DA:218,1
DA:219,85
DA:221,85
DA:222,85
DA:224,85
DA:225,85
DA:226,85
DA:228,85
DA:229,85
DA:231,85
DA:232,85
DA:233,85
DA:235,85
DA:246,1
DA:247,2
DA:248,2
DA:250,2
DA:252,2
DA:253,76
DA:254,76
DA:255,76
DA:259,74
DA:262,1
DA:263,0
DA:265,0
DA:282,0
DA:283,0
DA:284,0
DA:285,0
DA:286,0
DA:287,0
DA:288,0
DA:289,0
DA:290,0
DA:291,0
DA:294,0
DA:295,0
DA:297,0
DA:298,0
DA:299,0
DA:300,0
DA:301,0
DA:302,0
DA:303,0
DA:304,0
DA:305,0
DA:306,0
DA:307,0
DA:308,0
DA:309,0
DA:310,0
DA:311,0
DA:312,0
DA:313,0
DA:314,0
DA:316,0
DA:317,0
DA:318,0
DA:319,0
DA:321,0
DA:322,0
DA:324,0
DA:325,0
DA:326,0
DA:327,0
DA:329,0
DA:330,0
DA:332,0
DA:334,0
DA:337,1
DA:338,0
DA:339,0
DA:341,0
DA:343,0
DA:345,0
DA:347,0
DA:348,0
DA:349,0
DA:350,0
DA:351,0
DA:352,0
DA:355,0
DA:356,0
DA:357,0
LF:171
LH:106
BRDA:39,0,0,108
BRDA:39,0,1,1547
BRDA:40,1,0,29
BRDA:40,1,1,1518
BRDA:41,2,0,232
BRDA:41,2,1,1286
BRDA:47,3,0,1340
BRDA:47,3,1,311
BRDA:61,4,0,15
BRDA:61,4,1,1715
BRDA:61,5,0,1730
BRDA:61,5,1,1719
BRDA:61,5,2,1715
BRDA:61,5,3,1715
BRDA:65,6,0,1588
BRDA:65,6,1,127
BRDA:65,7,0,1715
BRDA:65,7,1,1713
BRDA:65,7,2,1713
BRDA:85,8,0,1657
BRDA:85,8,1,37023
BRDA:89,9,0,8802
BRDA:89,9,1,8802
BRDA:94,10,0,1657
BRDA:94,10,1,0
BRDA:101,11,0,5390
BRDA:101,11,1,5390
BRDA:105,12,0,0
BRDA:105,12,1,1657
BRDA:110,13,0,1655
BRDA:110,13,1,2
BRDA:111,14,0,1655
BRDA:111,14,1,0
BRDA:114,15,0,1655
BRDA:114,15,1,1651
BRDA:117,16,0,1174
BRDA:117,16,1,481
BRDA:122,17,0,2
BRDA:122,17,1,2340
BRDA:125,18,0,2340
BRDA:125,18,1,0
BRDA:128,19,0,2340
BRDA:128,19,1,1959
BRDA:161,20,0,75
BRDA:161,20,1,2057
BRDA:165,21,0,250
BRDA:165,21,1,250
BRDA:170,22,0,75
BRDA:170,22,1,0
BRDA:177,23,0,50565
BRDA:177,23,1,50490
BRDA:178,24,0,0
BRDA:178,24,1,50490
BRDA:180,25,0,0
BRDA:180,25,1,0
BRDA:222,26,0,0
BRDA:222,26,1,85
BRDA:229,27,0,75
BRDA:229,27,1,10
BRDA:254,28,0,76
BRDA:254,28,1,0
BRDA:285,29,0,0
BRDA:285,29,1,0
BRDA:301,30,0,0
BRDA:301,30,1,0
BRDA:313,31,0,0
BRDA:313,31,1,0
BRDA:321,32,0,0
BRDA:321,32,1,0
BRDA:337,33,0,0
BRDA:337,33,1,1
BRDA:349,34,0,0
BRDA:349,34,1,0
BRF:73
BRH:52
end_of_record
TN:
SF:src/tools/parser/coverage-generator.ts
FN:20,countJsonArrayObjects
FN:101,countJsonArrayValues
FN:118,countHookCategories
FN:125,countTablesWithComment
FN:165,getCoverageStats
FN:265,generateCoverageReport
FNF:6
FNH:0
FNDA:0,countJsonArrayObjects
FNDA:0,countJsonArrayValues
FNDA:0,countHookCategories
FNDA:0,countTablesWithComment
FNDA:0,getCoverageStats
FNDA:0,generateCoverageReport
DA:1,0
DA:2,0
DA:21,0
DA:22,0
DA:23,0
DA:26,0
DA:27,0
DA:28,0
DA:31,0
DA:32,0
DA:33,0
DA:36,0
DA:37,0
DA:38,0
DA:41,0
DA:42,0
DA:43,0
DA:46,0
DA:47,0
DA:48,0
DA:51,0
DA:52,0
DA:53,0
DA:56,0
DA:57,0
DA:58,0
DA:60,0
DA:62,0
DA:63,0
DA:64,0
DA:65,0
DA:67,0
DA:68,0
DA:69,0
DA:70,0
DA:71,0
DA:73,0
DA:74,0
DA:76,0
DA:77,0
DA:80,0
DA:81,0
DA:82,0
DA:83,0
DA:84,0
DA:85,0
DA:89,0
DA:92,0
DA:94,0
DA:98,0
DA:102,0
DA:103,0
DA:104,0
DA:106,0
DA:107,0
DA:109,0
DA:110,0
DA:111,0
DA:115,0
DA:119,0
DA:120,0
DA:121,0
DA:122,0
DA:126,0
DA:127,0
DA:129,0
DA:131,0
DA:132,0
DA:133,0
DA:134,0
DA:135,0
DA:137,0
DA:138,0
DA:140,0
DA:141,0
DA:144,0
DA:145,0
DA:146,0
DA:147,0
DA:148,0
DA:149,0
DA:150,0
DA:151,0
DA:152,0
DA:153,0
DA:159,0
DA:162,0
DA:166,0
DA:182,0
DA:183,0
DA:184,0
DA:185,0
DA:187,0
DA:190,0
DA:191,0
DA:192,0
DA:193,0
DA:195,0
DA:198,0
DA:199,0
DA:200,0
DA:202,0
DA:205,0
DA:206,0
DA:207,0
DA:209,0
DA:210,0
DA:211,0
DA:212,0
DA:213,0
DA:214,0
DA:215,0
DA:217,0
DA:218,0
DA:219,0
DA:222,0
DA:225,0
DA:228,0
DA:229,0
DA:230,0
DA:232,0
DA:235,0
DA:236,0
DA:237,0
DA:238,0
DA:240,0
DA:243,0
DA:244,0
DA:245,0
DA:246,0
DA:248,0
DA:251,0
DA:252,0
DA:253,0
DA:254,0
DA:255,0
DA:256,0
DA:259,0
DA:262,0
DA:266,0
DA:267,0
DA:269,0
DA:270,0
DA:271,0
DA:273,0
DA:274,0
DA:275,0
DA:277,0
DA:427,0
DA:428,0
DA:429,0
DA:430,0
DA:431,0
LF:153
LH:0
BRDA:21,0,0,0
BRDA:21,0,1,0
BRDA:23,1,0,0
BRDA:23,1,1,0
BRDA:26,2,0,0
BRDA:26,2,1,0
BRDA:28,3,0,0
BRDA:28,3,1,0
BRDA:31,4,0,0
BRDA:31,4,1,0
BRDA:33,5,0,0
BRDA:33,5,1,0
BRDA:36,6,0,0
BRDA:36,6,1,0
BRDA:38,7,0,0
BRDA:38,7,1,0
BRDA:41,8,0,0
BRDA:41,8,1,0
BRDA:43,9,0,0
BRDA:43,9,1,0
BRDA:46,10,0,0
BRDA:46,10,1,0
BRDA:48,11,0,0
BRDA:48,11,1,0
BRDA:51,12,0,0
BRDA:51,12,1,0
BRDA:53,13,0,0
BRDA:53,13,1,0
BRDA:65,14,0,0
BRDA:65,14,1,0
BRDA:76,15,0,0
BRDA:76,15,1,0
BRDA:76,16,0,0
BRDA:76,16,1,0
BRDA:80,17,0,0
BRDA:80,17,1,0
BRDA:81,18,0,0
BRDA:81,18,1,0
BRDA:82,19,0,0
BRDA:82,19,1,0
BRDA:84,20,0,0
BRDA:84,20,1,0
BRDA:92,21,0,0
BRDA:92,21,1,0
BRDA:104,22,0,0
BRDA:104,22,1,0
BRDA:110,23,0,0
BRDA:110,23,1,0
BRDA:110,24,0,0
BRDA:110,24,1,0
BRDA:110,24,2,0
BRDA:110,24,3,0
BRDA:120,25,0,0
BRDA:120,25,1,0
BRDA:122,26,0,0
BRDA:122,26,1,0
BRDA:127,27,0,0
BRDA:127,27,1,0
BRDA:140,28,0,0
BRDA:140,28,1,0
BRDA:140,29,0,0
BRDA:140,29,1,0
BRDA:144,30,0,0
BRDA:144,30,1,0
BRDA:145,31,0,0
BRDA:145,31,1,0
BRDA:146,32,0,0
BRDA:146,32,1,0
BRDA:148,33,0,0
BRDA:148,33,1,0
BRDA:150,34,0,0
BRDA:150,34,1,0
BRDA:152,35,0,0
BRDA:152,35,1,0
BRDA:152,36,0,0
BRDA:152,36,1,0
BRDA:152,36,2,0
BRDA:210,37,0,0
BRDA:210,37,1,0
BRDA:214,38,0,0
BRDA:214,38,1,0
BRDA:214,39,0,0
BRDA:214,39,1,0
BRDA:217,40,0,0
BRDA:217,40,1,0
BRDA:218,41,0,0
BRDA:218,41,1,0
BRDA:219,42,0,0
BRDA:219,42,1,0
BRDA:222,43,0,0
BRDA:222,43,1,0
BRDA:254,44,0,0
BRDA:254,44,1,0
BRDA:256,45,0,0
BRDA:256,45,1,0
BRDA:271,46,0,0
BRDA:271,46,1,0
BRDA:275,47,0,0
BRDA:275,47,1,0
BRDA:341,48,0,0
BRDA:341,48,1,0
BRDA:341,49,0,0
BRDA:341,49,1,0
BRF:103
BRH:0
end_of_record
TN:
SF:src/tools/parser/events-parser.ts
FN:21,parseEventsFromSql
FN:71,generateEventsSchema
FNF:2
FNH:0
FNDA:0,parseEventsFromSql
FNDA:0,generateEventsSchema
DA:1,0
DA:2,0
DA:21,0
DA:22,0
DA:24,0
DA:26,0
DA:27,0
DA:37,0
DA:38,0
DA:40,0
DA:41,0
DA:50,0
DA:51,0
DA:53,0
DA:54,0
DA:55,0
DA:57,0
DA:58,0
DA:61,0
DA:71,0
DA:72,0
DA:73,0
DA:74,0
DA:76,0
DA:111,0
DA:112,0
DA:115,0
DA:116,0
DA:117,0
DA:118,0
LF:30
LH:0
BRDA:26,0,0,0
BRDA:26,0,1,0
BRDA:54,1,0,0
BRDA:54,1,1,0
BRDA:115,2,0,0
BRDA:115,2,1,0
BRF:6
BRH:0
end_of_record
TN:
SF:src/tools/parser/fields-parser.ts
FN:85,parseFieldFile
FN:143,extractOptionsBlock
FN:272,(anonymous_11)
FN:308,scanFieldsDir
FN:325,generateFieldsMap
FN:331,(anonymous_14)
FN:338,(anonymous_15)
FNF:7
FNH:0
FNDA:0,parseFieldFile
FNDA:0,extractOptionsBlock
FNDA:0,(anonymous_11)
FNDA:0,scanFieldsDir
FNDA:0,generateFieldsMap
FNDA:0,(anonymous_14)
FNDA:0,(anonymous_15)
DA:1,0
DA:2,0
DA:51,0
DA:86,0
DA:88,0
DA:89,0
DA:91,0
DA:93,0
DA:94,0
DA:96,0
DA:97,0
DA:99,0
DA:100,0
DA:102,0
DA:103,0
DA:105,0
DA:106,0
DA:108,0
DA:109,0
DA:111,0
DA:112,0
DA:114,0
DA:115,0
DA:117,0
DA:118,0
DA:120,0
DA:121,0
DA:123,0
DA:124,0
DA:125,0
DA:126,0
DA:127,0
DA:128,0
DA:129,0
DA:133,0
DA:134,0
DA:135,0
DA:136,0
DA:137,0
DA:138,0
DA:139,0
DA:141,0
DA:144,0
DA:146,0
DA:147,0
DA:149,0
DA:150,0
DA:151,0
DA:152,0
DA:153,0
DA:154,0
DA:156,0
DA:159,0
DA:161,0
DA:162,0
DA:163,0
DA:165,0
DA:166,0
DA:168,0
DA:169,0
DA:170,0
DA:171,0
DA:172,0
DA:173,0
DA:174,0
DA:177,0
DA:180,0
DA:183,0
DA:184,0
DA:185,0
DA:187,0
DA:188,0
DA:189,0
DA:190,0
DA:192,0
DA:195,0
DA:198,0
DA:201,0
DA:202,0
DA:204,0
DA:205,0
DA:206,0
DA:207,0
DA:208,0
DA:211,0
DA:212,0
DA:213,0
DA:218,0
DA:219,0
DA:220,0
DA:223,0
DA:224,0
DA:225,0
DA:228,0
DA:229,0
DA:230,0
DA:233,0
DA:234,0
DA:235,0
DA:238,0
DA:239,0
DA:240,0
DA:243,0
DA:244,0
DA:245,0
DA:248,0
DA:249,0
DA:250,0
DA:251,0
DA:252,0
DA:253,0
DA:254,0
DA:261,0
DA:262,0
DA:263,0
DA:264,0
DA:265,0
DA:266,0
DA:270,0
DA:272,0
DA:273,0
DA:288,0
DA:309,0
DA:311,0
DA:313,0
DA:314,0
DA:316,0
DA:317,0
DA:318,0
DA:319,0
DA:325,0
DA:326,0
DA:327,0
DA:329,0
DA:331,0
DA:333,0
DA:334,0
DA:335,0
DA:338,0
DA:340,0
DA:348,0
DA:421,0
DA:422,0
DA:425,0
DA:426,0
DA:427,0
DA:428,0
LF:147
LH:0
BRDA:89,0,0,0
BRDA:89,0,1,0
BRDA:94,1,0,0
BRDA:94,1,1,0
BRDA:97,2,0,0
BRDA:97,2,1,0
BRDA:100,3,0,0
BRDA:100,3,1,0
BRDA:103,4,0,0
BRDA:103,4,1,0
BRDA:106,5,0,0
BRDA:106,5,1,0
BRDA:109,6,0,0
BRDA:109,6,1,0
BRDA:112,7,0,0
BRDA:112,7,1,0
BRDA:115,8,0,0
BRDA:115,8,1,0
BRDA:118,9,0,0
BRDA:118,9,1,0
BRDA:121,10,0,0
BRDA:121,10,1,0
BRDA:125,11,0,0
BRDA:125,11,1,0
BRDA:134,12,0,0
BRDA:134,12,1,0
BRDA:135,13,0,0
BRDA:135,13,1,0
BRDA:136,14,0,0
BRDA:136,14,1,0
BRDA:137,15,0,0
BRDA:137,15,1,0
BRDA:138,16,0,0
BRDA:138,16,1,0
BRDA:139,17,0,0
BRDA:139,17,1,0
BRDA:151,18,0,0
BRDA:151,18,1,0
BRDA:152,19,0,0
BRDA:152,19,1,0
BRDA:159,20,0,0
BRDA:159,20,1,0
BRDA:159,21,0,0
BRDA:159,21,1,0
BRDA:161,22,0,0
BRDA:161,22,1,0
BRDA:161,23,0,0
BRDA:161,23,1,0
BRDA:161,23,2,0
BRDA:163,24,0,0
BRDA:163,24,1,0
BRDA:169,25,0,0
BRDA:169,25,1,0
BRDA:170,26,0,0
BRDA:170,26,1,0
BRDA:172,27,0,0
BRDA:172,27,1,0
BRDA:177,28,0,0
BRDA:177,28,1,0
BRDA:180,29,0,0
BRDA:180,29,1,0
BRDA:183,30,0,0
BRDA:183,30,1,0
BRDA:188,31,0,0
BRDA:188,31,1,0
BRDA:188,32,0,0
BRDA:188,32,1,0
BRDA:192,33,0,0
BRDA:192,33,1,0
BRDA:195,34,0,0
BRDA:195,34,1,0
BRDA:202,35,0,0
BRDA:202,35,1,0
BRDA:219,36,0,0
BRDA:219,36,1,0
BRDA:224,37,0,0
BRDA:224,37,1,0
BRDA:225,38,0,0
BRDA:225,38,1,0
BRDA:225,39,0,0
BRDA:225,39,1,0
BRDA:229,40,0,0
BRDA:229,40,1,0
BRDA:229,41,0,0
BRDA:229,41,1,0
BRDA:234,42,0,0
BRDA:234,42,1,0
BRDA:239,43,0,0
BRDA:239,43,1,0
BRDA:244,44,0,0
BRDA:244,44,1,0
BRDA:249,45,0,0
BRDA:249,45,1,0
BRDA:253,46,0,0
BRDA:253,46,1,0
BRDA:262,47,0,0
BRDA:262,47,1,0
BRDA:270,48,0,0
BRDA:270,48,1,0
BRDA:272,49,0,0
BRDA:272,49,1,0
BRDA:281,50,0,0
BRDA:281,50,1,0
BRDA:281,51,0,0
BRDA:281,51,1,0
BRDA:282,52,0,0
BRDA:282,52,1,0
BRDA:282,53,0,0
BRDA:282,53,1,0
BRDA:294,54,0,0
BRDA:294,54,1,0
BRDA:303,55,0,0
BRDA:303,55,1,0
BRDA:304,56,0,0
BRDA:304,56,1,0
BRDA:309,57,0,0
BRDA:309,57,1,0
BRDA:314,58,0,0
BRDA:314,58,1,0
BRDA:316,59,0,0
BRDA:316,59,1,0
BRDA:318,60,0,0
BRDA:318,60,1,0
BRDA:425,61,0,0
BRDA:425,61,1,0
BRF:125
BRH:0
end_of_record
TN:
SF:src/tools/parser/sql-parser.ts
FN:36,parseSqlFile
FN:95,parseField
FN:127,parseIndex
FN:130,(anonymous_12)
FN:136,(anonymous_13)
FN:142,(anonymous_14)
FN:148,(anonymous_15)
FN:155,generateDatabaseSchema
FNF:8
FNH:0
FNDA:0,parseSqlFile
FNDA:0,parseField
FNDA:0,parseIndex
FNDA:0,(anonymous_12)
FNDA:0,(anonymous_13)
FNDA:0,(anonymous_14)
FNDA:0,(anonymous_15)
FNDA:0,generateDatabaseSchema
DA:1,0
DA:2,0
DA:34,0
DA:36,0
DA:37,0
DA:38,0
DA:40,0
DA:42,0
DA:43,0
DA:45,0
DA:46,0
DA:48,0
DA:49,0
DA:51,0
DA:52,0
DA:53,0
DA:55,0
DA:56,0
DA:58,0
DA:59,0
DA:61,0
DA:62,0
DA:63,0
DA:65,0
DA:66,0
DA:67,0
DA:68,0
DA:70,0
DA:73,0
DA:74,0
DA:75,0
DA:79,0
DA:87,0
DA:96,0
DA:97,0
DA:99,0
DA:100,0
DA:101,0
DA:103,0
DA:104,0
DA:105,0
DA:106,0
DA:109,0
DA:110,0
DA:111,0
DA:114,0
DA:116,0
DA:128,0
DA:129,0
DA:130,0
DA:131,0
DA:134,0
DA:135,0
DA:136,0
DA:137,0
DA:140,0
DA:141,0
DA:142,0
DA:143,0
DA:146,0
DA:147,0
DA:148,0
DA:149,0
DA:152,0
DA:155,0
DA:156,0
DA:158,0
DA:202,0
DA:203,0
DA:206,0
DA:207,0
DA:208,0
DA:209,0
LF:73
LH:0
BRDA:43,0,0,0
BRDA:43,0,1,0
BRDA:46,1,0,0
BRDA:46,1,1,0
BRDA:49,2,0,0
BRDA:49,2,1,0
BRDA:53,3,0,0
BRDA:53,3,1,0
BRDA:63,4,0,0
BRDA:63,4,1,0
BRDA:65,5,0,0
BRDA:65,5,1,0
BRDA:65,6,0,0
BRDA:65,6,1,0
BRDA:65,6,2,0
BRDA:67,7,0,0
BRDA:67,7,1,0
BRDA:74,8,0,0
BRDA:74,8,1,0
BRDA:97,9,0,0
BRDA:97,9,1,0
BRDA:101,10,0,0
BRDA:101,10,1,0
BRDA:109,11,0,0
BRDA:109,11,1,0
BRDA:110,12,0,0
BRDA:110,12,1,0
BRDA:111,13,0,0
BRDA:111,13,1,0
BRDA:120,14,0,0
BRDA:120,14,1,0
BRDA:121,15,0,0
BRDA:121,15,1,0
BRDA:123,16,0,0
BRDA:123,16,1,0
BRDA:129,17,0,0
BRDA:129,17,1,0
BRDA:135,18,0,0
BRDA:135,18,1,0
BRDA:141,19,0,0
BRDA:141,19,1,0
BRDA:147,20,0,0
BRDA:147,20,1,0
BRDA:206,21,0,0
BRDA:206,21,1,0
BRF:45
BRH:0
end_of_record
TN:
SF:src/tools/parser/traits-parser.ts
FN:26,parseTraitFile
FN:54,(anonymous_10)
FN:72,scanTraitsDir
FN:92,generateTraitsMap
FN:109,(anonymous_13)
FNF:5
FNH:0
FNDA:0,parseTraitFile
FNDA:0,(anonymous_10)
FNDA:0,scanTraitsDir
FNDA:0,generateTraitsMap
FNDA:0,(anonymous_13)
DA:1,0
DA:2,0
DA:27,0
DA:29,0
DA:30,0
DA:32,0
DA:34,0
DA:35,0
DA:37,0
DA:40,0
DA:41,0
DA:42,0
DA:43,0
DA:44,0
DA:48,0
DA:49,0
DA:52,0
DA:53,0
DA:54,0
DA:56,0
DA:63,0
DA:73,0
DA:75,0
DA:77,0
DA:78,0
DA:80,0
DA:81,0
DA:82,0
DA:83,0
DA:84,0
DA:85,0
DA:86,0
DA:92,0
DA:93,0
DA:94,0
DA:96,0
DA:98,0
DA:99,0
DA:100,0
DA:101,0
DA:103,0
DA:106,0
DA:109,0
DA:113,0
DA:154,0
DA:155,0
DA:158,0
DA:159,0
DA:160,0
DA:161,0
LF:50
LH:0
BRDA:30,0,0,0
BRDA:30,0,1,0
BRDA:35,1,0,0
BRDA:35,1,1,0
BRDA:41,2,0,0
BRDA:41,2,1,0
BRDA:43,3,0,0
BRDA:43,3,1,0
BRDA:54,4,0,0
BRDA:54,4,1,0
BRDA:73,5,0,0
BRDA:73,5,1,0
BRDA:80,6,0,0
BRDA:80,6,1,0
BRDA:81,7,0,0
BRDA:81,7,1,0
BRDA:83,8,0,0
BRDA:83,8,1,0
BRDA:85,9,0,0
BRDA:85,9,1,0
BRDA:100,10,0,0
BRDA:100,10,1,0
BRDA:158,11,0,0
BRDA:158,11,1,0
BRF:24
BRH:0
end_of_record
TN:
SF:src/tools/parser/widgets-parser.ts
FN:28,parseWidgetOptionsForm
FN:53,scanWidgetsDir
FN:102,generateWidgetsMap
FNF:3
FNH:0
FNDA:0,parseWidgetOptionsForm
FNDA:0,scanWidgetsDir
FNDA:0,generateWidgetsMap
DA:1,0
DA:2,0
DA:29,0
DA:31,0
DA:32,0
DA:34,0
DA:35,0
DA:36,0
DA:39,0
DA:40,0
DA:41,0
DA:42,0
DA:43,0
DA:44,0
DA:45,0
DA:46,0
DA:47,0
DA:50,0
DA:54,0
DA:56,0
DA:58,0
DA:59,0
DA:60,0
DA:62,0
DA:63,0
DA:64,0
DA:66,0
DA:67,0
DA:69,0
DA:70,0
DA:71,0
DA:72,0
DA:75,0
DA:76,0
DA:77,0
DA:81,0
DA:82,0
DA:83,0
DA:86,0
DA:102,0
DA:103,0
DA:104,0
DA:106,0
DA:108,0
DA:109,0
DA:111,0
DA:112,0
DA:114,0
DA:115,0
DA:116,0
DA:118,0
DA:121,0
DA:129,0
DA:171,0
DA:172,0
DA:175,0
DA:176,0
DA:177,0
DA:178,0
LF:59
LH:0
BRDA:29,0,0,0
BRDA:29,0,1,0
BRDA:43,1,0,0
BRDA:43,1,1,0
BRDA:43,2,0,0
BRDA:43,2,1,0
BRDA:44,3,0,0
BRDA:44,3,1,0
BRDA:44,4,0,0
BRDA:44,4,1,0
BRDA:45,5,0,0
BRDA:45,5,1,0
BRDA:45,6,0,0
BRDA:45,6,1,0
BRDA:46,7,0,0
BRDA:46,7,1,0
BRDA:46,8,0,0
BRDA:46,8,1,0
BRDA:54,9,0,0
BRDA:54,9,1,0
BRDA:59,10,0,0
BRDA:59,10,1,0
BRDA:60,11,0,0
BRDA:60,11,1,0
BRDA:66,12,0,0
BRDA:66,12,1,0
BRDA:70,13,0,0
BRDA:70,13,1,0
BRDA:76,14,0,0
BRDA:76,14,1,0
BRDA:82,15,0,0
BRDA:82,15,1,0
BRDA:92,16,0,0
BRDA:92,16,1,0
BRDA:114,17,0,0
BRDA:114,17,1,0
BRDA:115,18,0,0
BRDA:115,18,1,0
BRDA:175,19,0,0
BRDA:175,19,1,0
BRF:40
BRH:0
end_of_record
